2018/07/03 04:30:33 [error] [exception.CHttpException.404] CHttpException: 无法解析请求 "platform/index.html"。 in C:\Users\Administrator\Desktop\planet_2018\planet\platform\framework\web\CWebApplication.php:286
Stack trace:
#0 C:\Users\Administrator\Desktop\planet_2018\planet\platform\framework\web\CWebApplication.php(141): CWebApplication->runController('platform/index....')
#1 C:\Users\Administrator\Desktop\planet_2018\planet\platform\framework\base\CApplication.php(185): CWebApplication->processRequest()
#2 C:\Users\Administrator\Desktop\planet_2018\planet\platform\platform\index.php(14): CApplication->run()
#3 {main}
REQUEST_URI=/platform/index.html
---
2018/07/03 04:30:33 [error] [exception.CHttpException.404] CHttpException: 无法解析请求 "favicon.ico"。 in C:\Users\Administrator\Desktop\planet_2018\planet\platform\framework\web\CWebApplication.php:286
Stack trace:
#0 C:\Users\Administrator\Desktop\planet_2018\planet\platform\framework\web\CWebApplication.php(141): CWebApplication->runController('favicon.ico')
#1 C:\Users\Administrator\Desktop\planet_2018\planet\platform\framework\base\CApplication.php(185): CWebApplication->processRequest()
#2 C:\Users\Administrator\Desktop\planet_2018\planet\platform\platform\index.php(14): CApplication->run()
#3 {main}
REQUEST_URI=/favicon.ico
HTTP_REFERER=http://localhost:8888/platform/index.html
---
2018/07/03 04:50:48 [error] [exception.CHttpException.404] CHttpException: The system is unable to find the requested action "css". in C:\Users\Administrator\Desktop\planet_2018\planet\platform\framework\web\CController.php:486
Stack trace:
#0 C:\Users\Administrator\Desktop\planet_2018\planet\platform\framework\web\CController.php(270): CController->missingAction('css')
#1 C:\Users\Administrator\Desktop\planet_2018\planet\platform\framework\web\CWebApplication.php(282): CController->run('css')
#2 C:\Users\Administrator\Desktop\planet_2018\planet\platform\framework\web\CWebApplication.php(141): CWebApplication->runController('site/css/layui....')
#3 C:\Users\Administrator\Desktop\planet_2018\planet\platform\framework\base\CApplication.php(185): CWebApplication->processRequest()
#4 C:\Users\Administrator\Desktop\planet_2018\planet\platform\platform\index.php(14): CApplication->run()
#5 {main}
REQUEST_URI=/site/css/layui.css
HTTP_REFERER=http://localhost:8888/site/index
---
2018/07/03 04:50:48 [error] [exception.CHttpException.404] CHttpException: The system is unable to find the requested action "js". in C:\Users\Administrator\Desktop\planet_2018\planet\platform\framework\web\CController.php:486
Stack trace:
#0 C:\Users\Administrator\Desktop\planet_2018\planet\platform\framework\web\CController.php(270): CController->missingAction('js')
#1 C:\Users\Administrator\Desktop\planet_2018\planet\platform\framework\web\CWebApplication.php(282): CController->run('js')
#2 C:\Users\Administrator\Desktop\planet_2018\planet\platform\framework\web\CWebApplication.php(141): CWebApplication->runController('site/js/jquery-...')
#3 C:\Users\Administrator\Desktop\planet_2018\planet\platform\framework\base\CApplication.php(185): CWebApplication->processRequest()
#4 C:\Users\Administrator\Desktop\planet_2018\planet\platform\platform\index.php(14): CApplication->run()
#5 {main}
REQUEST_URI=/site/js/jquery-3.3.1.min.js
HTTP_REFERER=http://localhost:8888/site/index
---
2018/07/03 04:50:48 [error] [exception.CHttpException.404] CHttpException: The system is unable to find the requested action "css". in C:\Users\Administrator\Desktop\planet_2018\planet\platform\framework\web\CController.php:486
Stack trace:
#0 C:\Users\Administrator\Desktop\planet_2018\planet\platform\framework\web\CController.php(270): CController->missingAction('css')
#1 C:\Users\Administrator\Desktop\planet_2018\planet\platform\framework\web\CWebApplication.php(282): CController->run('css')
#2 C:\Users\Administrator\Desktop\planet_2018\planet\platform\framework\web\CWebApplication.php(141): CWebApplication->runController('site/css/reset....')
#3 C:\Users\Administrator\Desktop\planet_2018\planet\platform\framework\base\CApplication.php(185): CWebApplication->processRequest()
#4 C:\Users\Administrator\Desktop\planet_2018\planet\platform\platform\index.php(14): CApplication->run()
#5 {main}
REQUEST_URI=/site/css/reset.css
HTTP_REFERER=http://localhost:8888/site/index
---
2018/07/03 04:50:48 [error] [exception.CHttpException.404] CHttpException: The system is unable to find the requested action "js". in C:\Users\Administrator\Desktop\planet_2018\planet\platform\framework\web\CController.php:486
Stack trace:
#0 C:\Users\Administrator\Desktop\planet_2018\planet\platform\framework\web\CController.php(270): CController->missingAction('js')
#1 C:\Users\Administrator\Desktop\planet_2018\planet\platform\framework\web\CWebApplication.php(282): CController->run('js')
#2 C:\Users\Administrator\Desktop\planet_2018\planet\platform\framework\web\CWebApplication.php(141): CWebApplication->runController('site/js/layui.j...')
#3 C:\Users\Administrator\Desktop\planet_2018\planet\platform\framework\base\CApplication.php(185): CWebApplication->processRequest()
#4 C:\Users\Administrator\Desktop\planet_2018\planet\platform\platform\index.php(14): CApplication->run()
#5 {main}
REQUEST_URI=/site/js/layui.js
HTTP_REFERER=http://localhost:8888/site/index
---
2018/07/03 04:51:23 [error] [exception.CHttpException.404] CHttpException: The system is unable to find the requested action "css". in C:\Users\Administrator\Desktop\planet_2018\planet\platform\framework\web\CController.php:486
Stack trace:
#0 C:\Users\Administrator\Desktop\planet_2018\planet\platform\framework\web\CController.php(270): CController->missingAction('css')
#1 C:\Users\Administrator\Desktop\planet_2018\planet\platform\framework\web\CWebApplication.php(282): CController->run('css')
#2 C:\Users\Administrator\Desktop\planet_2018\planet\platform\framework\web\CWebApplication.php(141): CWebApplication->runController('site/css/layui....')
#3 C:\Users\Administrator\Desktop\planet_2018\planet\platform\framework\base\CApplication.php(185): CWebApplication->processRequest()
#4 C:\Users\Administrator\Desktop\planet_2018\planet\platform\platform\index.php(14): CApplication->run()
#5 {main}
REQUEST_URI=/site/css/layui.css
HTTP_REFERER=http://localhost:8888/site/index
---
2018/07/03 04:51:23 [error] [exception.CHttpException.404] CHttpException: The system is unable to find the requested action "js". in C:\Users\Administrator\Desktop\planet_2018\planet\platform\framework\web\CController.php:486
Stack trace:
#0 C:\Users\Administrator\Desktop\planet_2018\planet\platform\framework\web\CController.php(270): CController->missingAction('js')
#1 C:\Users\Administrator\Desktop\planet_2018\planet\platform\framework\web\CWebApplication.php(282): CController->run('js')
#2 C:\Users\Administrator\Desktop\planet_2018\planet\platform\framework\web\CWebApplication.php(141): CWebApplication->runController('site/js/layui.j...')
#3 C:\Users\Administrator\Desktop\planet_2018\planet\platform\framework\base\CApplication.php(185): CWebApplication->processRequest()
#4 C:\Users\Administrator\Desktop\planet_2018\planet\platform\platform\index.php(14): CApplication->run()
#5 {main}
REQUEST_URI=/site/js/layui.js
HTTP_REFERER=http://localhost:8888/site/index
---
2018/07/03 04:51:23 [error] [exception.CHttpException.404] CHttpException: The system is unable to find the requested action "js". in C:\Users\Administrator\Desktop\planet_2018\planet\platform\framework\web\CController.php:486
Stack trace:
#0 C:\Users\Administrator\Desktop\planet_2018\planet\platform\framework\web\CController.php(270): CController->missingAction('js')
#1 C:\Users\Administrator\Desktop\planet_2018\planet\platform\framework\web\CWebApplication.php(282): CController->run('js')
#2 C:\Users\Administrator\Desktop\planet_2018\planet\platform\framework\web\CWebApplication.php(141): CWebApplication->runController('site/js/jquery-...')
#3 C:\Users\Administrator\Desktop\planet_2018\planet\platform\framework\base\CApplication.php(185): CWebApplication->processRequest()
#4 C:\Users\Administrator\Desktop\planet_2018\planet\platform\platform\index.php(14): CApplication->run()
#5 {main}
REQUEST_URI=/site/js/jquery-3.3.1.min.js
HTTP_REFERER=http://localhost:8888/site/index
---
2018/07/03 04:51:23 [error] [exception.CHttpException.404] CHttpException: The system is unable to find the requested action "css". in C:\Users\Administrator\Desktop\planet_2018\planet\platform\framework\web\CController.php:486
Stack trace:
#0 C:\Users\Administrator\Desktop\planet_2018\planet\platform\framework\web\CController.php(270): CController->missingAction('css')
#1 C:\Users\Administrator\Desktop\planet_2018\planet\platform\framework\web\CWebApplication.php(282): CController->run('css')
#2 C:\Users\Administrator\Desktop\planet_2018\planet\platform\framework\web\CWebApplication.php(141): CWebApplication->runController('site/css/reset....')
#3 C:\Users\Administrator\Desktop\planet_2018\planet\platform\framework\base\CApplication.php(185): CWebApplication->processRequest()
#4 C:\Users\Administrator\Desktop\planet_2018\planet\platform\platform\index.php(14): CApplication->run()
#5 {main}
REQUEST_URI=/site/css/reset.css
HTTP_REFERER=http://localhost:8888/site/index
---
2018/07/03 04:51:23 [error] [exception.CHttpException.404] CHttpException: The system is unable to find the requested action "js". in C:\Users\Administrator\Desktop\planet_2018\planet\platform\framework\web\CController.php:486
Stack trace:
#0 C:\Users\Administrator\Desktop\planet_2018\planet\platform\framework\web\CController.php(270): CController->missingAction('js')
#1 C:\Users\Administrator\Desktop\planet_2018\planet\platform\framework\web\CWebApplication.php(282): CController->run('js')
#2 C:\Users\Administrator\Desktop\planet_2018\planet\platform\framework\web\CWebApplication.php(141): CWebApplication->runController('site/js/layui.j...')
#3 C:\Users\Administrator\Desktop\planet_2018\planet\platform\framework\base\CApplication.php(185): CWebApplication->processRequest()
#4 C:\Users\Administrator\Desktop\planet_2018\planet\platform\platform\index.php(14): CApplication->run()
#5 {main}
REQUEST_URI=/site/js/layui.js
HTTP_REFERER=http://localhost:8888/site/index
---
2018/07/03 08:35:27 [error] [exception.CHttpException.404] CHttpException: 无法解析请求 "js/lay/modules/layedit.js"。 in C:\Users\Administrator\Desktop\planet_2018\planet\platform\framework\web\CWebApplication.php:286
Stack trace:
#0 C:\Users\Administrator\Desktop\planet_2018\planet\platform\framework\web\CWebApplication.php(141): CWebApplication->runController('js/lay/modules/...')
#1 C:\Users\Administrator\Desktop\planet_2018\planet\platform\framework\base\CApplication.php(185): CWebApplication->processRequest()
#2 C:\Users\Administrator\Desktop\planet_2018\planet\platform\platform\index.php(14): CApplication->run()
#3 {main}
REQUEST_URI=/js/lay/modules/layedit.js
HTTP_REFERER=http://localhost:8888/index.html
---
2018/07/03 08:35:27 [error] [exception.CHttpException.404] CHttpException: 无法解析请求 "favicon.ico"。 in C:\Users\Administrator\Desktop\planet_2018\planet\platform\framework\web\CWebApplication.php:286
Stack trace:
#0 C:\Users\Administrator\Desktop\planet_2018\planet\platform\framework\web\CWebApplication.php(141): CWebApplication->runController('favicon.ico')
#1 C:\Users\Administrator\Desktop\planet_2018\planet\platform\framework\base\CApplication.php(185): CWebApplication->processRequest()
#2 C:\Users\Administrator\Desktop\planet_2018\planet\platform\platform\index.php(14): CApplication->run()
#3 {main}
REQUEST_URI=/favicon.ico
HTTP_REFERER=http://localhost:8888/index.html
---
2018/07/03 08:38:16 [error] [exception.CHttpException.404] CHttpException: 无法解析请求 "js/lay/modules/layedit.js"。 in C:\Users\Administrator\Desktop\planet_2018\planet\platform\framework\web\CWebApplication.php:286
Stack trace:
#0 C:\Users\Administrator\Desktop\planet_2018\planet\platform\framework\web\CWebApplication.php(141): CWebApplication->runController('js/lay/modules/...')
#1 C:\Users\Administrator\Desktop\planet_2018\planet\platform\framework\base\CApplication.php(185): CWebApplication->processRequest()
#2 C:\Users\Administrator\Desktop\planet_2018\planet\platform\platform\index.php(14): CApplication->run()
#3 {main}
REQUEST_URI=/js/lay/modules/layedit.js
HTTP_REFERER=http://localhost:8888/index.html
---
2018/07/03 08:38:17 [error] [exception.CHttpException.404] CHttpException: 无法解析请求 "js/lay/modules/layedit.js"。 in C:\Users\Administrator\Desktop\planet_2018\planet\platform\framework\web\CWebApplication.php:286
Stack trace:
#0 C:\Users\Administrator\Desktop\planet_2018\planet\platform\framework\web\CWebApplication.php(141): CWebApplication->runController('js/lay/modules/...')
#1 C:\Users\Administrator\Desktop\planet_2018\planet\platform\framework\base\CApplication.php(185): CWebApplication->processRequest()
#2 C:\Users\Administrator\Desktop\planet_2018\planet\platform\platform\index.php(14): CApplication->run()
#3 {main}
REQUEST_URI=/js/lay/modules/layedit.js
HTTP_REFERER=http://localhost:8888/index.html
---
2018/07/03 08:39:17 [error] [exception.CHttpException.404] CHttpException: 无法解析请求 "js/css/modules/layer/default/layer.css"。 in C:\Users\Administrator\Desktop\planet_2018\planet\platform\framework\web\CWebApplication.php:286
Stack trace:
#0 C:\Users\Administrator\Desktop\planet_2018\planet\platform\framework\web\CWebApplication.php(141): CWebApplication->runController('js/css/modules/...')
#1 C:\Users\Administrator\Desktop\planet_2018\planet\platform\framework\base\CApplication.php(185): CWebApplication->processRequest()
#2 C:\Users\Administrator\Desktop\planet_2018\planet\platform\platform\index.php(14): CApplication->run()
#3 {main}
REQUEST_URI=/js/css/modules/layer/default/layer.css?v=3.1.1
HTTP_REFERER=http://localhost:8888/index.html
---
2018/07/03 08:39:17 [error] [exception.CHttpException.404] CHttpException: 无法解析请求 "font/iconfont.woff"。 in C:\Users\Administrator\Desktop\planet_2018\planet\platform\framework\web\CWebApplication.php:286
Stack trace:
#0 C:\Users\Administrator\Desktop\planet_2018\planet\platform\framework\web\CWebApplication.php(141): CWebApplication->runController('font/iconfont.w...')
#1 C:\Users\Administrator\Desktop\planet_2018\planet\platform\framework\base\CApplication.php(185): CWebApplication->processRequest()
#2 C:\Users\Administrator\Desktop\planet_2018\planet\platform\platform\index.php(14): CApplication->run()
#3 {main}
REQUEST_URI=/font/iconfont.woff?v=230
HTTP_REFERER=http://localhost:8888/css/layui.css
---
2018/07/03 08:39:17 [error] [exception.CHttpException.404] CHttpException: 无法解析请求 "font/iconfont.ttf"。 in C:\Users\Administrator\Desktop\planet_2018\planet\platform\framework\web\CWebApplication.php:286
Stack trace:
#0 C:\Users\Administrator\Desktop\planet_2018\planet\platform\framework\web\CWebApplication.php(141): CWebApplication->runController('font/iconfont.t...')
#1 C:\Users\Administrator\Desktop\planet_2018\planet\platform\framework\base\CApplication.php(185): CWebApplication->processRequest()
#2 C:\Users\Administrator\Desktop\planet_2018\planet\platform\platform\index.php(14): CApplication->run()
#3 {main}
REQUEST_URI=/font/iconfont.ttf?v=230
HTTP_REFERER=http://localhost:8888/css/layui.css
---
2018/07/03 10:56:07 [error] [exception.CException] CException: SiteController cannot find the requested view "index". in C:\Users\Administrator\Desktop\planet_2018\planet\platform\framework\web\CController.php:881
Stack trace:
#0 C:\Users\Administrator\Desktop\planet_2018\planet\platform\framework\web\CController.php(785): CController->renderPartial('index', NULL, true)
#1 C:\Users\Administrator\Desktop\planet_2018\planet\platform\platform\protected\controllers\SiteController.php(14): CController->render('index')
#2 C:\Users\Administrator\Desktop\planet_2018\planet\platform\framework\web\actions\CInlineAction.php(49): SiteController->actionIndex()
#3 C:\Users\Administrator\Desktop\planet_2018\planet\platform\framework\web\CController.php(308): CInlineAction->runWithParams(Array)
#4 C:\Users\Administrator\Desktop\planet_2018\planet\platform\platform\protected\components\CommonController.php(421): CController->runAction(Object(CInlineAction))
#5 C:\Users\Administrator\Desktop\planet_2018\planet\platform\framework\web\CController.php(286): CommonController->runAction(Object(CInlineAction))
#6 C:\Users\Administrator\Desktop\planet_2018\planet\platform\framework\web\CController.php(265): CController->runActionWithFilters(Object(CInlineAction), Array)
#7 C:\Users\Administrator\Desktop\planet_2018\planet\platform\framework\web\CWebApplication.php(282): CController->run('')
#8 C:\Users\Administrator\Desktop\planet_2018\planet\platform\framework\web\CWebApplication.php(141): CWebApplication->runController('')
#9 C:\Users\Administrator\Desktop\planet_2018\planet\platform\framework\base\CApplication.php(185): CWebApplication->processRequest()
#10 C:\Users\Administrator\Desktop\planet_2018\planet\platform\platform\index.php(14): CApplication->run()
#11 {main}
REQUEST_URI=/
---
2018/07/03 10:56:07 [error] [exception.CHttpException.404] CHttpException: 无法解析请求 "favicon.ico"。 in C:\Users\Administrator\Desktop\planet_2018\planet\platform\framework\web\CWebApplication.php:286
Stack trace:
#0 C:\Users\Administrator\Desktop\planet_2018\planet\platform\framework\web\CWebApplication.php(141): CWebApplication->runController('favicon.ico')
#1 C:\Users\Administrator\Desktop\planet_2018\planet\platform\framework\base\CApplication.php(185): CWebApplication->processRequest()
#2 C:\Users\Administrator\Desktop\planet_2018\planet\platform\platform\index.php(14): CApplication->run()
#3 {main}
REQUEST_URI=/favicon.ico
HTTP_REFERER=http://localhost:8888/
---
2018/07/03 10:56:17 [error] [exception.CHttpException.404] CHttpException: 无法解析请求 "header"。 in C:\Users\Administrator\Desktop\planet_2018\planet\platform\framework\web\CWebApplication.php:286
Stack trace:
#0 C:\Users\Administrator\Desktop\planet_2018\planet\platform\framework\web\CWebApplication.php(141): CWebApplication->runController('header')
#1 C:\Users\Administrator\Desktop\planet_2018\planet\platform\framework\base\CApplication.php(185): CWebApplication->processRequest()
#2 C:\Users\Administrator\Desktop\planet_2018\planet\platform\platform\index.php(14): CApplication->run()
#3 {main}
REQUEST_URI=/header
---
2018/07/03 11:03:49 [error] [exception.CHttpException.404] CHttpException: 无法解析请求 "header"。 in C:\Users\Administrator\Desktop\planet_2018\planet\platform\framework\web\CWebApplication.php:286
Stack trace:
#0 C:\Users\Administrator\Desktop\planet_2018\planet\platform\framework\web\CWebApplication.php(141): CWebApplication->runController('header')
#1 C:\Users\Administrator\Desktop\planet_2018\planet\platform\framework\base\CApplication.php(185): CWebApplication->processRequest()
#2 C:\Users\Administrator\Desktop\planet_2018\planet\platform\platform\index.php(14): CApplication->run()
#3 {main}
REQUEST_URI=/header
---
2018/07/03 11:03:51 [error] [exception.CException] CException: SiteController cannot find the requested view "index". in C:\Users\Administrator\Desktop\planet_2018\planet\platform\framework\web\CController.php:881
Stack trace:
#0 C:\Users\Administrator\Desktop\planet_2018\planet\platform\framework\web\CController.php(785): CController->renderPartial('index', NULL, true)
#1 C:\Users\Administrator\Desktop\planet_2018\planet\platform\platform\protected\controllers\SiteController.php(14): CController->render('index')
#2 C:\Users\Administrator\Desktop\planet_2018\planet\platform\framework\web\actions\CInlineAction.php(49): SiteController->actionIndex()
#3 C:\Users\Administrator\Desktop\planet_2018\planet\platform\framework\web\CController.php(308): CInlineAction->runWithParams(Array)
#4 C:\Users\Administrator\Desktop\planet_2018\planet\platform\platform\protected\components\CommonController.php(421): CController->runAction(Object(CInlineAction))
#5 C:\Users\Administrator\Desktop\planet_2018\planet\platform\framework\web\CController.php(286): CommonController->runAction(Object(CInlineAction))
#6 C:\Users\Administrator\Desktop\planet_2018\planet\platform\framework\web\CController.php(265): CController->runActionWithFilters(Object(CInlineAction), Array)
#7 C:\Users\Administrator\Desktop\planet_2018\planet\platform\framework\web\CWebApplication.php(282): CController->run('')
#8 C:\Users\Administrator\Desktop\planet_2018\planet\platform\framework\web\CWebApplication.php(141): CWebApplication->runController('')
#9 C:\Users\Administrator\Desktop\planet_2018\planet\platform\framework\base\CApplication.php(185): CWebApplication->processRequest()
#10 C:\Users\Administrator\Desktop\planet_2018\planet\platform\platform\index.php(14): CApplication->run()
#11 {main}
REQUEST_URI=/
---
2018/07/03 11:03:52 [error] [exception.CException] CException: SiteController cannot find the requested view "index". in C:\Users\Administrator\Desktop\planet_2018\planet\platform\framework\web\CController.php:881
Stack trace:
#0 C:\Users\Administrator\Desktop\planet_2018\planet\platform\framework\web\CController.php(785): CController->renderPartial('index', NULL, true)
#1 C:\Users\Administrator\Desktop\planet_2018\planet\platform\platform\protected\controllers\SiteController.php(14): CController->render('index')
#2 C:\Users\Administrator\Desktop\planet_2018\planet\platform\framework\web\actions\CInlineAction.php(49): SiteController->actionIndex()
#3 C:\Users\Administrator\Desktop\planet_2018\planet\platform\framework\web\CController.php(308): CInlineAction->runWithParams(Array)
#4 C:\Users\Administrator\Desktop\planet_2018\planet\platform\platform\protected\components\CommonController.php(421): CController->runAction(Object(CInlineAction))
#5 C:\Users\Administrator\Desktop\planet_2018\planet\platform\framework\web\CController.php(286): CommonController->runAction(Object(CInlineAction))
#6 C:\Users\Administrator\Desktop\planet_2018\planet\platform\framework\web\CController.php(265): CController->runActionWithFilters(Object(CInlineAction), Array)
#7 C:\Users\Administrator\Desktop\planet_2018\planet\platform\framework\web\CWebApplication.php(282): CController->run('')
#8 C:\Users\Administrator\Desktop\planet_2018\planet\platform\framework\web\CWebApplication.php(141): CWebApplication->runController('')
#9 C:\Users\Administrator\Desktop\planet_2018\planet\platform\framework\base\CApplication.php(185): CWebApplication->processRequest()
#10 C:\Users\Administrator\Desktop\planet_2018\planet\platform\platform\index.php(14): CApplication->run()
#11 {main}
REQUEST_URI=/
---
2018/07/03 12:47:32 [error] [exception.CHttpException.404] CHttpException: 无法解析请求 "Public/mcctop/img/lllll.png"。 in C:\Users\Administrator\Desktop\planet_2018\planet\platform\framework\web\CWebApplication.php:286
Stack trace:
#0 C:\Users\Administrator\Desktop\planet_2018\planet\platform\framework\web\CWebApplication.php(141): CWebApplication->runController('Public/mcctop/i...')
#1 C:\Users\Administrator\Desktop\planet_2018\planet\platform\framework\base\CApplication.php(185): CWebApplication->processRequest()
#2 C:\Users\Administrator\Desktop\planet_2018\planet\platform\platform\index.php(14): CApplication->run()
#3 {main}
REQUEST_URI=/Public/mcctop/img/lllll.png
HTTP_REFERER=http://localhost:8888/signup.html
---
2018/07/03 12:47:32 [error] [exception.CHttpException.404] CHttpException: 无法解析请求 "Public/mcctop/img/checked.png"。 in C:\Users\Administrator\Desktop\planet_2018\planet\platform\framework\web\CWebApplication.php:286
Stack trace:
#0 C:\Users\Administrator\Desktop\planet_2018\planet\platform\framework\web\CWebApplication.php(141): CWebApplication->runController('Public/mcctop/i...')
#1 C:\Users\Administrator\Desktop\planet_2018\planet\platform\framework\base\CApplication.php(185): CWebApplication->processRequest()
#2 C:\Users\Administrator\Desktop\planet_2018\planet\platform\platform\index.php(14): CApplication->run()
#3 {main}
REQUEST_URI=/Public/mcctop/img/checked.png
HTTP_REFERER=http://localhost:8888/signup.html
---
2018/07/03 12:47:32 [error] [exception.CHttpException.404] CHttpException: 无法解析请求 "Common/verify_code"。 in C:\Users\Administrator\Desktop\planet_2018\planet\platform\framework\web\CWebApplication.php:286
Stack trace:
#0 C:\Users\Administrator\Desktop\planet_2018\planet\platform\framework\web\CWebApplication.php(141): CWebApplication->runController('Common/verify_c...')
#1 C:\Users\Administrator\Desktop\planet_2018\planet\platform\framework\base\CApplication.php(185): CWebApplication->processRequest()
#2 C:\Users\Administrator\Desktop\planet_2018\planet\platform\platform\index.php(14): CApplication->run()
#3 {main}
REQUEST_URI=/Common/verify_code/
HTTP_REFERER=http://localhost:8888/signup.html
---
