2018/07/20 04:32:57 [error] [exception.CHttpException.404] CHttpException: 无法解析请求 "millassets.html"。 in D:\C\code\platform\framework\web\CWebApplication.php:286
Stack trace:
#0 D:\C\code\platform\framework\web\CWebApplication.php(141): CWebApplication->runController('millassets.html')
#1 D:\C\code\platform\framework\base\CApplication.php(185): CWebApplication->processRequest()
#2 D:\C\code\platform\platform\index.php(14): CApplication->run()
#3 {main}
REQUEST_URI=/millassets.html
---
2018/07/20 04:33:05 [error] [php] include(InviteConfigModel.php): failed to open stream: No such file or directory (D:\C\code\platform\framework\YiiBase.php:432)
Stack trace:
#0 D:\C\code\platform\platform\protected\controllers\UserViewController.php(221): spl_autoload_call()
#1 D:\C\code\platform\framework\web\actions\CInlineAction.php(49): UserViewController->actionInvite()
#2 D:\C\code\platform\framework\web\CController.php(308): CInlineAction->runWithParams()
#3 D:\C\code\platform\platform\protected\components\CommonController.php(423): UserViewController->runAction()
#4 D:\C\code\platform\framework\web\CController.php(286): UserViewController->runAction()
#5 D:\C\code\platform\framework\web\CController.php(265): UserViewController->runActionWithFilters()
#6 D:\C\code\platform\framework\web\CWebApplication.php(282): UserViewController->run()
#7 D:\C\code\platform\framework\web\CWebApplication.php(141): CWebApplication->runController()
#8 D:\C\code\platform\framework\base\CApplication.php(185): CWebApplication->processRequest()
#9 D:\C\code\platform\platform\index.php(14): CWebApplication->run()
REQUEST_URI=/invite
2018/07/20 04:34:25 [error] [php] include(InviteConfigModel.php): failed to open stream: No such file or directory (D:\C\code\platform\framework\YiiBase.php:432)
Stack trace:
#0 D:\C\code\platform\platform\protected\controllers\UserViewController.php(221): spl_autoload_call()
#1 D:\C\code\platform\framework\web\actions\CInlineAction.php(49): UserViewController->actionInvite()
#2 D:\C\code\platform\framework\web\CController.php(308): CInlineAction->runWithParams()
#3 D:\C\code\platform\platform\protected\components\CommonController.php(423): UserViewController->runAction()
#4 D:\C\code\platform\framework\web\CController.php(286): UserViewController->runAction()
#5 D:\C\code\platform\framework\web\CController.php(265): UserViewController->runActionWithFilters()
#6 D:\C\code\platform\framework\web\CWebApplication.php(282): UserViewController->run()
#7 D:\C\code\platform\framework\web\CWebApplication.php(141): CWebApplication->runController()
#8 D:\C\code\platform\framework\base\CApplication.php(185): CWebApplication->processRequest()
#9 D:\C\code\platform\platform\index.php(14): CWebApplication->run()
REQUEST_URI=/invite
2018/07/20 04:36:47 [error] [exception.CHttpException.404] CHttpException: 无法解析请求 "lnvite"。 in D:\C\code\platform\framework\web\CWebApplication.php:286
Stack trace:
#0 D:\C\code\platform\framework\web\CWebApplication.php(141): CWebApplication->runController('lnvite')
#1 D:\C\code\platform\framework\base\CApplication.php(185): CWebApplication->processRequest()
#2 D:\C\code\platform\platform\index.php(14): CApplication->run()
#3 {main}
REQUEST_URI=/lnvite
---
2018/07/20 09:56:13 [error] [exception.CHttpException.404] CHttpException: 无法解析请求 "signupin"。 in D:\C\code\platform\framework\web\CWebApplication.php:286
Stack trace:
#0 D:\C\code\platform\framework\web\CWebApplication.php(141): CWebApplication->runController('signupin')
#1 D:\C\code\platform\framework\base\CApplication.php(185): CWebApplication->processRequest()
#2 D:\C\code\platform\platform\index.php(14): CApplication->run()
#3 {main}
REQUEST_URI=/signupin?vitecode=N7246937
---
2018/07/20 10:08:16 [error] [php] Undefined index: code (D:\C\code\platform\platform\protected\controllers\SmsController.php:57)
Stack trace:
#0 D:\C\code\platform\platform\protected\components\CommonController.php(423): SmsController->runAction()
#1 D:\C\code\platform\framework\web\CController.php(286): SmsController->runAction()
#2 D:\C\code\platform\framework\web\CController.php(265): SmsController->runActionWithFilters()
#3 D:\C\code\platform\framework\web\CWebApplication.php(282): SmsController->run()
#4 D:\C\code\platform\framework\web\CWebApplication.php(141): CWebApplication->runController()
#5 D:\C\code\platform\framework\base\CApplication.php(185): CWebApplication->processRequest()
#6 D:\C\code\platform\platform\index.php(14): CWebApplication->run()
REQUEST_URI=/sms/sendsmscode
2018/07/20 12:15:45 [error] [exception.CHttpException.404] CHttpException: 无法解析请求 "images/db22.png"。 in D:\C\code\platform\framework\web\CWebApplication.php:286
Stack trace:
#0 D:\C\code\platform\framework\web\CWebApplication.php(141): CWebApplication->runController('images/db22.png')
#1 D:\C\code\platform\framework\base\CApplication.php(185): CWebApplication->processRequest()
#2 D:\C\code\platform\platform\index.php(14): CApplication->run()
#3 {main}
REQUEST_URI=/images/db22.png
HTTP_REFERER=http://localhost:8888/about
---
2018/07/20 12:15:45 [error] [exception.CHttpException.404] CHttpException: 无法解析请求 "images/db22.png"。 in D:\C\code\platform\framework\web\CWebApplication.php:286
Stack trace:
#0 D:\C\code\platform\framework\web\CWebApplication.php(141): CWebApplication->runController('images/db22.png')
#1 D:\C\code\platform\framework\base\CApplication.php(185): CWebApplication->processRequest()
#2 D:\C\code\platform\platform\index.php(14): CApplication->run()
#3 {main}
REQUEST_URI=/images/db22.png
HTTP_REFERER=http://localhost:8888/about?lang=zh
---
2018/07/20 12:39:37 [error] [exception.CHttpException.404] CHttpException: 无法解析请求 "aboutme"。 in D:\C\code\platform\framework\web\CWebApplication.php:286
Stack trace:
#0 D:\C\code\platform\framework\web\CWebApplication.php(141): CWebApplication->runController('aboutme')
#1 D:\C\code\platform\framework\base\CApplication.php(185): CWebApplication->processRequest()
#2 D:\C\code\platform\platform\index.php(14): CApplication->run()
#3 {main}
REQUEST_URI=/aboutme
---
2018/07/20 12:39:42 [error] [exception.CHttpException.404] CHttpException: 无法解析请求 "images/db22.png"。 in D:\C\code\platform\framework\web\CWebApplication.php:286
Stack trace:
#0 D:\C\code\platform\framework\web\CWebApplication.php(141): CWebApplication->runController('images/db22.png')
#1 D:\C\code\platform\framework\base\CApplication.php(185): CWebApplication->processRequest()
#2 D:\C\code\platform\platform\index.php(14): CApplication->run()
#3 {main}
REQUEST_URI=/images/db22.png
HTTP_REFERER=http://localhost:8888/about
---
2018/07/20 12:39:42 [error] [exception.CHttpException.404] CHttpException: 无法解析请求 "images/db22.png"。 in D:\C\code\platform\framework\web\CWebApplication.php:286
Stack trace:
#0 D:\C\code\platform\framework\web\CWebApplication.php(141): CWebApplication->runController('images/db22.png')
#1 D:\C\code\platform\framework\base\CApplication.php(185): CWebApplication->processRequest()
#2 D:\C\code\platform\platform\index.php(14): CApplication->run()
#3 {main}
REQUEST_URI=/images/db22.png
HTTP_REFERER=http://localhost:8888/about?lang=zh
---
