2018/07/09 08:45:35 [error] [php] Use of undefined constant SMS_REGISTER_EXPIRE - assumed 'SMS_REGISTER_EXPIRE' (D:\C\code\platform\platform\protected\controllers\SmsController.php:67)
Stack trace:
#0 D:\C\code\platform\platform\protected\components\CommonController.php(422): SmsController->runAction()
#1 D:\C\code\platform\framework\web\CController.php(286): SmsController->runAction()
#2 D:\C\code\platform\framework\web\CController.php(265): SmsController->runActionWithFilters()
#3 D:\C\code\platform\framework\web\CWebApplication.php(282): SmsController->run()
#4 D:\C\code\platform\framework\web\CWebApplication.php(141): CWebApplication->runController()
#5 D:\C\code\platform\framework\base\CApplication.php(185): CWebApplication->processRequest()
#6 D:\C\code\platform\platform\index.php(14): CWebApplication->run()
REQUEST_URI=/sms/sendsmscode
2018/07/09 08:45:35 [error] [system.db.CDbCommand] CDbCommand::fetchAll() failed: SQLSTATE[42S02]: Base table or view not found: 1146 Table 'platform.platform_partner' doesn't exist. The SQL statement executed was: SHOW FULL COLUMNS FROM `platform_partner`.
2018/07/09 09:21:33 [error] [exception.CHttpException.404] CHttpException: 无法解析请求 "cms/index.html"。 in D:\C\code\platform\framework\web\CWebApplication.php:286
Stack trace:
#0 D:\C\code\platform\framework\web\CWebApplication.php(141): CWebApplication->runController('cms/index.html')
#1 D:\C\code\platform\framework\base\CApplication.php(185): CWebApplication->processRequest()
#2 D:\C\code\platform\platform\index.php(14): CApplication->run()
#3 {main}
REQUEST_URI=/cms/index.html
---
2018/07/09 09:21:33 [error] [system.db.CDbCommand] CDbCommand::fetchAll() failed: SQLSTATE[42S02]: Base table or view not found: 1146 Table 'platform.platform_partner' doesn't exist. The SQL statement executed was: SHOW FULL COLUMNS FROM `platform_partner`.
2018/07/09 09:21:36 [error] [exception.CHttpException.404] CHttpException: 无法解析请求 "cms/index.html"。 in D:\C\code\platform\framework\web\CWebApplication.php:286
Stack trace:
#0 D:\C\code\platform\framework\web\CWebApplication.php(141): CWebApplication->runController('cms/index.html')
#1 D:\C\code\platform\framework\base\CApplication.php(185): CWebApplication->processRequest()
#2 D:\C\code\platform\platform\index.php(14): CApplication->run()
#3 {main}
REQUEST_URI=/cms/index.html
---
2018/07/09 09:21:36 [error] [system.db.CDbCommand] CDbCommand::fetchAll() failed: SQLSTATE[42S02]: Base table or view not found: 1146 Table 'platform.platform_partner' doesn't exist. The SQL statement executed was: SHOW FULL COLUMNS FROM `platform_partner`.
2018/07/09 09:21:51 [error] [exception.CHttpException.404] CHttpException: 无法解析请求 "cms/index.html"。 in D:\C\code\platform\framework\web\CWebApplication.php:286
Stack trace:
#0 D:\C\code\platform\framework\web\CWebApplication.php(141): CWebApplication->runController('cms/index.html')
#1 D:\C\code\platform\framework\base\CApplication.php(185): CWebApplication->processRequest()
#2 D:\C\code\platform\platform\index.php(14): CApplication->run()
#3 {main}
REQUEST_URI=/cms/index.html
---
2018/07/09 09:21:51 [error] [system.db.CDbCommand] CDbCommand::fetchAll() failed: SQLSTATE[42S02]: Base table or view not found: 1146 Table 'platform.platform_partner' doesn't exist. The SQL statement executed was: SHOW FULL COLUMNS FROM `platform_partner`.
2018/07/09 09:22:18 [error] [exception.CHttpException.404] CHttpException: 无法解析请求 "cms/index.html"。 in D:\C\code\platform\framework\web\CWebApplication.php:286
Stack trace:
#0 D:\C\code\platform\framework\web\CWebApplication.php(141): CWebApplication->runController('cms/index.html')
#1 D:\C\code\platform\framework\base\CApplication.php(185): CWebApplication->processRequest()
#2 D:\C\code\platform\platform\index.php(14): CApplication->run()
#3 {main}
REQUEST_URI=/cms/index.html
---
2018/07/09 09:22:18 [error] [system.db.CDbCommand] CDbCommand::fetchAll() failed: SQLSTATE[42S02]: Base table or view not found: 1146 Table 'platform.platform_partner' doesn't exist. The SQL statement executed was: SHOW FULL COLUMNS FROM `platform_partner`.
2018/07/09 09:22:22 [error] [exception.CHttpException.404] CHttpException: 无法解析请求 "cms/index.html"。 in D:\C\code\platform\framework\web\CWebApplication.php:286
Stack trace:
#0 D:\C\code\platform\framework\web\CWebApplication.php(141): CWebApplication->runController('cms/index.html')
#1 D:\C\code\platform\framework\base\CApplication.php(185): CWebApplication->processRequest()
#2 D:\C\code\platform\platform\index.php(14): CApplication->run()
#3 {main}
REQUEST_URI=/cms/index.html
---
2018/07/09 09:22:23 [error] [system.db.CDbCommand] CDbCommand::fetchAll() failed: SQLSTATE[42S02]: Base table or view not found: 1146 Table 'platform.platform_partner' doesn't exist. The SQL statement executed was: SHOW FULL COLUMNS FROM `platform_partner`.
