2018/05/31 03:37:27 [error] [exception.CHttpException.404] CHttpException: 无法解析请求 "favicon.ico"。 in /Applications/XAMPP/xamppfiles/htdocs/framework/web/CWebApplication.php:286
Stack trace:
#0 /Applications/XAMPP/xamppfiles/htdocs/framework/web/CWebApplication.php(141): CWebApplication->runController('favicon.ico')
#1 /Applications/XAMPP/xamppfiles/htdocs/framework/base/CApplication.php(185): CWebApplication->processRequest()
#2 /Applications/XAMPP/xamppfiles/htdocs/platform/index.php(14): CApplication->run()
#3 {main}
REQUEST_URI=/favicon.ico
HTTP_REFERER=http://localhost/user/uptpass?lang=zh_cn
---
2018/05/31 04:44:06 [error] [exception.CHttpException.404] CHttpException: 系统无法找到请求的 "test" 动作. in /Applications/XAMPP/xamppfiles/htdocs/framework/web/CController.php:486
Stack trace:
#0 /Applications/XAMPP/xamppfiles/htdocs/framework/web/CController.php(270): CController->missingAction('test')
#1 /Applications/XAMPP/xamppfiles/htdocs/framework/web/CWebApplication.php(282): CController->run('test')
#2 /Applications/XAMPP/xamppfiles/htdocs/framework/web/CWebApplication.php(141): CWebApplication->runController('register/test')
#3 /Applications/XAMPP/xamppfiles/htdocs/framework/base/CApplication.php(185): CWebApplication->processRequest()
#4 /Applications/XAMPP/xamppfiles/htdocs/platform/index.php(14): CApplication->run()
#5 {main}
REQUEST_URI=/register/test
---
2018/05/31 04:44:45 [error] [php] Undefined variable: pass (/Applications/XAMPP/xamppfiles/htdocs/platform/protected/controllers/RegisterController.php:34)
Stack trace:
#0 /Applications/XAMPP/xamppfiles/htdocs/platform/protected/components/CommonController.php(389): RegisterController->runAction()
#1 /Applications/XAMPP/xamppfiles/htdocs/framework/web/CController.php(286): RegisterController->runAction()
#2 /Applications/XAMPP/xamppfiles/htdocs/framework/web/CController.php(265): RegisterController->runActionWithFilters()
#3 /Applications/XAMPP/xamppfiles/htdocs/framework/web/CWebApplication.php(282): RegisterController->run()
#4 /Applications/XAMPP/xamppfiles/htdocs/framework/web/CWebApplication.php(141): CWebApplication->runController()
#5 /Applications/XAMPP/xamppfiles/htdocs/framework/base/CApplication.php(185): CWebApplication->processRequest()
#6 /Applications/XAMPP/xamppfiles/htdocs/platform/index.php(14): CWebApplication->run()
REQUEST_URI=/register/doregister
2018/05/31 04:44:54 [error] [php] Undefined variable: pass (/Applications/XAMPP/xamppfiles/htdocs/platform/protected/controllers/RegisterController.php:34)
Stack trace:
#0 /Applications/XAMPP/xamppfiles/htdocs/platform/protected/components/CommonController.php(389): RegisterController->runAction()
#1 /Applications/XAMPP/xamppfiles/htdocs/framework/web/CController.php(286): RegisterController->runAction()
#2 /Applications/XAMPP/xamppfiles/htdocs/framework/web/CController.php(265): RegisterController->runActionWithFilters()
#3 /Applications/XAMPP/xamppfiles/htdocs/framework/web/CWebApplication.php(282): RegisterController->run()
#4 /Applications/XAMPP/xamppfiles/htdocs/framework/web/CWebApplication.php(141): CWebApplication->runController()
#5 /Applications/XAMPP/xamppfiles/htdocs/framework/base/CApplication.php(185): CWebApplication->processRequest()
#6 /Applications/XAMPP/xamppfiles/htdocs/platform/index.php(14): CWebApplication->run()
REQUEST_URI=/register/doregister
2018/05/31 06:01:32 [error] [php] include(UserInvitModel.php): failed to open stream: No such file or directory (/Applications/XAMPP/xamppfiles/htdocs/framework/YiiBase.php:432)
Stack trace:
#0 /Applications/XAMPP/xamppfiles/htdocs/platform/protected/controllers/RegisterController.php(53): spl_autoload_call()
#1 /Applications/XAMPP/xamppfiles/htdocs/framework/web/actions/CInlineAction.php(49): RegisterController->actionDoRegister()
#2 /Applications/XAMPP/xamppfiles/htdocs/framework/web/CController.php(308): CInlineAction->runWithParams()
#3 /Applications/XAMPP/xamppfiles/htdocs/platform/protected/components/CommonController.php(415): RegisterController->runAction()
#4 /Applications/XAMPP/xamppfiles/htdocs/framework/web/CController.php(286): RegisterController->runAction()
#5 /Applications/XAMPP/xamppfiles/htdocs/framework/web/CController.php(265): RegisterController->runActionWithFilters()
#6 /Applications/XAMPP/xamppfiles/htdocs/framework/web/CWebApplication.php(282): RegisterController->run()
#7 /Applications/XAMPP/xamppfiles/htdocs/framework/web/CWebApplication.php(141): CWebApplication->runController()
#8 /Applications/XAMPP/xamppfiles/htdocs/framework/base/CApplication.php(185): CWebApplication->processRequest()
#9 /Applications/XAMPP/xamppfiles/htdocs/platform/index.php(14): CWebApplication->run()
REQUEST_URI=/register/doregister
2018/05/31 06:02:35 [error] [system.db.CDbCommand] CDbCommand::fetchAll() failed: SQLSTATE[42S02]: Base table or view not found: 1146 Table 'platform.platform_user_invit' doesn't exist. The SQL statement executed was: SHOW FULL COLUMNS FROM `platform_user_invit`.
2018/05/31 06:02:35 [error] [exception.CDbException] CDbException: 数据库中无法找到 active record class "UserInvitModel" 对应的 table "platform_user_invit". in /Applications/XAMPP/xamppfiles/htdocs/framework/db/ar/CActiveRecord.php:2390
Stack trace:
#0 /Applications/XAMPP/xamppfiles/htdocs/framework/db/ar/CActiveRecord.php(413): CActiveRecordMetaData->__construct(Object(UserInvitModel))
#1 /Applications/XAMPP/xamppfiles/htdocs/framework/db/ar/CActiveRecord.php(79): CActiveRecord->getMetaData()
#2 /Applications/XAMPP/xamppfiles/htdocs/platform/protected/controllers/RegisterController.php(53): CActiveRecord->__construct()
#3 /Applications/XAMPP/xamppfiles/htdocs/framework/web/actions/CInlineAction.php(49): RegisterController->actionDoRegister()
#4 /Applications/XAMPP/xamppfiles/htdocs/framework/web/CController.php(308): CInlineAction->runWithParams(Array)
#5 /Applications/XAMPP/xamppfiles/htdocs/platform/protected/components/CommonController.php(415): CController->runAction(Object(CInlineAction))
#6 /Applications/XAMPP/xamppfiles/htdocs/framework/web/CController.php(286): CommonController->runAction(Object(CInlineAction))
#7 /Applications/XAMPP/xamppfiles/htdocs/framework/web/CController.php(265): CController->runActionWithFilters(Object(CInlineAction), Array)
#8 /Applications/XAMPP/xamppfiles/htdocs/framework/web/CWebApplication.php(282): CController->run('doregister')
#9 /Applications/XAMPP/xamppfiles/htdocs/framework/web/CWebApplication.php(141): CWebApplication->runController('register/doregi...')
#10 /Applications/XAMPP/xamppfiles/htdocs/framework/base/CApplication.php(185): CWebApplication->processRequest()
#11 /Applications/XAMPP/xamppfiles/htdocs/platform/index.php(14): CApplication->run()
#12 {main}
REQUEST_URI=/register/doregister
HTTP_REFERER=http://localhost/register/register?lang=zh_cn
---
2018/05/31 08:12:06 [error] [php] Undefined variable: invite (/Applications/XAMPP/xamppfiles/htdocs/platform/protected/views/register/register.php:11)
Stack trace:
#0 /Applications/XAMPP/xamppfiles/htdocs/framework/web/CController.php(872): RegisterController->renderFile()
#1 /Applications/XAMPP/xamppfiles/htdocs/framework/web/CController.php(785): RegisterController->renderPartial()
#2 /Applications/XAMPP/xamppfiles/htdocs/platform/protected/controllers/RegisterController.php(11): RegisterController->render()
#3 /Applications/XAMPP/xamppfiles/htdocs/framework/web/actions/CInlineAction.php(49): RegisterController->actionRegister()
#4 /Applications/XAMPP/xamppfiles/htdocs/framework/web/CController.php(308): CInlineAction->runWithParams()
#5 /Applications/XAMPP/xamppfiles/htdocs/platform/protected/components/CommonController.php(415): RegisterController->runAction()
#6 /Applications/XAMPP/xamppfiles/htdocs/framework/web/CController.php(286): RegisterController->runAction()
#7 /Applications/XAMPP/xamppfiles/htdocs/framework/web/CController.php(265): RegisterController->runActionWithFilters()
#8 /Applications/XAMPP/xamppfiles/htdocs/framework/web/CWebApplication.php(282): RegisterController->run()
#9 /Applications/XAMPP/xamppfiles/htdocs/framework/web/CWebApplication.php(141): CWebApplication->runController()
#10 /Applications/XAMPP/xamppfiles/htdocs/framework/base/CApplication.php(185): CWebApplication->processRequest()
#11 /Applications/XAMPP/xamppfiles/htdocs/platform/index.php(14): CWebApplication->run()
REQUEST_URI=/register/register?lang=zh_cn
2018/05/31 08:36:50 [error] [system.db.CDbCommand] CDbCommand::fetch() failed: SQLSTATE[42S22]: Column not found: 1054 Unknown column 'invite' in 'where clause'. The SQL statement executed was: SELECT * FROM `platform_user_invite` `t` WHERE invite=:invite LIMIT 1.
2018/05/31 08:36:50 [error] [exception.CDbException] CDbException: CDbCommand 无法执行 SQL 语句: SQLSTATE[42S22]: Column not found: 1054 Unknown column 'invite' in 'where clause' in /Applications/XAMPP/xamppfiles/htdocs/framework/db/CDbCommand.php:543
Stack trace:
#0 /Applications/XAMPP/xamppfiles/htdocs/framework/db/CDbCommand.php(415): CDbCommand->queryInternal('fetch', Array, Array)
#1 /Applications/XAMPP/xamppfiles/htdocs/framework/db/ar/CActiveRecord.php(1359): CDbCommand->queryRow()
#2 /Applications/XAMPP/xamppfiles/htdocs/framework/db/ar/CActiveRecord.php(1464): CActiveRecord->query(Object(CDbCriteria))
#3 /Applications/XAMPP/xamppfiles/htdocs/platform/protected/controllers/RegisterController.php(53): CActiveRecord->find('invite=:invite', Array)
#4 /Applications/XAMPP/xamppfiles/htdocs/framework/web/actions/CInlineAction.php(49): RegisterController->actionDoRegister()
#5 /Applications/XAMPP/xamppfiles/htdocs/framework/web/CController.php(308): CInlineAction->runWithParams(Array)
#6 /Applications/XAMPP/xamppfiles/htdocs/platform/protected/components/CommonController.php(415): CController->runAction(Object(CInlineAction))
#7 /Applications/XAMPP/xamppfiles/htdocs/framework/web/CController.php(286): CommonController->runAction(Object(CInlineAction))
#8 /Applications/XAMPP/xamppfiles/htdocs/framework/web/CController.php(265): CController->runActionWithFilters(Object(CInlineAction), Array)
#9 /Applications/XAMPP/xamppfiles/htdocs/framework/web/CWebApplication.php(282): CController->run('doregister')
#10 /Applications/XAMPP/xamppfiles/htdocs/framework/web/CWebApplication.php(141): CWebApplication->runController('register/doregi...')
#11 /Applications/XAMPP/xamppfiles/htdocs/framework/base/CApplication.php(185): CWebApplication->processRequest()
#12 /Applications/XAMPP/xamppfiles/htdocs/platform/index.php(14): CApplication->run()
#13 {main}
REQUEST_URI=/register/doregister
HTTP_REFERER=http://localhost/register/register?lang=zh_cn&invite=A7750894
---
