2018/06/01 05:01:23 [error] [exception.CHttpException.404] CHttpException: 无法解析请求 "favicon.ico"。 in /Applications/XAMPP/xamppfiles/htdocs/framework/web/CWebApplication.php:286
Stack trace:
#0 /Applications/XAMPP/xamppfiles/htdocs/framework/web/CWebApplication.php(141): CWebApplication->runController('favicon.ico')
#1 /Applications/XAMPP/xamppfiles/htdocs/framework/base/CApplication.php(185): CWebApplication->processRequest()
#2 /Applications/XAMPP/xamppfiles/htdocs/platform/index.php(14): CApplication->run()
#3 {main}
REQUEST_URI=/favicon.ico
HTTP_REFERER=http://localhost/site/index
---
2018/06/01 05:08:17 [error] [exception.Error] Error: Call to undefined function issset() in /Applications/XAMPP/xamppfiles/htdocs/platform/protected/controllers/PowercontractController.php:6
Stack trace:
#0 /Applications/XAMPP/xamppfiles/htdocs/framework/web/actions/CInlineAction.php(49): PowerContractController->actionGetList()
#1 /Applications/XAMPP/xamppfiles/htdocs/framework/web/CController.php(308): CInlineAction->runWithParams(Array)
#2 /Applications/XAMPP/xamppfiles/htdocs/platform/protected/components/CommonController.php(416): CController->runAction(Object(CInlineAction))
#3 /Applications/XAMPP/xamppfiles/htdocs/framework/web/CController.php(286): CommonController->runAction(Object(CInlineAction))
#4 /Applications/XAMPP/xamppfiles/htdocs/framework/web/CController.php(265): CController->runActionWithFilters(Object(CInlineAction), Array)
#5 /Applications/XAMPP/xamppfiles/htdocs/framework/web/CWebApplication.php(282): CController->run('getlist')
#6 /Applications/XAMPP/xamppfiles/htdocs/framework/web/CWebApplication.php(141): CWebApplication->runController('powercontract/g...')
#7 /Applications/XAMPP/xamppfiles/htdocs/framework/base/CApplication.php(185): CWebApplication->processRequest()
#8 /Applications/XAMPP/xamppfiles/htdocs/platform/index.php(14): CApplication->run()
#9 {main}
REQUEST_URI=/powercontract/getlist
---
2018/06/01 05:08:54 [error] [exception.Error] Error: Call to undefined function issset() in /Applications/XAMPP/xamppfiles/htdocs/platform/protected/controllers/PowercontractController.php:6
Stack trace:
#0 /Applications/XAMPP/xamppfiles/htdocs/framework/web/actions/CInlineAction.php(49): PowerContractController->actionGetList()
#1 /Applications/XAMPP/xamppfiles/htdocs/framework/web/CController.php(308): CInlineAction->runWithParams(Array)
#2 /Applications/XAMPP/xamppfiles/htdocs/platform/protected/components/CommonController.php(416): CController->runAction(Object(CInlineAction))
#3 /Applications/XAMPP/xamppfiles/htdocs/framework/web/CController.php(286): CommonController->runAction(Object(CInlineAction))
#4 /Applications/XAMPP/xamppfiles/htdocs/framework/web/CController.php(265): CController->runActionWithFilters(Object(CInlineAction), Array)
#5 /Applications/XAMPP/xamppfiles/htdocs/framework/web/CWebApplication.php(282): CController->run('getlist')
#6 /Applications/XAMPP/xamppfiles/htdocs/framework/web/CWebApplication.php(141): CWebApplication->runController('powercontract/g...')
#7 /Applications/XAMPP/xamppfiles/htdocs/framework/base/CApplication.php(185): CWebApplication->processRequest()
#8 /Applications/XAMPP/xamppfiles/htdocs/platform/index.php(14): CApplication->run()
#9 {main}
REQUEST_URI=/powercontract/getlist
---
2018/06/01 05:14:01 [error] [exception.ParseError] ParseError: syntax error, unexpected '}', expecting ';' in /Applications/XAMPP/xamppfiles/htdocs/platform/protected/models/PowerContractModel.php:25
Stack trace:
#0 [internal function]: YiiBase::autoload('PowerContractMo...')
#1 /Applications/XAMPP/xamppfiles/htdocs/platform/protected/controllers/PowercontractController.php(21): spl_autoload_call('PowerContractMo...')
#2 /Applications/XAMPP/xamppfiles/htdocs/framework/web/actions/CInlineAction.php(49): PowerContractController->actionGetList()
#3 /Applications/XAMPP/xamppfiles/htdocs/framework/web/CController.php(308): CInlineAction->runWithParams(Array)
#4 /Applications/XAMPP/xamppfiles/htdocs/platform/protected/components/CommonController.php(416): CController->runAction(Object(CInlineAction))
#5 /Applications/XAMPP/xamppfiles/htdocs/framework/web/CController.php(286): CommonController->runAction(Object(CInlineAction))
#6 /Applications/XAMPP/xamppfiles/htdocs/framework/web/CController.php(265): CController->runActionWithFilters(Object(CInlineAction), Array)
#7 /Applications/XAMPP/xamppfiles/htdocs/framework/web/CWebApplication.php(282): CController->run('getlist')
#8 /Applications/XAMPP/xamppfiles/htdocs/framework/web/CWebApplication.php(141): CWebApplication->runController('powercontract/g...')
#9 /Applications/XAMPP/xamppfiles/htdocs/framework/base/CApplication.php(185): CWebApplication->processRequest()
#10 /Applications/XAMPP/xamppfiles/htdocs/platform/index.php(14): CApplication->run()
#11 {main}
REQUEST_URI=/powercontract/getlist
---
2018/06/01 05:21:05 [error] [exception.CHttpException.404] CHttpException: 无法解析请求 "powercontract/getlist"。 in /Applications/XAMPP/xamppfiles/htdocs/framework/web/CWebApplication.php:286
Stack trace:
#0 /Applications/XAMPP/xamppfiles/htdocs/framework/web/CWebApplication.php(141): CWebApplication->runController('powercontract/g...')
#1 /Applications/XAMPP/xamppfiles/htdocs/framework/base/CApplication.php(185): CWebApplication->processRequest()
#2 /Applications/XAMPP/xamppfiles/htdocs/platform/index.php(14): CApplication->run()
#3 {main}
REQUEST_URI=/powercontract/getlist
---
2018/06/01 05:21:17 [error] [exception.CHttpException.404] CHttpException: 无法解析请求 "powercontractajax/getlist"。 in /Applications/XAMPP/xamppfiles/htdocs/framework/web/CWebApplication.php:286
Stack trace:
#0 /Applications/XAMPP/xamppfiles/htdocs/framework/web/CWebApplication.php(141): CWebApplication->runController('powercontractaj...')
#1 /Applications/XAMPP/xamppfiles/htdocs/framework/base/CApplication.php(185): CWebApplication->processRequest()
#2 /Applications/XAMPP/xamppfiles/htdocs/platform/index.php(14): CApplication->run()
#3 {main}
REQUEST_URI=/powercontractajax/getlist
---
2018/06/01 05:21:39 [error] [exception.CHttpException.404] CHttpException: 无法解析请求 "powercontractajax/getlist"。 in /Applications/XAMPP/xamppfiles/htdocs/framework/web/CWebApplication.php:286
Stack trace:
#0 /Applications/XAMPP/xamppfiles/htdocs/framework/web/CWebApplication.php(141): CWebApplication->runController('powercontractaj...')
#1 /Applications/XAMPP/xamppfiles/htdocs/framework/base/CApplication.php(185): CWebApplication->processRequest()
#2 /Applications/XAMPP/xamppfiles/htdocs/platform/index.php(14): CApplication->run()
#3 {main}
REQUEST_URI=/powercontractajax/getlist
---
2018/06/01 05:21:40 [error] [exception.CHttpException.404] CHttpException: 无法解析请求 "powercontractajax/getlist"。 in /Applications/XAMPP/xamppfiles/htdocs/framework/web/CWebApplication.php:286
Stack trace:
#0 /Applications/XAMPP/xamppfiles/htdocs/framework/web/CWebApplication.php(141): CWebApplication->runController('powercontractaj...')
#1 /Applications/XAMPP/xamppfiles/htdocs/framework/base/CApplication.php(185): CWebApplication->processRequest()
#2 /Applications/XAMPP/xamppfiles/htdocs/platform/index.php(14): CApplication->run()
#3 {main}
REQUEST_URI=/powercontractajax/getlist
---
2018/06/01 08:33:43 [error] [exception.CException] CException: PowerContractViewController 无法找到请求的视图 "list". in /Applications/XAMPP/xamppfiles/htdocs/framework/web/CController.php:881
Stack trace:
#0 /Applications/XAMPP/xamppfiles/htdocs/framework/web/CController.php(785): CController->renderPartial('list', NULL, true)
#1 /Applications/XAMPP/xamppfiles/htdocs/platform/protected/controllers/PowercontractviewController.php(5): CController->render('list')
#2 /Applications/XAMPP/xamppfiles/htdocs/framework/web/actions/CInlineAction.php(49): PowerContractViewController->actionList()
#3 /Applications/XAMPP/xamppfiles/htdocs/framework/web/CController.php(308): CInlineAction->runWithParams(Array)
#4 /Applications/XAMPP/xamppfiles/htdocs/platform/protected/components/CommonController.php(416): CController->runAction(Object(CInlineAction))
#5 /Applications/XAMPP/xamppfiles/htdocs/framework/web/CController.php(286): CommonController->runAction(Object(CInlineAction))
#6 /Applications/XAMPP/xamppfiles/htdocs/framework/web/CController.php(265): CController->runActionWithFilters(Object(CInlineAction), Array)
#7 /Applications/XAMPP/xamppfiles/htdocs/framework/web/CWebApplication.php(282): CController->run('list')
#8 /Applications/XAMPP/xamppfiles/htdocs/framework/web/CWebApplication.php(141): CWebApplication->runController('powercontractvi...')
#9 /Applications/XAMPP/xamppfiles/htdocs/framework/base/CApplication.php(185): CWebApplication->processRequest()
#10 /Applications/XAMPP/xamppfiles/htdocs/platform/index.php(14): CApplication->run()
#11 {main}
REQUEST_URI=/powercontractview/list
---
2018/06/01 16:53:22 [error] [exception.CException] CException: 属性 "CDbCriteria.id" 未被定义. in /Applications/XAMPP/xamppfiles/htdocs/framework/base/CComponent.php:173
Stack trace:
#0 /Applications/XAMPP/xamppfiles/htdocs/framework/db/schema/CDbCriteria.php(160): CComponent->__set('id', Array)
#1 /Applications/XAMPP/xamppfiles/htdocs/framework/db/schema/CDbCommandBuilder.php(588): CDbCriteria->__construct(Array)
#2 /Applications/XAMPP/xamppfiles/htdocs/framework/db/ar/CActiveRecord.php(1477): CDbCommandBuilder->createCriteria(Array, Array)
#3 /Applications/XAMPP/xamppfiles/htdocs/platform/protected/models/PowerContractModel.php(38): CActiveRecord->findAll(Array)
#4 /Applications/XAMPP/xamppfiles/htdocs/platform/protected/controllers/PowerContractController.php(21): PowerContractModel->getList(0, '1', '20')
#5 /Applications/XAMPP/xamppfiles/htdocs/framework/web/actions/CInlineAction.php(49): PowerContractController->actionGetList()
#6 /Applications/XAMPP/xamppfiles/htdocs/framework/web/CController.php(308): CInlineAction->runWithParams(Array)
#7 /Applications/XAMPP/xamppfiles/htdocs/platform/protected/components/CommonController.php(416): CController->runAction(Object(CInlineAction))
#8 /Applications/XAMPP/xamppfiles/htdocs/framework/web/CController.php(286): CommonController->runAction(Object(CInlineAction))
#9 /Applications/XAMPP/xamppfiles/htdocs/framework/web/CController.php(265): CController->runActionWithFilters(Object(CInlineAction), Array)
#10 /Applications/XAMPP/xamppfiles/htdocs/framework/web/CWebApplication.php(282): CController->run('getlist')
#11 /Applications/XAMPP/xamppfiles/htdocs/framework/web/CWebApplication.php(141): CWebApplication->runController('powerContract/g...')
#12 /Applications/XAMPP/xamppfiles/htdocs/framework/base/CApplication.php(185): CWebApplication->processRequest()
#13 /Applications/XAMPP/xamppfiles/htdocs/platform/index.php(14): CApplication->run()
#14 {main}
REQUEST_URI=/powerContract/getlist?size=20&page=1&_=1527843202806
HTTP_REFERER=http://localhost/powercontractview/list
---
2018/06/01 16:55:09 [error] [php] Array to string conversion (/Applications/XAMPP/xamppfiles/htdocs/framework/db/CDbCommand.php:275)
Stack trace:
#0 /Applications/XAMPP/xamppfiles/htdocs/framework/db/schema/CDbCommandBuilder.php(100): CMysqlCommandBuilder->bindValues()
#1 /Applications/XAMPP/xamppfiles/htdocs/framework/db/ar/CActiveRecord.php(1358): CMysqlCommandBuilder->createFindCommand()
#2 /Applications/XAMPP/xamppfiles/htdocs/framework/db/ar/CActiveRecord.php(1478): CoinModel->query()
#3 /Applications/XAMPP/xamppfiles/htdocs/platform/protected/models/PowerContractModel.php(38): CoinModel->findAll()
#4 /Applications/XAMPP/xamppfiles/htdocs/platform/protected/controllers/PowerContractController.php(21): PowerContractModel->getList()
#5 /Applications/XAMPP/xamppfiles/htdocs/framework/web/actions/CInlineAction.php(49): PowerContractController->actionGetList()
#6 /Applications/XAMPP/xamppfiles/htdocs/framework/web/CController.php(308): CInlineAction->runWithParams()
#7 /Applications/XAMPP/xamppfiles/htdocs/platform/protected/components/CommonController.php(416): PowerContractController->runAction()
#8 /Applications/XAMPP/xamppfiles/htdocs/framework/web/CController.php(286): PowerContractController->runAction()
#9 /Applications/XAMPP/xamppfiles/htdocs/framework/web/CController.php(265): PowerContractController->runActionWithFilters()
#10 /Applications/XAMPP/xamppfiles/htdocs/framework/web/CWebApplication.php(282): PowerContractController->run()
#11 /Applications/XAMPP/xamppfiles/htdocs/framework/web/CWebApplication.php(141): CWebApplication->runController()
#12 /Applications/XAMPP/xamppfiles/htdocs/framework/base/CApplication.php(185): CWebApplication->processRequest()
#13 /Applications/XAMPP/xamppfiles/htdocs/platform/index.php(14): CWebApplication->run()
REQUEST_URI=/powerContract/getlist?size=20&page=1&_=1527843309020
2018/06/01 16:55:46 [error] [exception.ParseError] ParseError: syntax error, unexpected '$coin_id' (T_VARIABLE), expecting ',' or ')' in /Applications/XAMPP/xamppfiles/htdocs/platform/protected/models/PowerContractModel.php:38
Stack trace:
#0 [internal function]: YiiBase::autoload('PowerContractMo...')
#1 /Applications/XAMPP/xamppfiles/htdocs/platform/protected/controllers/PowerContractController.php(21): spl_autoload_call('PowerContractMo...')
#2 /Applications/XAMPP/xamppfiles/htdocs/framework/web/actions/CInlineAction.php(49): PowerContractController->actionGetList()
#3 /Applications/XAMPP/xamppfiles/htdocs/framework/web/CController.php(308): CInlineAction->runWithParams(Array)
#4 /Applications/XAMPP/xamppfiles/htdocs/platform/protected/components/CommonController.php(416): CController->runAction(Object(CInlineAction))
#5 /Applications/XAMPP/xamppfiles/htdocs/framework/web/CController.php(286): CommonController->runAction(Object(CInlineAction))
#6 /Applications/XAMPP/xamppfiles/htdocs/framework/web/CController.php(265): CController->runActionWithFilters(Object(CInlineAction), Array)
#7 /Applications/XAMPP/xamppfiles/htdocs/framework/web/CWebApplication.php(282): CController->run('getlist')
#8 /Applications/XAMPP/xamppfiles/htdocs/framework/web/CWebApplication.php(141): CWebApplication->runController('powerContract/g...')
#9 /Applications/XAMPP/xamppfiles/htdocs/framework/base/CApplication.php(185): CWebApplication->processRequest()
#10 /Applications/XAMPP/xamppfiles/htdocs/platform/index.php(14): CApplication->run()
#11 {main}
REQUEST_URI=/powerContract/getlist?size=20&page=1&_=1527843346339
HTTP_REFERER=http://localhost/powercontractview/list
---
2018/06/01 16:56:04 [error] [system.db.CDbCommand] CDbCommand::fetchAll() failed: SQLSTATE[42000]: Syntax error or access violation: 1064 You have an error in your SQL syntax; check the manual that corresponds to your MariaDB server version for the right syntax to use near ''1,2'' at line 1. The SQL statement executed was: SELECT * FROM `platform_coin` `t` WHERE id in :id.
2018/06/01 16:56:04 [error] [exception.CDbException] CDbException: CDbCommand 无法执行 SQL 语句: SQLSTATE[42000]: Syntax error or access violation: 1064 You have an error in your SQL syntax; check the manual that corresponds to your MariaDB server version for the right syntax to use near ''1,2'' at line 1 in /Applications/XAMPP/xamppfiles/htdocs/framework/db/CDbCommand.php:543
Stack trace:
#0 /Applications/XAMPP/xamppfiles/htdocs/framework/db/CDbCommand.php(396): CDbCommand->queryInternal('fetchAll', Array, Array)
#1 /Applications/XAMPP/xamppfiles/htdocs/framework/db/ar/CActiveRecord.php(1359): CDbCommand->queryAll()
#2 /Applications/XAMPP/xamppfiles/htdocs/framework/db/ar/CActiveRecord.php(1478): CActiveRecord->query(Object(CDbCriteria), true)
#3 /Applications/XAMPP/xamppfiles/htdocs/platform/protected/models/PowerContractModel.php(38): CActiveRecord->findAll('id in :id', Array)
#4 /Applications/XAMPP/xamppfiles/htdocs/platform/protected/controllers/PowerContractController.php(21): PowerContractModel->getList(0, '1', '20')
#5 /Applications/XAMPP/xamppfiles/htdocs/framework/web/actions/CInlineAction.php(49): PowerContractController->actionGetList()
#6 /Applications/XAMPP/xamppfiles/htdocs/framework/web/CController.php(308): CInlineAction->runWithParams(Array)
#7 /Applications/XAMPP/xamppfiles/htdocs/platform/protected/components/CommonController.php(416): CController->runAction(Object(CInlineAction))
#8 /Applications/XAMPP/xamppfiles/htdocs/framework/web/CController.php(286): CommonController->runAction(Object(CInlineAction))
#9 /Applications/XAMPP/xamppfiles/htdocs/framework/web/CController.php(265): CController->runActionWithFilters(Object(CInlineAction), Array)
#10 /Applications/XAMPP/xamppfiles/htdocs/framework/web/CWebApplication.php(282): CController->run('getlist')
#11 /Applications/XAMPP/xamppfiles/htdocs/framework/web/CWebApplication.php(141): CWebApplication->runController('powerContract/g...')
#12 /Applications/XAMPP/xamppfiles/htdocs/framework/base/CApplication.php(185): CWebApplication->processRequest()
#13 /Applications/XAMPP/xamppfiles/htdocs/platform/index.php(14): CApplication->run()
#14 {main}
REQUEST_URI=/powerContract/getlist?size=20&page=1&_=1527843364288
HTTP_REFERER=http://localhost/powercontractview/list
---
2018/06/01 17:07:25 [error] [php] Trying to get property of non-object (/Applications/XAMPP/xamppfiles/htdocs/platform/protected/controllers/PowerContractController.php:27)
Stack trace:
#0 /Applications/XAMPP/xamppfiles/htdocs/platform/protected/components/CommonController.php(416): PowerContractController->runAction()
#1 /Applications/XAMPP/xamppfiles/htdocs/framework/web/CController.php(286): PowerContractController->runAction()
#2 /Applications/XAMPP/xamppfiles/htdocs/framework/web/CController.php(265): PowerContractController->runActionWithFilters()
#3 /Applications/XAMPP/xamppfiles/htdocs/framework/web/CWebApplication.php(282): PowerContractController->run()
#4 /Applications/XAMPP/xamppfiles/htdocs/framework/web/CWebApplication.php(141): CWebApplication->runController()
#5 /Applications/XAMPP/xamppfiles/htdocs/framework/base/CApplication.php(185): CWebApplication->processRequest()
#6 /Applications/XAMPP/xamppfiles/htdocs/platform/index.php(14): CWebApplication->run()
REQUEST_URI=/powerContract/getlist?size=20&page=1&_=1527844045553
2018/06/01 17:08:35 [error] [php] Illegal string offset 'coin_id' (/Applications/XAMPP/xamppfiles/htdocs/platform/protected/controllers/PowerContractController.php:27)
Stack trace:
#0 /Applications/XAMPP/xamppfiles/htdocs/platform/protected/components/CommonController.php(416): PowerContractController->runAction()
#1 /Applications/XAMPP/xamppfiles/htdocs/framework/web/CController.php(286): PowerContractController->runAction()
#2 /Applications/XAMPP/xamppfiles/htdocs/framework/web/CController.php(265): PowerContractController->runActionWithFilters()
#3 /Applications/XAMPP/xamppfiles/htdocs/framework/web/CWebApplication.php(282): PowerContractController->run()
#4 /Applications/XAMPP/xamppfiles/htdocs/framework/web/CWebApplication.php(141): CWebApplication->runController()
#5 /Applications/XAMPP/xamppfiles/htdocs/framework/base/CApplication.php(185): CWebApplication->processRequest()
#6 /Applications/XAMPP/xamppfiles/htdocs/platform/index.php(14): CWebApplication->run()
REQUEST_URI=/powerContract/getlist?size=20&page=1&_=1527844115377
2018/06/01 17:09:53 [error] [php] Illegal string offset 'coin_id' (/Applications/XAMPP/xamppfiles/htdocs/platform/protected/controllers/PowerContractController.php:27)
Stack trace:
#0 /Applications/XAMPP/xamppfiles/htdocs/platform/protected/components/CommonController.php(416): PowerContractController->runAction()
#1 /Applications/XAMPP/xamppfiles/htdocs/framework/web/CController.php(286): PowerContractController->runAction()
#2 /Applications/XAMPP/xamppfiles/htdocs/framework/web/CController.php(265): PowerContractController->runActionWithFilters()
#3 /Applications/XAMPP/xamppfiles/htdocs/framework/web/CWebApplication.php(282): PowerContractController->run()
#4 /Applications/XAMPP/xamppfiles/htdocs/framework/web/CWebApplication.php(141): CWebApplication->runController()
#5 /Applications/XAMPP/xamppfiles/htdocs/framework/base/CApplication.php(185): CWebApplication->processRequest()
#6 /Applications/XAMPP/xamppfiles/htdocs/platform/index.php(14): CWebApplication->run()
REQUEST_URI=/powerContract/getlist?size=20&page=1&_=1527844193911
2018/06/01 17:21:44 [error] [exception.CException] CException: MiningMachineModel and its behaviors do not have a method or closure named "getCoinsByIds". in /Applications/XAMPP/xamppfiles/htdocs/framework/base/CComponent.php:266
Stack trace:
#0 /Applications/XAMPP/xamppfiles/htdocs/framework/db/ar/CActiveRecord.php(229): CComponent->__call('getCoinsByIds', Array)
#1 /Applications/XAMPP/xamppfiles/htdocs/platform/protected/controllers/PowerContractController.php(39): CActiveRecord->__call('getCoinsByIds', Array)
#2 /Applications/XAMPP/xamppfiles/htdocs/framework/web/actions/CInlineAction.php(49): PowerContractController->actionGetList()
#3 /Applications/XAMPP/xamppfiles/htdocs/framework/web/CController.php(308): CInlineAction->runWithParams(Array)
#4 /Applications/XAMPP/xamppfiles/htdocs/platform/protected/components/CommonController.php(416): CController->runAction(Object(CInlineAction))
#5 /Applications/XAMPP/xamppfiles/htdocs/framework/web/CController.php(286): CommonController->runAction(Object(CInlineAction))
#6 /Applications/XAMPP/xamppfiles/htdocs/framework/web/CController.php(265): CController->runActionWithFilters(Object(CInlineAction), Array)
#7 /Applications/XAMPP/xamppfiles/htdocs/framework/web/CWebApplication.php(282): CController->run('getlist')
#8 /Applications/XAMPP/xamppfiles/htdocs/framework/web/CWebApplication.php(141): CWebApplication->runController('powerContract/g...')
#9 /Applications/XAMPP/xamppfiles/htdocs/framework/base/CApplication.php(185): CWebApplication->processRequest()
#10 /Applications/XAMPP/xamppfiles/htdocs/platform/index.php(14): CApplication->run()
#11 {main}
REQUEST_URI=/powerContract/getlist?size=20&page=1&_=1527844223526
---
2018/06/01 17:23:36 [error] [exception.ParseError] ParseError: syntax error, unexpected 'foreach' (T_FOREACH) in /Applications/XAMPP/xamppfiles/htdocs/platform/protected/controllers/PowerContractController.php:44
Stack trace:
#0 /Applications/XAMPP/xamppfiles/htdocs/framework/web/CWebApplication.php(276): CWebApplication->createController('getlist/')
#1 /Applications/XAMPP/xamppfiles/htdocs/framework/web/CWebApplication.php(141): CWebApplication->runController('powerContract/g...')
#2 /Applications/XAMPP/xamppfiles/htdocs/framework/base/CApplication.php(185): CWebApplication->processRequest()
#3 /Applications/XAMPP/xamppfiles/htdocs/platform/index.php(14): CApplication->run()
#4 {main}
REQUEST_URI=/powerContract/getlist?size=20&page=1&_=1527844223526
---
