2018/07/25 08:29:12 [error] [php] Undefined index: title_zh_cn (D:\C\code\platform\platform\protected\views\site\help.php:86)
Stack trace:
#0 D:\C\code\platform\framework\web\CController.php(872): SiteController->renderFile()
#1 D:\C\code\platform\framework\web\CController.php(785): SiteController->renderPartial()
#2 D:\C\code\platform\platform\protected\controllers\SiteController.php(144): SiteController->render()
#3 D:\C\code\platform\framework\web\actions\CInlineAction.php(49): SiteController->actionHelp()
#4 D:\C\code\platform\framework\web\CController.php(308): CInlineAction->runWithParams()
#5 D:\C\code\platform\platform\protected\components\CommonController.php(423): SiteController->runAction()
#6 D:\C\code\platform\framework\web\CController.php(286): SiteController->runAction()
#7 D:\C\code\platform\framework\web\CController.php(265): SiteController->runActionWithFilters()
#8 D:\C\code\platform\framework\web\CWebApplication.php(282): SiteController->run()
#9 D:\C\code\platform\framework\web\CWebApplication.php(141): CWebApplication->runController()
#10 D:\C\code\platform\framework\base\CApplication.php(185): CWebApplication->processRequest()
#11 D:\C\code\platform\platform\index.php(14): CWebApplication->run()
REQUEST_URI=/help
2018/07/25 08:29:13 [error] [php] Undefined index: title_zh_cn (D:\C\code\platform\platform\protected\views\site\help.php:86)
Stack trace:
#0 D:\C\code\platform\framework\web\CController.php(872): SiteController->renderFile()
#1 D:\C\code\platform\framework\web\CController.php(785): SiteController->renderPartial()
#2 D:\C\code\platform\platform\protected\controllers\SiteController.php(144): SiteController->render()
#3 D:\C\code\platform\framework\web\actions\CInlineAction.php(49): SiteController->actionHelp()
#4 D:\C\code\platform\framework\web\CController.php(308): CInlineAction->runWithParams()
#5 D:\C\code\platform\platform\protected\components\CommonController.php(423): SiteController->runAction()
#6 D:\C\code\platform\framework\web\CController.php(286): SiteController->runAction()
#7 D:\C\code\platform\framework\web\CController.php(265): SiteController->runActionWithFilters()
#8 D:\C\code\platform\framework\web\CWebApplication.php(282): SiteController->run()
#9 D:\C\code\platform\framework\web\CWebApplication.php(141): CWebApplication->runController()
#10 D:\C\code\platform\framework\base\CApplication.php(185): CWebApplication->processRequest()
#11 D:\C\code\platform\platform\index.php(14): CWebApplication->run()
REQUEST_URI=/help
2018/07/25 08:29:15 [error] [php] Undefined index: title_zh_cn (D:\C\code\platform\platform\protected\views\site\help.php:86)
Stack trace:
#0 D:\C\code\platform\framework\web\CController.php(872): SiteController->renderFile()
#1 D:\C\code\platform\framework\web\CController.php(785): SiteController->renderPartial()
#2 D:\C\code\platform\platform\protected\controllers\SiteController.php(144): SiteController->render()
#3 D:\C\code\platform\framework\web\actions\CInlineAction.php(49): SiteController->actionHelp()
#4 D:\C\code\platform\framework\web\CController.php(308): CInlineAction->runWithParams()
#5 D:\C\code\platform\platform\protected\components\CommonController.php(423): SiteController->runAction()
#6 D:\C\code\platform\framework\web\CController.php(286): SiteController->runAction()
#7 D:\C\code\platform\framework\web\CController.php(265): SiteController->runActionWithFilters()
#8 D:\C\code\platform\framework\web\CWebApplication.php(282): SiteController->run()
#9 D:\C\code\platform\framework\web\CWebApplication.php(141): CWebApplication->runController()
#10 D:\C\code\platform\framework\base\CApplication.php(185): CWebApplication->processRequest()
#11 D:\C\code\platform\platform\index.php(14): CWebApplication->run()
REQUEST_URI=/help
2018/07/25 08:29:24 [error] [php] Undefined index: name_zh_cn (D:\C\code\platform\platform\protected\views\site\about.php:200)
Stack trace:
#0 D:\C\code\platform\framework\web\CController.php(872): SiteController->renderFile()
#1 D:\C\code\platform\framework\web\CController.php(785): SiteController->renderPartial()
#2 D:\C\code\platform\platform\protected\controllers\SiteController.php(161): SiteController->render()
#3 D:\C\code\platform\framework\web\actions\CInlineAction.php(49): SiteController->actionAbout()
#4 D:\C\code\platform\framework\web\CController.php(308): CInlineAction->runWithParams()
#5 D:\C\code\platform\platform\protected\components\CommonController.php(423): SiteController->runAction()
#6 D:\C\code\platform\framework\web\CController.php(286): SiteController->runAction()
#7 D:\C\code\platform\framework\web\CController.php(265): SiteController->runActionWithFilters()
#8 D:\C\code\platform\framework\web\CWebApplication.php(282): SiteController->run()
#9 D:\C\code\platform\framework\web\CWebApplication.php(141): CWebApplication->runController()
#10 D:\C\code\platform\framework\base\CApplication.php(185): CWebApplication->processRequest()
#11 D:\C\code\platform\platform\index.php(14): CWebApplication->run()
REQUEST_URI=/about
2018/07/25 08:29:31 [error] [php] Undefined index: name_zh_cn (D:\C\code\platform\platform\protected\views\site\about.php:200)
Stack trace:
#0 D:\C\code\platform\framework\web\CController.php(872): SiteController->renderFile()
#1 D:\C\code\platform\framework\web\CController.php(785): SiteController->renderPartial()
#2 D:\C\code\platform\platform\protected\controllers\SiteController.php(161): SiteController->render()
#3 D:\C\code\platform\framework\web\actions\CInlineAction.php(49): SiteController->actionAbout()
#4 D:\C\code\platform\framework\web\CController.php(308): CInlineAction->runWithParams()
#5 D:\C\code\platform\platform\protected\components\CommonController.php(423): SiteController->runAction()
#6 D:\C\code\platform\framework\web\CController.php(286): SiteController->runAction()
#7 D:\C\code\platform\framework\web\CController.php(265): SiteController->runActionWithFilters()
#8 D:\C\code\platform\framework\web\CWebApplication.php(282): SiteController->run()
#9 D:\C\code\platform\framework\web\CWebApplication.php(141): CWebApplication->runController()
#10 D:\C\code\platform\framework\base\CApplication.php(185): CWebApplication->processRequest()
#11 D:\C\code\platform\platform\index.php(14): CWebApplication->run()
REQUEST_URI=/about
2018/07/25 08:29:32 [error] [php] Undefined index: name_zh_cn (D:\C\code\platform\platform\protected\views\site\about.php:200)
Stack trace:
#0 D:\C\code\platform\framework\web\CController.php(872): SiteController->renderFile()
#1 D:\C\code\platform\framework\web\CController.php(785): SiteController->renderPartial()
#2 D:\C\code\platform\platform\protected\controllers\SiteController.php(161): SiteController->render()
#3 D:\C\code\platform\framework\web\actions\CInlineAction.php(49): SiteController->actionAbout()
#4 D:\C\code\platform\framework\web\CController.php(308): CInlineAction->runWithParams()
#5 D:\C\code\platform\platform\protected\components\CommonController.php(423): SiteController->runAction()
#6 D:\C\code\platform\framework\web\CController.php(286): SiteController->runAction()
#7 D:\C\code\platform\framework\web\CController.php(265): SiteController->runActionWithFilters()
#8 D:\C\code\platform\framework\web\CWebApplication.php(282): SiteController->run()
#9 D:\C\code\platform\framework\web\CWebApplication.php(141): CWebApplication->runController()
#10 D:\C\code\platform\framework\base\CApplication.php(185): CWebApplication->processRequest()
#11 D:\C\code\platform\platform\index.php(14): CWebApplication->run()
REQUEST_URI=/about
2018/07/25 08:29:33 [error] [php] Undefined index: title_zh_cn (D:\C\code\platform\platform\protected\views\site\help.php:86)
Stack trace:
#0 D:\C\code\platform\framework\web\CController.php(872): SiteController->renderFile()
#1 D:\C\code\platform\framework\web\CController.php(785): SiteController->renderPartial()
#2 D:\C\code\platform\platform\protected\controllers\SiteController.php(144): SiteController->render()
#3 D:\C\code\platform\framework\web\actions\CInlineAction.php(49): SiteController->actionHelp()
#4 D:\C\code\platform\framework\web\CController.php(308): CInlineAction->runWithParams()
#5 D:\C\code\platform\platform\protected\components\CommonController.php(423): SiteController->runAction()
#6 D:\C\code\platform\framework\web\CController.php(286): SiteController->runAction()
#7 D:\C\code\platform\framework\web\CController.php(265): SiteController->runActionWithFilters()
#8 D:\C\code\platform\framework\web\CWebApplication.php(282): SiteController->run()
#9 D:\C\code\platform\framework\web\CWebApplication.php(141): CWebApplication->runController()
#10 D:\C\code\platform\framework\base\CApplication.php(185): CWebApplication->processRequest()
#11 D:\C\code\platform\platform\index.php(14): CWebApplication->run()
REQUEST_URI=/help
2018/07/25 08:29:43 [error] [exception.CHttpException.404] CHttpException: 无法解析请求 "withdraw"。 in D:\C\code\platform\framework\web\CWebApplication.php:286
Stack trace:
#0 D:\C\code\platform\framework\web\CWebApplication.php(141): CWebApplication->runController('withdraw')
#1 D:\C\code\platform\framework\base\CApplication.php(185): CWebApplication->processRequest()
#2 D:\C\code\platform\platform\index.php(14): CApplication->run()
#3 {main}
REQUEST_URI=/withdraw
HTTP_REFERER=http://localhost:8888/userpanel
---
2018/07/25 08:30:04 [error] [php] Undefined index: title_zh_cn (D:\C\code\platform\platform\protected\views\site\help.php:86)
Stack trace:
#0 D:\C\code\platform\framework\web\CController.php(872): SiteController->renderFile()
#1 D:\C\code\platform\framework\web\CController.php(785): SiteController->renderPartial()
#2 D:\C\code\platform\platform\protected\controllers\SiteController.php(144): SiteController->render()
#3 D:\C\code\platform\framework\web\actions\CInlineAction.php(49): SiteController->actionHelp()
#4 D:\C\code\platform\framework\web\CController.php(308): CInlineAction->runWithParams()
#5 D:\C\code\platform\platform\protected\components\CommonController.php(423): SiteController->runAction()
#6 D:\C\code\platform\framework\web\CController.php(286): SiteController->runAction()
#7 D:\C\code\platform\framework\web\CController.php(265): SiteController->runActionWithFilters()
#8 D:\C\code\platform\framework\web\CWebApplication.php(282): SiteController->run()
#9 D:\C\code\platform\framework\web\CWebApplication.php(141): CWebApplication->runController()
#10 D:\C\code\platform\framework\base\CApplication.php(185): CWebApplication->processRequest()
#11 D:\C\code\platform\platform\index.php(14): CWebApplication->run()
REQUEST_URI=/help
2018/07/25 08:30:08 [error] [php] Undefined index: name_zh_cn (D:\C\code\platform\platform\protected\views\site\about.php:200)
Stack trace:
#0 D:\C\code\platform\framework\web\CController.php(872): SiteController->renderFile()
#1 D:\C\code\platform\framework\web\CController.php(785): SiteController->renderPartial()
#2 D:\C\code\platform\platform\protected\controllers\SiteController.php(161): SiteController->render()
#3 D:\C\code\platform\framework\web\actions\CInlineAction.php(49): SiteController->actionAbout()
#4 D:\C\code\platform\framework\web\CController.php(308): CInlineAction->runWithParams()
#5 D:\C\code\platform\platform\protected\components\CommonController.php(423): SiteController->runAction()
#6 D:\C\code\platform\framework\web\CController.php(286): SiteController->runAction()
#7 D:\C\code\platform\framework\web\CController.php(265): SiteController->runActionWithFilters()
#8 D:\C\code\platform\framework\web\CWebApplication.php(282): SiteController->run()
#9 D:\C\code\platform\framework\web\CWebApplication.php(141): CWebApplication->runController()
#10 D:\C\code\platform\framework\base\CApplication.php(185): CWebApplication->processRequest()
#11 D:\C\code\platform\platform\index.php(14): CWebApplication->run()
REQUEST_URI=/about
2018/07/25 08:32:58 [error] [php] Undefined index: name_zh_cn (D:\C\code\platform\platform\protected\views\site\about.php:200)
Stack trace:
#0 D:\C\code\platform\framework\web\CController.php(872): SiteController->renderFile()
#1 D:\C\code\platform\framework\web\CController.php(785): SiteController->renderPartial()
#2 D:\C\code\platform\platform\protected\controllers\SiteController.php(161): SiteController->render()
#3 D:\C\code\platform\framework\web\actions\CInlineAction.php(49): SiteController->actionAbout()
#4 D:\C\code\platform\framework\web\CController.php(308): CInlineAction->runWithParams()
#5 D:\C\code\platform\platform\protected\components\CommonController.php(423): SiteController->runAction()
#6 D:\C\code\platform\framework\web\CController.php(286): SiteController->runAction()
#7 D:\C\code\platform\framework\web\CController.php(265): SiteController->runActionWithFilters()
#8 D:\C\code\platform\framework\web\CWebApplication.php(282): SiteController->run()
#9 D:\C\code\platform\framework\web\CWebApplication.php(141): CWebApplication->runController()
#10 D:\C\code\platform\framework\base\CApplication.php(185): CWebApplication->processRequest()
#11 D:\C\code\platform\platform\index.php(14): CWebApplication->run()
REQUEST_URI=/about
2018/07/25 08:36:12 [error] [php] Undefined index: name_zh_cn (D:\C\code\platform\platform\protected\views\site\about.php:200)
Stack trace:
#0 D:\C\code\platform\framework\web\CController.php(872): SiteController->renderFile()
#1 D:\C\code\platform\framework\web\CController.php(785): SiteController->renderPartial()
#2 D:\C\code\platform\platform\protected\controllers\SiteController.php(161): SiteController->render()
#3 D:\C\code\platform\framework\web\actions\CInlineAction.php(49): SiteController->actionAbout()
#4 D:\C\code\platform\framework\web\CController.php(308): CInlineAction->runWithParams()
#5 D:\C\code\platform\platform\protected\components\CommonController.php(423): SiteController->runAction()
#6 D:\C\code\platform\framework\web\CController.php(286): SiteController->runAction()
#7 D:\C\code\platform\framework\web\CController.php(265): SiteController->runActionWithFilters()
#8 D:\C\code\platform\framework\web\CWebApplication.php(282): SiteController->run()
#9 D:\C\code\platform\framework\web\CWebApplication.php(141): CWebApplication->runController()
#10 D:\C\code\platform\framework\base\CApplication.php(185): CWebApplication->processRequest()
#11 D:\C\code\platform\platform\index.php(14): CWebApplication->run()
REQUEST_URI=/about
2018/07/25 08:36:13 [error] [php] Undefined index: name_zh_cn (D:\C\code\platform\platform\protected\views\site\about.php:200)
Stack trace:
#0 D:\C\code\platform\framework\web\CController.php(872): SiteController->renderFile()
#1 D:\C\code\platform\framework\web\CController.php(785): SiteController->renderPartial()
#2 D:\C\code\platform\platform\protected\controllers\SiteController.php(161): SiteController->render()
#3 D:\C\code\platform\framework\web\actions\CInlineAction.php(49): SiteController->actionAbout()
#4 D:\C\code\platform\framework\web\CController.php(308): CInlineAction->runWithParams()
#5 D:\C\code\platform\platform\protected\components\CommonController.php(423): SiteController->runAction()
#6 D:\C\code\platform\framework\web\CController.php(286): SiteController->runAction()
#7 D:\C\code\platform\framework\web\CController.php(265): SiteController->runActionWithFilters()
#8 D:\C\code\platform\framework\web\CWebApplication.php(282): SiteController->run()
#9 D:\C\code\platform\framework\web\CWebApplication.php(141): CWebApplication->runController()
#10 D:\C\code\platform\framework\base\CApplication.php(185): CWebApplication->processRequest()
#11 D:\C\code\platform\platform\index.php(14): CWebApplication->run()
REQUEST_URI=/about
2018/07/25 08:36:58 [error] [php] Undefined index: title_zh_cn (D:\C\code\platform\platform\protected\views\site\help.php:86)
Stack trace:
#0 D:\C\code\platform\framework\web\CController.php(872): SiteController->renderFile()
#1 D:\C\code\platform\framework\web\CController.php(785): SiteController->renderPartial()
#2 D:\C\code\platform\platform\protected\controllers\SiteController.php(144): SiteController->render()
#3 D:\C\code\platform\framework\web\actions\CInlineAction.php(49): SiteController->actionHelp()
#4 D:\C\code\platform\framework\web\CController.php(308): CInlineAction->runWithParams()
#5 D:\C\code\platform\platform\protected\components\CommonController.php(423): SiteController->runAction()
#6 D:\C\code\platform\framework\web\CController.php(286): SiteController->runAction()
#7 D:\C\code\platform\framework\web\CController.php(265): SiteController->runActionWithFilters()
#8 D:\C\code\platform\framework\web\CWebApplication.php(282): SiteController->run()
#9 D:\C\code\platform\framework\web\CWebApplication.php(141): CWebApplication->runController()
#10 D:\C\code\platform\framework\base\CApplication.php(185): CWebApplication->processRequest()
#11 D:\C\code\platform\platform\index.php(14): CWebApplication->run()
REQUEST_URI=/help
2018/07/25 08:37:00 [error] [php] Undefined index: name_zh_cn (D:\C\code\platform\platform\protected\views\site\about.php:200)
Stack trace:
#0 D:\C\code\platform\framework\web\CController.php(872): SiteController->renderFile()
#1 D:\C\code\platform\framework\web\CController.php(785): SiteController->renderPartial()
#2 D:\C\code\platform\platform\protected\controllers\SiteController.php(161): SiteController->render()
#3 D:\C\code\platform\framework\web\actions\CInlineAction.php(49): SiteController->actionAbout()
#4 D:\C\code\platform\framework\web\CController.php(308): CInlineAction->runWithParams()
#5 D:\C\code\platform\platform\protected\components\CommonController.php(423): SiteController->runAction()
#6 D:\C\code\platform\framework\web\CController.php(286): SiteController->runAction()
#7 D:\C\code\platform\framework\web\CController.php(265): SiteController->runActionWithFilters()
#8 D:\C\code\platform\framework\web\CWebApplication.php(282): SiteController->run()
#9 D:\C\code\platform\framework\web\CWebApplication.php(141): CWebApplication->runController()
#10 D:\C\code\platform\framework\base\CApplication.php(185): CWebApplication->processRequest()
#11 D:\C\code\platform\platform\index.php(14): CWebApplication->run()
REQUEST_URI=/about
2018/07/25 08:37:50 [error] [php] Undefined offset: 2 (D:\C\code\platform\platform\protected\controllers\MachinecontractController.php:46)
Stack trace:
#0 D:\C\code\platform\platform\protected\components\CommonController.php(423): MachineContractController->runAction()
#1 D:\C\code\platform\framework\web\CController.php(286): MachineContractController->runAction()
#2 D:\C\code\platform\framework\web\CController.php(265): MachineContractController->runActionWithFilters()
#3 D:\C\code\platform\framework\web\CWebApplication.php(282): MachineContractController->run()
#4 D:\C\code\platform\framework\web\CWebApplication.php(141): CWebApplication->runController()
#5 D:\C\code\platform\framework\base\CApplication.php(185): CWebApplication->processRequest()
#6 D:\C\code\platform\platform\index.php(14): CWebApplication->run()
REQUEST_URI=/machinecontract/getlist
2018/07/25 08:37:55 [error] [php] Undefined offset: 2 (D:\C\code\platform\platform\protected\controllers\MachinecontractController.php:46)
Stack trace:
#0 D:\C\code\platform\platform\protected\components\CommonController.php(423): MachineContractController->runAction()
#1 D:\C\code\platform\framework\web\CController.php(286): MachineContractController->runAction()
#2 D:\C\code\platform\framework\web\CController.php(265): MachineContractController->runActionWithFilters()
#3 D:\C\code\platform\framework\web\CWebApplication.php(282): MachineContractController->run()
#4 D:\C\code\platform\framework\web\CWebApplication.php(141): CWebApplication->runController()
#5 D:\C\code\platform\framework\base\CApplication.php(185): CWebApplication->processRequest()
#6 D:\C\code\platform\platform\index.php(14): CWebApplication->run()
REQUEST_URI=/machinecontract/getlist
2018/07/25 08:38:02 [error] [php] Undefined index: title_zh_cn (D:\C\code\platform\platform\protected\views\site\help.php:86)
Stack trace:
#0 D:\C\code\platform\framework\web\CController.php(872): SiteController->renderFile()
#1 D:\C\code\platform\framework\web\CController.php(785): SiteController->renderPartial()
#2 D:\C\code\platform\platform\protected\controllers\SiteController.php(144): SiteController->render()
#3 D:\C\code\platform\framework\web\actions\CInlineAction.php(49): SiteController->actionHelp()
#4 D:\C\code\platform\framework\web\CController.php(308): CInlineAction->runWithParams()
#5 D:\C\code\platform\platform\protected\components\CommonController.php(423): SiteController->runAction()
#6 D:\C\code\platform\framework\web\CController.php(286): SiteController->runAction()
#7 D:\C\code\platform\framework\web\CController.php(265): SiteController->runActionWithFilters()
#8 D:\C\code\platform\framework\web\CWebApplication.php(282): SiteController->run()
#9 D:\C\code\platform\framework\web\CWebApplication.php(141): CWebApplication->runController()
#10 D:\C\code\platform\framework\base\CApplication.php(185): CWebApplication->processRequest()
#11 D:\C\code\platform\platform\index.php(14): CWebApplication->run()
REQUEST_URI=/help
2018/07/25 08:38:04 [error] [php] Undefined index: name_zh_cn (D:\C\code\platform\platform\protected\views\site\about.php:200)
Stack trace:
#0 D:\C\code\platform\framework\web\CController.php(872): SiteController->renderFile()
#1 D:\C\code\platform\framework\web\CController.php(785): SiteController->renderPartial()
#2 D:\C\code\platform\platform\protected\controllers\SiteController.php(161): SiteController->render()
#3 D:\C\code\platform\framework\web\actions\CInlineAction.php(49): SiteController->actionAbout()
#4 D:\C\code\platform\framework\web\CController.php(308): CInlineAction->runWithParams()
#5 D:\C\code\platform\platform\protected\components\CommonController.php(423): SiteController->runAction()
#6 D:\C\code\platform\framework\web\CController.php(286): SiteController->runAction()
#7 D:\C\code\platform\framework\web\CController.php(265): SiteController->runActionWithFilters()
#8 D:\C\code\platform\framework\web\CWebApplication.php(282): SiteController->run()
#9 D:\C\code\platform\framework\web\CWebApplication.php(141): CWebApplication->runController()
#10 D:\C\code\platform\framework\base\CApplication.php(185): CWebApplication->processRequest()
#11 D:\C\code\platform\platform\index.php(14): CWebApplication->run()
REQUEST_URI=/about
2018/07/25 08:38:06 [error] [php] Undefined index: title_zh_cn (D:\C\code\platform\platform\protected\views\site\help.php:86)
Stack trace:
#0 D:\C\code\platform\framework\web\CController.php(872): SiteController->renderFile()
#1 D:\C\code\platform\framework\web\CController.php(785): SiteController->renderPartial()
#2 D:\C\code\platform\platform\protected\controllers\SiteController.php(144): SiteController->render()
#3 D:\C\code\platform\framework\web\actions\CInlineAction.php(49): SiteController->actionHelp()
#4 D:\C\code\platform\framework\web\CController.php(308): CInlineAction->runWithParams()
#5 D:\C\code\platform\platform\protected\components\CommonController.php(423): SiteController->runAction()
#6 D:\C\code\platform\framework\web\CController.php(286): SiteController->runAction()
#7 D:\C\code\platform\framework\web\CController.php(265): SiteController->runActionWithFilters()
#8 D:\C\code\platform\framework\web\CWebApplication.php(282): SiteController->run()
#9 D:\C\code\platform\framework\web\CWebApplication.php(141): CWebApplication->runController()
#10 D:\C\code\platform\framework\base\CApplication.php(185): CWebApplication->processRequest()
#11 D:\C\code\platform\platform\index.php(14): CWebApplication->run()
REQUEST_URI=/help
2018/07/25 08:38:07 [error] [php] Undefined index: name_zh_cn (D:\C\code\platform\platform\protected\views\site\about.php:200)
Stack trace:
#0 D:\C\code\platform\framework\web\CController.php(872): SiteController->renderFile()
#1 D:\C\code\platform\framework\web\CController.php(785): SiteController->renderPartial()
#2 D:\C\code\platform\platform\protected\controllers\SiteController.php(161): SiteController->render()
#3 D:\C\code\platform\framework\web\actions\CInlineAction.php(49): SiteController->actionAbout()
#4 D:\C\code\platform\framework\web\CController.php(308): CInlineAction->runWithParams()
#5 D:\C\code\platform\platform\protected\components\CommonController.php(423): SiteController->runAction()
#6 D:\C\code\platform\framework\web\CController.php(286): SiteController->runAction()
#7 D:\C\code\platform\framework\web\CController.php(265): SiteController->runActionWithFilters()
#8 D:\C\code\platform\framework\web\CWebApplication.php(282): SiteController->run()
#9 D:\C\code\platform\framework\web\CWebApplication.php(141): CWebApplication->runController()
#10 D:\C\code\platform\framework\base\CApplication.php(185): CWebApplication->processRequest()
#11 D:\C\code\platform\platform\index.php(14): CWebApplication->run()
REQUEST_URI=/about
2018/07/25 08:38:08 [error] [php] Undefined index: title_zh_cn (D:\C\code\platform\platform\protected\views\site\help.php:86)
Stack trace:
#0 D:\C\code\platform\framework\web\CController.php(872): SiteController->renderFile()
#1 D:\C\code\platform\framework\web\CController.php(785): SiteController->renderPartial()
#2 D:\C\code\platform\platform\protected\controllers\SiteController.php(144): SiteController->render()
#3 D:\C\code\platform\framework\web\actions\CInlineAction.php(49): SiteController->actionHelp()
#4 D:\C\code\platform\framework\web\CController.php(308): CInlineAction->runWithParams()
#5 D:\C\code\platform\platform\protected\components\CommonController.php(423): SiteController->runAction()
#6 D:\C\code\platform\framework\web\CController.php(286): SiteController->runAction()
#7 D:\C\code\platform\framework\web\CController.php(265): SiteController->runActionWithFilters()
#8 D:\C\code\platform\framework\web\CWebApplication.php(282): SiteController->run()
#9 D:\C\code\platform\framework\web\CWebApplication.php(141): CWebApplication->runController()
#10 D:\C\code\platform\framework\base\CApplication.php(185): CWebApplication->processRequest()
#11 D:\C\code\platform\platform\index.php(14): CWebApplication->run()
REQUEST_URI=/help
2018/07/25 08:38:10 [error] [php] Undefined index: name_zh_cn (D:\C\code\platform\platform\protected\views\site\about.php:200)
Stack trace:
#0 D:\C\code\platform\framework\web\CController.php(872): SiteController->renderFile()
#1 D:\C\code\platform\framework\web\CController.php(785): SiteController->renderPartial()
#2 D:\C\code\platform\platform\protected\controllers\SiteController.php(161): SiteController->render()
#3 D:\C\code\platform\framework\web\actions\CInlineAction.php(49): SiteController->actionAbout()
#4 D:\C\code\platform\framework\web\CController.php(308): CInlineAction->runWithParams()
#5 D:\C\code\platform\platform\protected\components\CommonController.php(423): SiteController->runAction()
#6 D:\C\code\platform\framework\web\CController.php(286): SiteController->runAction()
#7 D:\C\code\platform\framework\web\CController.php(265): SiteController->runActionWithFilters()
#8 D:\C\code\platform\framework\web\CWebApplication.php(282): SiteController->run()
#9 D:\C\code\platform\framework\web\CWebApplication.php(141): CWebApplication->runController()
#10 D:\C\code\platform\framework\base\CApplication.php(185): CWebApplication->processRequest()
#11 D:\C\code\platform\platform\index.php(14): CWebApplication->run()
REQUEST_URI=/about
2018/07/25 08:38:54 [error] [php] Undefined index: title_zh_cn (D:\C\code\platform\platform\protected\views\site\help.php:86)
Stack trace:
#0 D:\C\code\platform\framework\web\CController.php(872): SiteController->renderFile()
#1 D:\C\code\platform\framework\web\CController.php(785): SiteController->renderPartial()
#2 D:\C\code\platform\platform\protected\controllers\SiteController.php(144): SiteController->render()
#3 D:\C\code\platform\framework\web\actions\CInlineAction.php(49): SiteController->actionHelp()
#4 D:\C\code\platform\framework\web\CController.php(308): CInlineAction->runWithParams()
#5 D:\C\code\platform\platform\protected\components\CommonController.php(423): SiteController->runAction()
#6 D:\C\code\platform\framework\web\CController.php(286): SiteController->runAction()
#7 D:\C\code\platform\framework\web\CController.php(265): SiteController->runActionWithFilters()
#8 D:\C\code\platform\framework\web\CWebApplication.php(282): SiteController->run()
#9 D:\C\code\platform\framework\web\CWebApplication.php(141): CWebApplication->runController()
#10 D:\C\code\platform\framework\base\CApplication.php(185): CWebApplication->processRequest()
#11 D:\C\code\platform\platform\index.php(14): CWebApplication->run()
REQUEST_URI=/help
2018/07/25 08:38:56 [error] [php] Undefined index: name_zh_cn (D:\C\code\platform\platform\protected\views\site\about.php:200)
Stack trace:
#0 D:\C\code\platform\framework\web\CController.php(872): SiteController->renderFile()
#1 D:\C\code\platform\framework\web\CController.php(785): SiteController->renderPartial()
#2 D:\C\code\platform\platform\protected\controllers\SiteController.php(161): SiteController->render()
#3 D:\C\code\platform\framework\web\actions\CInlineAction.php(49): SiteController->actionAbout()
#4 D:\C\code\platform\framework\web\CController.php(308): CInlineAction->runWithParams()
#5 D:\C\code\platform\platform\protected\components\CommonController.php(423): SiteController->runAction()
#6 D:\C\code\platform\framework\web\CController.php(286): SiteController->runAction()
#7 D:\C\code\platform\framework\web\CController.php(265): SiteController->runActionWithFilters()
#8 D:\C\code\platform\framework\web\CWebApplication.php(282): SiteController->run()
#9 D:\C\code\platform\framework\web\CWebApplication.php(141): CWebApplication->runController()
#10 D:\C\code\platform\framework\base\CApplication.php(185): CWebApplication->processRequest()
#11 D:\C\code\platform\platform\index.php(14): CWebApplication->run()
REQUEST_URI=/about
2018/07/25 08:40:06 [error] [php] Undefined index: working_hours (D:\C\code\platform\platform\protected\views\site\about.php:220)
Stack trace:
#0 D:\C\code\platform\framework\web\CController.php(872): SiteController->renderFile()
#1 D:\C\code\platform\framework\web\CController.php(785): SiteController->renderPartial()
#2 D:\C\code\platform\platform\protected\controllers\SiteController.php(161): SiteController->render()
#3 D:\C\code\platform\framework\web\actions\CInlineAction.php(49): SiteController->actionAbout()
#4 D:\C\code\platform\framework\web\CController.php(308): CInlineAction->runWithParams()
#5 D:\C\code\platform\platform\protected\components\CommonController.php(423): SiteController->runAction()
#6 D:\C\code\platform\framework\web\CController.php(286): SiteController->runAction()
#7 D:\C\code\platform\framework\web\CController.php(265): SiteController->runActionWithFilters()
#8 D:\C\code\platform\framework\web\CWebApplication.php(282): SiteController->run()
#9 D:\C\code\platform\framework\web\CWebApplication.php(141): CWebApplication->runController()
#10 D:\C\code\platform\framework\base\CApplication.php(185): CWebApplication->processRequest()
#11 D:\C\code\platform\platform\index.php(14): CWebApplication->run()
REQUEST_URI=/about
2018/07/25 08:40:08 [error] [php] Undefined index: title_zh_cn (D:\C\code\platform\platform\protected\views\site\help.php:86)
Stack trace:
#0 D:\C\code\platform\framework\web\CController.php(872): SiteController->renderFile()
#1 D:\C\code\platform\framework\web\CController.php(785): SiteController->renderPartial()
#2 D:\C\code\platform\platform\protected\controllers\SiteController.php(144): SiteController->render()
#3 D:\C\code\platform\framework\web\actions\CInlineAction.php(49): SiteController->actionHelp()
#4 D:\C\code\platform\framework\web\CController.php(308): CInlineAction->runWithParams()
#5 D:\C\code\platform\platform\protected\components\CommonController.php(423): SiteController->runAction()
#6 D:\C\code\platform\framework\web\CController.php(286): SiteController->runAction()
#7 D:\C\code\platform\framework\web\CController.php(265): SiteController->runActionWithFilters()
#8 D:\C\code\platform\framework\web\CWebApplication.php(282): SiteController->run()
#9 D:\C\code\platform\framework\web\CWebApplication.php(141): CWebApplication->runController()
#10 D:\C\code\platform\framework\base\CApplication.php(185): CWebApplication->processRequest()
#11 D:\C\code\platform\platform\index.php(14): CWebApplication->run()
REQUEST_URI=/help
2018/07/25 08:41:03 [error] [php] Undefined index: title_zh_cn (D:\C\code\platform\platform\protected\views\site\help.php:86)
Stack trace:
#0 D:\C\code\platform\framework\web\CController.php(872): SiteController->renderFile()
#1 D:\C\code\platform\framework\web\CController.php(785): SiteController->renderPartial()
#2 D:\C\code\platform\platform\protected\controllers\SiteController.php(144): SiteController->render()
#3 D:\C\code\platform\framework\web\actions\CInlineAction.php(49): SiteController->actionHelp()
#4 D:\C\code\platform\framework\web\CController.php(308): CInlineAction->runWithParams()
#5 D:\C\code\platform\platform\protected\components\CommonController.php(423): SiteController->runAction()
#6 D:\C\code\platform\framework\web\CController.php(286): SiteController->runAction()
#7 D:\C\code\platform\framework\web\CController.php(265): SiteController->runActionWithFilters()
#8 D:\C\code\platform\framework\web\CWebApplication.php(282): SiteController->run()
#9 D:\C\code\platform\framework\web\CWebApplication.php(141): CWebApplication->runController()
#10 D:\C\code\platform\framework\base\CApplication.php(185): CWebApplication->processRequest()
#11 D:\C\code\platform\platform\index.php(14): CWebApplication->run()
REQUEST_URI=/help
2018/07/25 08:41:04 [error] [php] Undefined index: working_hours (D:\C\code\platform\platform\protected\views\site\about.php:220)
Stack trace:
#0 D:\C\code\platform\framework\web\CController.php(872): SiteController->renderFile()
#1 D:\C\code\platform\framework\web\CController.php(785): SiteController->renderPartial()
#2 D:\C\code\platform\platform\protected\controllers\SiteController.php(161): SiteController->render()
#3 D:\C\code\platform\framework\web\actions\CInlineAction.php(49): SiteController->actionAbout()
#4 D:\C\code\platform\framework\web\CController.php(308): CInlineAction->runWithParams()
#5 D:\C\code\platform\platform\protected\components\CommonController.php(423): SiteController->runAction()
#6 D:\C\code\platform\framework\web\CController.php(286): SiteController->runAction()
#7 D:\C\code\platform\framework\web\CController.php(265): SiteController->runActionWithFilters()
#8 D:\C\code\platform\framework\web\CWebApplication.php(282): SiteController->run()
#9 D:\C\code\platform\framework\web\CWebApplication.php(141): CWebApplication->runController()
#10 D:\C\code\platform\framework\base\CApplication.php(185): CWebApplication->processRequest()
#11 D:\C\code\platform\platform\index.php(14): CWebApplication->run()
REQUEST_URI=/about
2018/07/25 08:41:05 [error] [php] Undefined index: working_hours (D:\C\code\platform\platform\protected\views\site\about.php:220)
Stack trace:
#0 D:\C\code\platform\framework\web\CController.php(872): SiteController->renderFile()
#1 D:\C\code\platform\framework\web\CController.php(785): SiteController->renderPartial()
#2 D:\C\code\platform\platform\protected\controllers\SiteController.php(161): SiteController->render()
#3 D:\C\code\platform\framework\web\actions\CInlineAction.php(49): SiteController->actionAbout()
#4 D:\C\code\platform\framework\web\CController.php(308): CInlineAction->runWithParams()
#5 D:\C\code\platform\platform\protected\components\CommonController.php(423): SiteController->runAction()
#6 D:\C\code\platform\framework\web\CController.php(286): SiteController->runAction()
#7 D:\C\code\platform\framework\web\CController.php(265): SiteController->runActionWithFilters()
#8 D:\C\code\platform\framework\web\CWebApplication.php(282): SiteController->run()
#9 D:\C\code\platform\framework\web\CWebApplication.php(141): CWebApplication->runController()
#10 D:\C\code\platform\framework\base\CApplication.php(185): CWebApplication->processRequest()
#11 D:\C\code\platform\platform\index.php(14): CWebApplication->run()
REQUEST_URI=/about
2018/07/25 08:43:54 [error] [php] Undefined index: title_zh_cn (D:\C\code\platform\platform\protected\views\site\help.php:86)
Stack trace:
#0 D:\C\code\platform\framework\web\CController.php(872): SiteController->renderFile()
#1 D:\C\code\platform\framework\web\CController.php(785): SiteController->renderPartial()
#2 D:\C\code\platform\platform\protected\controllers\SiteController.php(144): SiteController->render()
#3 D:\C\code\platform\framework\web\actions\CInlineAction.php(49): SiteController->actionHelp()
#4 D:\C\code\platform\framework\web\CController.php(308): CInlineAction->runWithParams()
#5 D:\C\code\platform\platform\protected\components\CommonController.php(423): SiteController->runAction()
#6 D:\C\code\platform\framework\web\CController.php(286): SiteController->runAction()
#7 D:\C\code\platform\framework\web\CController.php(265): SiteController->runActionWithFilters()
#8 D:\C\code\platform\framework\web\CWebApplication.php(282): SiteController->run()
#9 D:\C\code\platform\framework\web\CWebApplication.php(141): CWebApplication->runController()
#10 D:\C\code\platform\framework\base\CApplication.php(185): CWebApplication->processRequest()
#11 D:\C\code\platform\platform\index.php(14): CWebApplication->run()
REQUEST_URI=/help
2018/07/25 08:43:57 [error] [php] Undefined index: working_hours (D:\C\code\platform\platform\protected\views\site\about.php:220)
Stack trace:
#0 D:\C\code\platform\framework\web\CController.php(872): SiteController->renderFile()
#1 D:\C\code\platform\framework\web\CController.php(785): SiteController->renderPartial()
#2 D:\C\code\platform\platform\protected\controllers\SiteController.php(161): SiteController->render()
#3 D:\C\code\platform\framework\web\actions\CInlineAction.php(49): SiteController->actionAbout()
#4 D:\C\code\platform\framework\web\CController.php(308): CInlineAction->runWithParams()
#5 D:\C\code\platform\platform\protected\components\CommonController.php(423): SiteController->runAction()
#6 D:\C\code\platform\framework\web\CController.php(286): SiteController->runAction()
#7 D:\C\code\platform\framework\web\CController.php(265): SiteController->runActionWithFilters()
#8 D:\C\code\platform\framework\web\CWebApplication.php(282): SiteController->run()
#9 D:\C\code\platform\framework\web\CWebApplication.php(141): CWebApplication->runController()
#10 D:\C\code\platform\framework\base\CApplication.php(185): CWebApplication->processRequest()
#11 D:\C\code\platform\platform\index.php(14): CWebApplication->run()
REQUEST_URI=/about
2018/07/25 08:43:58 [error] [php] Undefined index: working_hours (D:\C\code\platform\platform\protected\views\site\about.php:220)
Stack trace:
#0 D:\C\code\platform\framework\web\CController.php(872): SiteController->renderFile()
#1 D:\C\code\platform\framework\web\CController.php(785): SiteController->renderPartial()
#2 D:\C\code\platform\platform\protected\controllers\SiteController.php(161): SiteController->render()
#3 D:\C\code\platform\framework\web\actions\CInlineAction.php(49): SiteController->actionAbout()
#4 D:\C\code\platform\framework\web\CController.php(308): CInlineAction->runWithParams()
#5 D:\C\code\platform\platform\protected\components\CommonController.php(423): SiteController->runAction()
#6 D:\C\code\platform\framework\web\CController.php(286): SiteController->runAction()
#7 D:\C\code\platform\framework\web\CController.php(265): SiteController->runActionWithFilters()
#8 D:\C\code\platform\framework\web\CWebApplication.php(282): SiteController->run()
#9 D:\C\code\platform\framework\web\CWebApplication.php(141): CWebApplication->runController()
#10 D:\C\code\platform\framework\base\CApplication.php(185): CWebApplication->processRequest()
#11 D:\C\code\platform\platform\index.php(14): CWebApplication->run()
REQUEST_URI=/about
2018/07/25 08:43:59 [error] [php] Undefined index: title_zh_cn (D:\C\code\platform\platform\protected\views\site\help.php:86)
Stack trace:
#0 D:\C\code\platform\framework\web\CController.php(872): SiteController->renderFile()
#1 D:\C\code\platform\framework\web\CController.php(785): SiteController->renderPartial()
#2 D:\C\code\platform\platform\protected\controllers\SiteController.php(144): SiteController->render()
#3 D:\C\code\platform\framework\web\actions\CInlineAction.php(49): SiteController->actionHelp()
#4 D:\C\code\platform\framework\web\CController.php(308): CInlineAction->runWithParams()
#5 D:\C\code\platform\platform\protected\components\CommonController.php(423): SiteController->runAction()
#6 D:\C\code\platform\framework\web\CController.php(286): SiteController->runAction()
#7 D:\C\code\platform\framework\web\CController.php(265): SiteController->runActionWithFilters()
#8 D:\C\code\platform\framework\web\CWebApplication.php(282): SiteController->run()
#9 D:\C\code\platform\framework\web\CWebApplication.php(141): CWebApplication->runController()
#10 D:\C\code\platform\framework\base\CApplication.php(185): CWebApplication->processRequest()
#11 D:\C\code\platform\platform\index.php(14): CWebApplication->run()
REQUEST_URI=/help
2018/07/25 08:44:00 [error] [php] Undefined index: working_hours (D:\C\code\platform\platform\protected\views\site\about.php:220)
Stack trace:
#0 D:\C\code\platform\framework\web\CController.php(872): SiteController->renderFile()
#1 D:\C\code\platform\framework\web\CController.php(785): SiteController->renderPartial()
#2 D:\C\code\platform\platform\protected\controllers\SiteController.php(161): SiteController->render()
#3 D:\C\code\platform\framework\web\actions\CInlineAction.php(49): SiteController->actionAbout()
#4 D:\C\code\platform\framework\web\CController.php(308): CInlineAction->runWithParams()
#5 D:\C\code\platform\platform\protected\components\CommonController.php(423): SiteController->runAction()
#6 D:\C\code\platform\framework\web\CController.php(286): SiteController->runAction()
#7 D:\C\code\platform\framework\web\CController.php(265): SiteController->runActionWithFilters()
#8 D:\C\code\platform\framework\web\CWebApplication.php(282): SiteController->run()
#9 D:\C\code\platform\framework\web\CWebApplication.php(141): CWebApplication->runController()
#10 D:\C\code\platform\framework\base\CApplication.php(185): CWebApplication->processRequest()
#11 D:\C\code\platform\platform\index.php(14): CWebApplication->run()
REQUEST_URI=/about
2018/07/25 08:44:01 [error] [php] Undefined index: title_zh_cn (D:\C\code\platform\platform\protected\views\site\help.php:86)
Stack trace:
#0 D:\C\code\platform\framework\web\CController.php(872): SiteController->renderFile()
#1 D:\C\code\platform\framework\web\CController.php(785): SiteController->renderPartial()
#2 D:\C\code\platform\platform\protected\controllers\SiteController.php(144): SiteController->render()
#3 D:\C\code\platform\framework\web\actions\CInlineAction.php(49): SiteController->actionHelp()
#4 D:\C\code\platform\framework\web\CController.php(308): CInlineAction->runWithParams()
#5 D:\C\code\platform\platform\protected\components\CommonController.php(423): SiteController->runAction()
#6 D:\C\code\platform\framework\web\CController.php(286): SiteController->runAction()
#7 D:\C\code\platform\framework\web\CController.php(265): SiteController->runActionWithFilters()
#8 D:\C\code\platform\framework\web\CWebApplication.php(282): SiteController->run()
#9 D:\C\code\platform\framework\web\CWebApplication.php(141): CWebApplication->runController()
#10 D:\C\code\platform\framework\base\CApplication.php(185): CWebApplication->processRequest()
#11 D:\C\code\platform\platform\index.php(14): CWebApplication->run()
REQUEST_URI=/help
2018/07/25 08:44:01 [error] [php] Undefined index: working_hours (D:\C\code\platform\platform\protected\views\site\about.php:220)
Stack trace:
#0 D:\C\code\platform\framework\web\CController.php(872): SiteController->renderFile()
#1 D:\C\code\platform\framework\web\CController.php(785): SiteController->renderPartial()
#2 D:\C\code\platform\platform\protected\controllers\SiteController.php(161): SiteController->render()
#3 D:\C\code\platform\framework\web\actions\CInlineAction.php(49): SiteController->actionAbout()
#4 D:\C\code\platform\framework\web\CController.php(308): CInlineAction->runWithParams()
#5 D:\C\code\platform\platform\protected\components\CommonController.php(423): SiteController->runAction()
#6 D:\C\code\platform\framework\web\CController.php(286): SiteController->runAction()
#7 D:\C\code\platform\framework\web\CController.php(265): SiteController->runActionWithFilters()
#8 D:\C\code\platform\framework\web\CWebApplication.php(282): SiteController->run()
#9 D:\C\code\platform\framework\web\CWebApplication.php(141): CWebApplication->runController()
#10 D:\C\code\platform\framework\base\CApplication.php(185): CWebApplication->processRequest()
#11 D:\C\code\platform\platform\index.php(14): CWebApplication->run()
REQUEST_URI=/about
2018/07/25 08:44:02 [error] [php] Undefined index: title_zh_cn (D:\C\code\platform\platform\protected\views\site\help.php:86)
Stack trace:
#0 D:\C\code\platform\framework\web\CController.php(872): SiteController->renderFile()
#1 D:\C\code\platform\framework\web\CController.php(785): SiteController->renderPartial()
#2 D:\C\code\platform\platform\protected\controllers\SiteController.php(144): SiteController->render()
#3 D:\C\code\platform\framework\web\actions\CInlineAction.php(49): SiteController->actionHelp()
#4 D:\C\code\platform\framework\web\CController.php(308): CInlineAction->runWithParams()
#5 D:\C\code\platform\platform\protected\components\CommonController.php(423): SiteController->runAction()
#6 D:\C\code\platform\framework\web\CController.php(286): SiteController->runAction()
#7 D:\C\code\platform\framework\web\CController.php(265): SiteController->runActionWithFilters()
#8 D:\C\code\platform\framework\web\CWebApplication.php(282): SiteController->run()
#9 D:\C\code\platform\framework\web\CWebApplication.php(141): CWebApplication->runController()
#10 D:\C\code\platform\framework\base\CApplication.php(185): CWebApplication->processRequest()
#11 D:\C\code\platform\platform\index.php(14): CWebApplication->run()
REQUEST_URI=/help
2018/07/25 08:44:03 [error] [php] Undefined index: title_zh_cn (D:\C\code\platform\platform\protected\views\site\help.php:86)
Stack trace:
#0 D:\C\code\platform\framework\web\CController.php(872): SiteController->renderFile()
#1 D:\C\code\platform\framework\web\CController.php(785): SiteController->renderPartial()
#2 D:\C\code\platform\platform\protected\controllers\SiteController.php(144): SiteController->render()
#3 D:\C\code\platform\framework\web\actions\CInlineAction.php(49): SiteController->actionHelp()
#4 D:\C\code\platform\framework\web\CController.php(308): CInlineAction->runWithParams()
#5 D:\C\code\platform\platform\protected\components\CommonController.php(423): SiteController->runAction()
#6 D:\C\code\platform\framework\web\CController.php(286): SiteController->runAction()
#7 D:\C\code\platform\framework\web\CController.php(265): SiteController->runActionWithFilters()
#8 D:\C\code\platform\framework\web\CWebApplication.php(282): SiteController->run()
#9 D:\C\code\platform\framework\web\CWebApplication.php(141): CWebApplication->runController()
#10 D:\C\code\platform\framework\base\CApplication.php(185): CWebApplication->processRequest()
#11 D:\C\code\platform\platform\index.php(14): CWebApplication->run()
REQUEST_URI=/help
2018/07/25 08:44:03 [error] [php] Undefined index: working_hours (D:\C\code\platform\platform\protected\views\site\about.php:220)
Stack trace:
#0 D:\C\code\platform\framework\web\CController.php(872): SiteController->renderFile()
#1 D:\C\code\platform\framework\web\CController.php(785): SiteController->renderPartial()
#2 D:\C\code\platform\platform\protected\controllers\SiteController.php(161): SiteController->render()
#3 D:\C\code\platform\framework\web\actions\CInlineAction.php(49): SiteController->actionAbout()
#4 D:\C\code\platform\framework\web\CController.php(308): CInlineAction->runWithParams()
#5 D:\C\code\platform\platform\protected\components\CommonController.php(423): SiteController->runAction()
#6 D:\C\code\platform\framework\web\CController.php(286): SiteController->runAction()
#7 D:\C\code\platform\framework\web\CController.php(265): SiteController->runActionWithFilters()
#8 D:\C\code\platform\framework\web\CWebApplication.php(282): SiteController->run()
#9 D:\C\code\platform\framework\web\CWebApplication.php(141): CWebApplication->runController()
#10 D:\C\code\platform\framework\base\CApplication.php(185): CWebApplication->processRequest()
#11 D:\C\code\platform\platform\index.php(14): CWebApplication->run()
REQUEST_URI=/about
2018/07/25 08:44:03 [error] [php] Undefined index: working_hours (D:\C\code\platform\platform\protected\views\site\about.php:220)
Stack trace:
#0 D:\C\code\platform\framework\web\CController.php(872): SiteController->renderFile()
#1 D:\C\code\platform\framework\web\CController.php(785): SiteController->renderPartial()
#2 D:\C\code\platform\platform\protected\controllers\SiteController.php(161): SiteController->render()
#3 D:\C\code\platform\framework\web\actions\CInlineAction.php(49): SiteController->actionAbout()
#4 D:\C\code\platform\framework\web\CController.php(308): CInlineAction->runWithParams()
#5 D:\C\code\platform\platform\protected\components\CommonController.php(423): SiteController->runAction()
#6 D:\C\code\platform\framework\web\CController.php(286): SiteController->runAction()
#7 D:\C\code\platform\framework\web\CController.php(265): SiteController->runActionWithFilters()
#8 D:\C\code\platform\framework\web\CWebApplication.php(282): SiteController->run()
#9 D:\C\code\platform\framework\web\CWebApplication.php(141): CWebApplication->runController()
#10 D:\C\code\platform\framework\base\CApplication.php(185): CWebApplication->processRequest()
#11 D:\C\code\platform\platform\index.php(14): CWebApplication->run()
REQUEST_URI=/about
2018/07/25 08:44:11 [error] [php] Undefined index: title_zh_cn (D:\C\code\platform\platform\protected\views\site\help.php:86)
Stack trace:
#0 D:\C\code\platform\framework\web\CController.php(872): SiteController->renderFile()
#1 D:\C\code\platform\framework\web\CController.php(785): SiteController->renderPartial()
#2 D:\C\code\platform\platform\protected\controllers\SiteController.php(144): SiteController->render()
#3 D:\C\code\platform\framework\web\actions\CInlineAction.php(49): SiteController->actionHelp()
#4 D:\C\code\platform\framework\web\CController.php(308): CInlineAction->runWithParams()
#5 D:\C\code\platform\platform\protected\components\CommonController.php(423): SiteController->runAction()
#6 D:\C\code\platform\framework\web\CController.php(286): SiteController->runAction()
#7 D:\C\code\platform\framework\web\CController.php(265): SiteController->runActionWithFilters()
#8 D:\C\code\platform\framework\web\CWebApplication.php(282): SiteController->run()
#9 D:\C\code\platform\framework\web\CWebApplication.php(141): CWebApplication->runController()
#10 D:\C\code\platform\framework\base\CApplication.php(185): CWebApplication->processRequest()
#11 D:\C\code\platform\platform\index.php(14): CWebApplication->run()
REQUEST_URI=/help
2018/07/25 08:46:50 [error] [php] Undefined index: working_hours (D:\C\code\platform\platform\protected\views\site\about.php:220)
Stack trace:
#0 D:\C\code\platform\framework\web\CController.php(872): SiteController->renderFile()
#1 D:\C\code\platform\framework\web\CController.php(785): SiteController->renderPartial()
#2 D:\C\code\platform\platform\protected\controllers\SiteController.php(161): SiteController->render()
#3 D:\C\code\platform\framework\web\actions\CInlineAction.php(49): SiteController->actionAbout()
#4 D:\C\code\platform\framework\web\CController.php(308): CInlineAction->runWithParams()
#5 D:\C\code\platform\platform\protected\components\CommonController.php(423): SiteController->runAction()
#6 D:\C\code\platform\framework\web\CController.php(286): SiteController->runAction()
#7 D:\C\code\platform\framework\web\CController.php(265): SiteController->runActionWithFilters()
#8 D:\C\code\platform\framework\web\CWebApplication.php(282): SiteController->run()
#9 D:\C\code\platform\framework\web\CWebApplication.php(141): CWebApplication->runController()
#10 D:\C\code\platform\framework\base\CApplication.php(185): CWebApplication->processRequest()
#11 D:\C\code\platform\platform\index.php(14): CWebApplication->run()
REQUEST_URI=/about
