2018/06/05 00:17:15 [error] [exception.ParseError] ParseError: syntax error, unexpected '->' (T_OBJECT_OPERATOR) in /Applications/XAMPP/xamppfiles/htdocs/platform/protected/controllers/RegisterController.php:22
Stack trace:
#0 /Applications/XAMPP/xamppfiles/htdocs/framework/web/CWebApplication.php(276): CWebApplication->createController('register/')
#1 /Applications/XAMPP/xamppfiles/htdocs/framework/web/CWebApplication.php(141): CWebApplication->runController('register/regist...')
#2 /Applications/XAMPP/xamppfiles/htdocs/framework/base/CApplication.php(185): CWebApplication->processRequest()
#3 /Applications/XAMPP/xamppfiles/htdocs/platform/index.php(14): CApplication->run()
#4 {main}
REQUEST_URI=/register/register
---
2018/06/05 00:17:25 [error] [exception.ParseError] ParseError: syntax error, unexpected '->' (T_OBJECT_OPERATOR) in /Applications/XAMPP/xamppfiles/htdocs/platform/protected/controllers/RegisterController.php:22
Stack trace:
#0 /Applications/XAMPP/xamppfiles/htdocs/framework/web/CWebApplication.php(276): CWebApplication->createController('register/')
#1 /Applications/XAMPP/xamppfiles/htdocs/framework/web/CWebApplication.php(141): CWebApplication->runController('register/regist...')
#2 /Applications/XAMPP/xamppfiles/htdocs/framework/base/CApplication.php(185): CWebApplication->processRequest()
#3 /Applications/XAMPP/xamppfiles/htdocs/platform/index.php(14): CApplication->run()
#4 {main}
REQUEST_URI=/register/register
---
2018/06/05 00:18:00 [error] [exception.ParseError] ParseError: syntax error, unexpected '->' (T_OBJECT_OPERATOR) in /Applications/XAMPP/xamppfiles/htdocs/platform/protected/controllers/RegisterController.php:22
Stack trace:
#0 /Applications/XAMPP/xamppfiles/htdocs/framework/web/CWebApplication.php(276): CWebApplication->createController('register/')
#1 /Applications/XAMPP/xamppfiles/htdocs/framework/web/CWebApplication.php(141): CWebApplication->runController('register/regist...')
#2 /Applications/XAMPP/xamppfiles/htdocs/framework/base/CApplication.php(185): CWebApplication->processRequest()
#3 /Applications/XAMPP/xamppfiles/htdocs/platform/index.php(14): CApplication->run()
#4 {main}
REQUEST_URI=/register/register
---
2018/06/05 00:18:33 [error] [exception.ParseError] ParseError: syntax error, unexpected '->' (T_OBJECT_OPERATOR) in /Applications/XAMPP/xamppfiles/htdocs/platform/protected/controllers/RegisterController.php:22
Stack trace:
#0 /Applications/XAMPP/xamppfiles/htdocs/framework/web/CWebApplication.php(276): CWebApplication->createController('register/')
#1 /Applications/XAMPP/xamppfiles/htdocs/framework/web/CWebApplication.php(141): CWebApplication->runController('register/regist...')
#2 /Applications/XAMPP/xamppfiles/htdocs/framework/base/CApplication.php(185): CWebApplication->processRequest()
#3 /Applications/XAMPP/xamppfiles/htdocs/platform/index.php(14): CApplication->run()
#4 {main}
REQUEST_URI=/register/register?lang=zh_cn
---
2018/06/05 00:19:07 [error] [exception.ParseError] ParseError: syntax error, unexpected '->' (T_OBJECT_OPERATOR) in /Applications/XAMPP/xamppfiles/htdocs/platform/protected/controllers/RegisterController.php:23
Stack trace:
#0 /Applications/XAMPP/xamppfiles/htdocs/framework/web/CWebApplication.php(276): CWebApplication->createController('register/')
#1 /Applications/XAMPP/xamppfiles/htdocs/framework/web/CWebApplication.php(141): CWebApplication->runController('register/regist...')
#2 /Applications/XAMPP/xamppfiles/htdocs/framework/base/CApplication.php(185): CWebApplication->processRequest()
#3 /Applications/XAMPP/xamppfiles/htdocs/platform/index.php(14): CApplication->run()
#4 {main}
REQUEST_URI=/register/register
---
2018/06/05 00:19:14 [error] [exception.ParseError] ParseError: syntax error, unexpected '->' (T_OBJECT_OPERATOR) in /Applications/XAMPP/xamppfiles/htdocs/platform/protected/controllers/RegisterController.php:23
Stack trace:
#0 /Applications/XAMPP/xamppfiles/htdocs/framework/web/CWebApplication.php(276): CWebApplication->createController('register/')
#1 /Applications/XAMPP/xamppfiles/htdocs/framework/web/CWebApplication.php(141): CWebApplication->runController('register/regist...')
#2 /Applications/XAMPP/xamppfiles/htdocs/framework/base/CApplication.php(185): CWebApplication->processRequest()
#3 /Applications/XAMPP/xamppfiles/htdocs/platform/index.php(14): CApplication->run()
#4 {main}
REQUEST_URI=/register/register
---
2018/06/05 00:20:15 [error] [exception.ParseError] ParseError: syntax error, unexpected '->' (T_OBJECT_OPERATOR) in /Applications/XAMPP/xamppfiles/htdocs/platform/protected/controllers/RegisterController.php:23
Stack trace:
#0 /Applications/XAMPP/xamppfiles/htdocs/framework/web/CWebApplication.php(276): CWebApplication->createController('register/')
#1 /Applications/XAMPP/xamppfiles/htdocs/framework/web/CWebApplication.php(141): CWebApplication->runController('register/regist...')
#2 /Applications/XAMPP/xamppfiles/htdocs/framework/base/CApplication.php(185): CWebApplication->processRequest()
#3 /Applications/XAMPP/xamppfiles/htdocs/platform/index.php(14): CApplication->run()
#4 {main}
REQUEST_URI=/register/register
---
2018/06/05 00:21:19 [error] [exception.CHttpException.404] CHttpException: 系统无法找到请求的 "index" 动作. in /Applications/XAMPP/xamppfiles/htdocs/framework/web/CController.php:486
Stack trace:
#0 /Applications/XAMPP/xamppfiles/htdocs/framework/web/CController.php(270): CController->missingAction('')
#1 /Applications/XAMPP/xamppfiles/htdocs/framework/web/CWebApplication.php(282): CController->run('')
#2 /Applications/XAMPP/xamppfiles/htdocs/framework/web/CWebApplication.php(141): CWebApplication->runController('login')
#3 /Applications/XAMPP/xamppfiles/htdocs/framework/base/CApplication.php(185): CWebApplication->processRequest()
#4 /Applications/XAMPP/xamppfiles/htdocs/platform/index.php(14): CApplication->run()
#5 {main}
REQUEST_URI=/login/
---
2018/06/05 00:21:27 [error] [exception.ParseError] ParseError: syntax error, unexpected '->' (T_OBJECT_OPERATOR) in /Applications/XAMPP/xamppfiles/htdocs/platform/protected/controllers/RegisterController.php:23
Stack trace:
#0 /Applications/XAMPP/xamppfiles/htdocs/framework/web/CWebApplication.php(276): CWebApplication->createController('register/')
#1 /Applications/XAMPP/xamppfiles/htdocs/framework/web/CWebApplication.php(141): CWebApplication->runController('register/regist...')
#2 /Applications/XAMPP/xamppfiles/htdocs/framework/base/CApplication.php(185): CWebApplication->processRequest()
#3 /Applications/XAMPP/xamppfiles/htdocs/platform/index.php(14): CApplication->run()
#4 {main}
REQUEST_URI=/register/register
---
2018/06/05 00:22:10 [error] [exception.ParseError] ParseError: syntax error, unexpected '->' (T_OBJECT_OPERATOR) in /Applications/XAMPP/xamppfiles/htdocs/platform/protected/controllers/RegisterController.php:23
Stack trace:
#0 /Applications/XAMPP/xamppfiles/htdocs/framework/web/CWebApplication.php(276): CWebApplication->createController('')
#1 /Applications/XAMPP/xamppfiles/htdocs/framework/web/CWebApplication.php(141): CWebApplication->runController('register')
#2 /Applications/XAMPP/xamppfiles/htdocs/framework/base/CApplication.php(185): CWebApplication->processRequest()
#3 /Applications/XAMPP/xamppfiles/htdocs/platform/index.php(14): CApplication->run()
#4 {main}
REQUEST_URI=/register/
---
2018/06/05 00:22:23 [error] [exception.ParseError] ParseError: syntax error, unexpected '->' (T_OBJECT_OPERATOR) in /Applications/XAMPP/xamppfiles/htdocs/platform/protected/controllers/RegisterController.php:23
Stack trace:
#0 /Applications/XAMPP/xamppfiles/htdocs/framework/web/CWebApplication.php(276): CWebApplication->createController('register/')
#1 /Applications/XAMPP/xamppfiles/htdocs/framework/web/CWebApplication.php(141): CWebApplication->runController('register/regist...')
#2 /Applications/XAMPP/xamppfiles/htdocs/framework/base/CApplication.php(185): CWebApplication->processRequest()
#3 /Applications/XAMPP/xamppfiles/htdocs/platform/index.php(14): CApplication->run()
#4 {main}
REQUEST_URI=/index.php/register/register
---
2018/06/05 00:23:22 [error] [exception.ParseError] ParseError: syntax error, unexpected '->' (T_OBJECT_OPERATOR) in /Applications/XAMPP/xamppfiles/htdocs/platform/protected/controllers/RegisterController.php:23
Stack trace:
#0 /Applications/XAMPP/xamppfiles/htdocs/framework/web/CWebApplication.php(276): CWebApplication->createController('register/')
#1 /Applications/XAMPP/xamppfiles/htdocs/framework/web/CWebApplication.php(141): CWebApplication->runController('register/regist...')
#2 /Applications/XAMPP/xamppfiles/htdocs/framework/base/CApplication.php(185): CWebApplication->processRequest()
#3 /Applications/XAMPP/xamppfiles/htdocs/platform/index.php(14): CApplication->run()
#4 {main}
REQUEST_URI=/register/register
---
2018/06/05 00:23:44 [error] [exception.ParseError] ParseError: syntax error, unexpected '->' (T_OBJECT_OPERATOR) in /Applications/XAMPP/xamppfiles/htdocs/platform/protected/controllers/RegisterController.php:23
Stack trace:
#0 /Applications/XAMPP/xamppfiles/htdocs/framework/web/CWebApplication.php(276): CWebApplication->createController('doregister/')
#1 /Applications/XAMPP/xamppfiles/htdocs/framework/web/CWebApplication.php(141): CWebApplication->runController('register/doregi...')
#2 /Applications/XAMPP/xamppfiles/htdocs/framework/base/CApplication.php(185): CWebApplication->processRequest()
#3 /Applications/XAMPP/xamppfiles/htdocs/platform/index.php(14): CApplication->run()
#4 {main}
REQUEST_URI=/register/doregister
---
2018/06/05 00:24:52 [error] [exception.ParseError] ParseError: syntax error, unexpected '->' (T_OBJECT_OPERATOR) in /Applications/XAMPP/xamppfiles/htdocs/platform/protected/controllers/RegisterController.php:23
Stack trace:
#0 /Applications/XAMPP/xamppfiles/htdocs/framework/web/CWebApplication.php(276): CWebApplication->createController('register/')
#1 /Applications/XAMPP/xamppfiles/htdocs/framework/web/CWebApplication.php(141): CWebApplication->runController('register/regist...')
#2 /Applications/XAMPP/xamppfiles/htdocs/framework/base/CApplication.php(185): CWebApplication->processRequest()
#3 /Applications/XAMPP/xamppfiles/htdocs/platform/index.php(14): CApplication->run()
#4 {main}
REQUEST_URI=/register/register
---
2018/06/05 00:25:04 [error] [exception.ParseError] ParseError: syntax error, unexpected '->' (T_OBJECT_OPERATOR) in /Applications/XAMPP/xamppfiles/htdocs/platform/protected/controllers/RegisterController.php:23
Stack trace:
#0 /Applications/XAMPP/xamppfiles/htdocs/framework/web/CWebApplication.php(276): CWebApplication->createController('register/')
#1 /Applications/XAMPP/xamppfiles/htdocs/framework/web/CWebApplication.php(141): CWebApplication->runController('register/regist...')
#2 /Applications/XAMPP/xamppfiles/htdocs/framework/base/CApplication.php(185): CWebApplication->processRequest()
#3 /Applications/XAMPP/xamppfiles/htdocs/platform/index.php(14): CApplication->run()
#4 {main}
REQUEST_URI=/register/register
---
2018/06/05 00:27:18 [error] [exception.ParseError] ParseError: syntax error, unexpected '->' (T_OBJECT_OPERATOR) in /Applications/XAMPP/xamppfiles/htdocs/platform/protected/controllers/RegisterController.php:24
Stack trace:
#0 /Applications/XAMPP/xamppfiles/htdocs/framework/web/CWebApplication.php(276): CWebApplication->createController('register/')
#1 /Applications/XAMPP/xamppfiles/htdocs/framework/web/CWebApplication.php(141): CWebApplication->runController('register/regist...')
#2 /Applications/XAMPP/xamppfiles/htdocs/framework/base/CApplication.php(185): CWebApplication->processRequest()
#3 /Applications/XAMPP/xamppfiles/htdocs/platform/index.php(14): CApplication->run()
#4 {main}
REQUEST_URI=/register/register
---
2018/06/05 00:28:13 [error] [exception.ParseError] ParseError: syntax error, unexpected '->' (T_OBJECT_OPERATOR) in /Applications/XAMPP/xamppfiles/htdocs/platform/protected/controllers/RegisterController.php:22
Stack trace:
#0 /Applications/XAMPP/xamppfiles/htdocs/framework/web/CWebApplication.php(276): CWebApplication->createController('register/')
#1 /Applications/XAMPP/xamppfiles/htdocs/framework/web/CWebApplication.php(141): CWebApplication->runController('register/regist...')
#2 /Applications/XAMPP/xamppfiles/htdocs/framework/base/CApplication.php(185): CWebApplication->processRequest()
#3 /Applications/XAMPP/xamppfiles/htdocs/platform/index.php(15): CApplication->run()
#4 {main}
REQUEST_URI=/register/register
---
2018/06/05 00:37:01 [error] [exception.ParseError] ParseError: syntax error, unexpected '->' (T_OBJECT_OPERATOR) in /Applications/XAMPP/xamppfiles/htdocs/platform/protected/controllers/RegisterController.php:22
Stack trace:
#0 /Applications/XAMPP/xamppfiles/htdocs/framework/web/CWebApplication.php(276): CWebApplication->createController('register/')
#1 /Applications/XAMPP/xamppfiles/htdocs/framework/web/CWebApplication.php(141): CWebApplication->runController('register/regist...')
#2 /Applications/XAMPP/xamppfiles/htdocs/framework/base/CApplication.php(185): CWebApplication->processRequest()
#3 /Applications/XAMPP/xamppfiles/htdocs/platform/index.php(14): CApplication->run()
#4 {main}
REQUEST_URI=/register/register
---
2018/06/05 00:37:09 [error] [exception.ParseError] ParseError: syntax error, unexpected '->' (T_OBJECT_OPERATOR) in /Applications/XAMPP/xamppfiles/htdocs/platform/protected/controllers/RegisterController.php:22
Stack trace:
#0 /Applications/XAMPP/xamppfiles/htdocs/framework/web/CWebApplication.php(276): CWebApplication->createController('register/')
#1 /Applications/XAMPP/xamppfiles/htdocs/framework/web/CWebApplication.php(141): CWebApplication->runController('register/regist...')
#2 /Applications/XAMPP/xamppfiles/htdocs/framework/base/CApplication.php(185): CWebApplication->processRequest()
#3 /Applications/XAMPP/xamppfiles/htdocs/platform/index.php(14): CApplication->run()
#4 {main}
REQUEST_URI=/register/register
---
2018/06/05 10:05:16 [error] [exception.CHttpException.404] CHttpException: 无法解析请求 "favicon.ico"。 in /Applications/XAMPP/xamppfiles/htdocs/framework/web/CWebApplication.php:286
Stack trace:
#0 /Applications/XAMPP/xamppfiles/htdocs/framework/web/CWebApplication.php(141): CWebApplication->runController('favicon.ico')
#1 /Applications/XAMPP/xamppfiles/htdocs/framework/base/CApplication.php(185): CWebApplication->processRequest()
#2 /Applications/XAMPP/xamppfiles/htdocs/platform/index.php(14): CApplication->run()
#3 {main}
REQUEST_URI=/favicon.ico
HTTP_REFERER=http://localhost/login/login
---
2018/06/05 10:05:24 [error] [exception.ParseError] ParseError: syntax error, unexpected '->' (T_OBJECT_OPERATOR) in /Applications/XAMPP/xamppfiles/htdocs/platform/protected/controllers/RegisterController.php:22
Stack trace:
#0 /Applications/XAMPP/xamppfiles/htdocs/framework/web/CWebApplication.php(276): CWebApplication->createController('register/')
#1 /Applications/XAMPP/xamppfiles/htdocs/framework/web/CWebApplication.php(141): CWebApplication->runController('register/regist...')
#2 /Applications/XAMPP/xamppfiles/htdocs/framework/base/CApplication.php(185): CWebApplication->processRequest()
#3 /Applications/XAMPP/xamppfiles/htdocs/platform/index.php(14): CApplication->run()
#4 {main}
REQUEST_URI=/register/register
---
2018/06/05 10:05:24 [error] [exception.CHttpException.404] CHttpException: 无法解析请求 "favicon.ico"。 in /Applications/XAMPP/xamppfiles/htdocs/framework/web/CWebApplication.php:286
Stack trace:
#0 /Applications/XAMPP/xamppfiles/htdocs/framework/web/CWebApplication.php(141): CWebApplication->runController('favicon.ico')
#1 /Applications/XAMPP/xamppfiles/htdocs/framework/base/CApplication.php(185): CWebApplication->processRequest()
#2 /Applications/XAMPP/xamppfiles/htdocs/platform/index.php(14): CApplication->run()
#3 {main}
REQUEST_URI=/favicon.ico
HTTP_REFERER=http://localhost/login/login
---
2018/06/05 10:06:07 [error] [exception.ParseError] ParseError: syntax error, unexpected '->' (T_OBJECT_OPERATOR) in /Applications/XAMPP/xamppfiles/htdocs/platform/protected/controllers/RegisterController.php:22
Stack trace:
#0 /Applications/XAMPP/xamppfiles/htdocs/framework/web/CWebApplication.php(276): CWebApplication->createController('register/')
#1 /Applications/XAMPP/xamppfiles/htdocs/framework/web/CWebApplication.php(141): CWebApplication->runController('register/regist...')
#2 /Applications/XAMPP/xamppfiles/htdocs/framework/base/CApplication.php(185): CWebApplication->processRequest()
#3 /Applications/XAMPP/xamppfiles/htdocs/platform/index.php(14): CApplication->run()
#4 {main}
REQUEST_URI=/register/register
---
2018/06/05 10:06:11 [error] [exception.ParseError] ParseError: syntax error, unexpected '->' (T_OBJECT_OPERATOR) in /Applications/XAMPP/xamppfiles/htdocs/platform/protected/controllers/RegisterController.php:22
Stack trace:
#0 /Applications/XAMPP/xamppfiles/htdocs/framework/web/CWebApplication.php(276): CWebApplication->createController('doregister/')
#1 /Applications/XAMPP/xamppfiles/htdocs/framework/web/CWebApplication.php(141): CWebApplication->runController('register/doregi...')
#2 /Applications/XAMPP/xamppfiles/htdocs/framework/base/CApplication.php(185): CWebApplication->processRequest()
#3 /Applications/XAMPP/xamppfiles/htdocs/platform/index.php(14): CApplication->run()
#4 {main}
REQUEST_URI=/register/doregister
---
2018/06/05 10:06:11 [error] [exception.CHttpException.404] CHttpException: 无法解析请求 "favicon.ico"。 in /Applications/XAMPP/xamppfiles/htdocs/framework/web/CWebApplication.php:286
Stack trace:
#0 /Applications/XAMPP/xamppfiles/htdocs/framework/web/CWebApplication.php(141): CWebApplication->runController('favicon.ico')
#1 /Applications/XAMPP/xamppfiles/htdocs/framework/base/CApplication.php(185): CWebApplication->processRequest()
#2 /Applications/XAMPP/xamppfiles/htdocs/platform/index.php(14): CApplication->run()
#3 {main}
REQUEST_URI=/favicon.ico
HTTP_REFERER=http://localhost/login/login
---
2018/06/05 10:06:34 [error] [exception.CHttpException.404] CHttpException: 无法解析请求 "favicon.ico"。 in /Applications/XAMPP/xamppfiles/htdocs/framework/web/CWebApplication.php:286
Stack trace:
#0 /Applications/XAMPP/xamppfiles/htdocs/framework/web/CWebApplication.php(141): CWebApplication->runController('favicon.ico')
#1 /Applications/XAMPP/xamppfiles/htdocs/framework/base/CApplication.php(185): CWebApplication->processRequest()
#2 /Applications/XAMPP/xamppfiles/htdocs/platform/index.php(14): CApplication->run()
#3 {main}
REQUEST_URI=/favicon.ico
HTTP_REFERER=http://localhost/powercontractorder/getusercontractlist
---
2018/06/05 10:06:48 [error] [exception.CHttpException.404] CHttpException: 无法解析请求 "favicon.ico"。 in /Applications/XAMPP/xamppfiles/htdocs/framework/web/CWebApplication.php:286
Stack trace:
#0 /Applications/XAMPP/xamppfiles/htdocs/framework/web/CWebApplication.php(141): CWebApplication->runController('favicon.ico')
#1 /Applications/XAMPP/xamppfiles/htdocs/framework/base/CApplication.php(185): CWebApplication->processRequest()
#2 /Applications/XAMPP/xamppfiles/htdocs/platform/index.php(14): CApplication->run()
#3 {main}
REQUEST_URI=/favicon.ico
HTTP_REFERER=http://localhost/powercontractorder/gettlist
---
2018/06/05 10:07:00 [error] [exception.CHttpException.404] CHttpException: 无法解析请求 "favicon.ico"。 in /Applications/XAMPP/xamppfiles/htdocs/framework/web/CWebApplication.php:286
Stack trace:
#0 /Applications/XAMPP/xamppfiles/htdocs/framework/web/CWebApplication.php(141): CWebApplication->runController('favicon.ico')
#1 /Applications/XAMPP/xamppfiles/htdocs/framework/base/CApplication.php(185): CWebApplication->processRequest()
#2 /Applications/XAMPP/xamppfiles/htdocs/platform/index.php(14): CApplication->run()
#3 {main}
REQUEST_URI=/favicon.ico
HTTP_REFERER=http://localhost/powercontractorder/gettlist
---
2018/06/05 10:07:07 [error] [exception.CHttpException.404] CHttpException: 系统无法找到请求的 "gettlist" 动作. in /Applications/XAMPP/xamppfiles/htdocs/framework/web/CController.php:486
Stack trace:
#0 /Applications/XAMPP/xamppfiles/htdocs/framework/web/CController.php(270): CController->missingAction('gettlist')
#1 /Applications/XAMPP/xamppfiles/htdocs/framework/web/CWebApplication.php(282): CController->run('gettlist')
#2 /Applications/XAMPP/xamppfiles/htdocs/framework/web/CWebApplication.php(141): CWebApplication->runController('powercontract/g...')
#3 /Applications/XAMPP/xamppfiles/htdocs/framework/base/CApplication.php(185): CWebApplication->processRequest()
#4 /Applications/XAMPP/xamppfiles/htdocs/platform/index.php(14): CApplication->run()
#5 {main}
REQUEST_URI=/powercontract/gettlist
---
2018/06/05 10:07:07 [error] [exception.CHttpException.404] CHttpException: 无法解析请求 "favicon.ico"。 in /Applications/XAMPP/xamppfiles/htdocs/framework/web/CWebApplication.php:286
Stack trace:
#0 /Applications/XAMPP/xamppfiles/htdocs/framework/web/CWebApplication.php(141): CWebApplication->runController('favicon.ico')
#1 /Applications/XAMPP/xamppfiles/htdocs/framework/base/CApplication.php(185): CWebApplication->processRequest()
#2 /Applications/XAMPP/xamppfiles/htdocs/platform/index.php(14): CApplication->run()
#3 {main}
REQUEST_URI=/favicon.ico
HTTP_REFERER=http://localhost/login/login
---
2018/06/05 10:10:20 [error] [exception.ParseError] ParseError: syntax error, unexpected '->' (T_OBJECT_OPERATOR) in /Applications/XAMPP/xamppfiles/htdocs/platform/protected/controllers/RegisterController.php:22
Stack trace:
#0 /Applications/XAMPP/xamppfiles/htdocs/framework/web/CWebApplication.php(276): CWebApplication->createController('register/')
#1 /Applications/XAMPP/xamppfiles/htdocs/framework/web/CWebApplication.php(141): CWebApplication->runController('register/regist...')
#2 /Applications/XAMPP/xamppfiles/htdocs/framework/base/CApplication.php(185): CWebApplication->processRequest()
#3 /Applications/XAMPP/xamppfiles/htdocs/platform/index.php(14): CApplication->run()
#4 {main}
REQUEST_URI=/register/register
---
2018/06/05 10:10:20 [error] [exception.CHttpException.404] CHttpException: 无法解析请求 "favicon.ico"。 in /Applications/XAMPP/xamppfiles/htdocs/framework/web/CWebApplication.php:286
Stack trace:
#0 /Applications/XAMPP/xamppfiles/htdocs/framework/web/CWebApplication.php(141): CWebApplication->runController('favicon.ico')
#1 /Applications/XAMPP/xamppfiles/htdocs/framework/base/CApplication.php(185): CWebApplication->processRequest()
#2 /Applications/XAMPP/xamppfiles/htdocs/platform/index.php(14): CApplication->run()
#3 {main}
REQUEST_URI=/favicon.ico
HTTP_REFERER=http://localhost/login/login
---
2018/06/05 10:10:41 [error] [exception.CHttpException.404] CHttpException: 无法解析请求 "favicon.ico"。 in /Applications/XAMPP/xamppfiles/htdocs/framework/web/CWebApplication.php:286
Stack trace:
#0 /Applications/XAMPP/xamppfiles/htdocs/framework/web/CWebApplication.php(141): CWebApplication->runController('favicon.ico')
#1 /Applications/XAMPP/xamppfiles/htdocs/framework/base/CApplication.php(185): CWebApplication->processRequest()
#2 /Applications/XAMPP/xamppfiles/htdocs/platform/index.php(14): CApplication->run()
#3 {main}
REQUEST_URI=/favicon.ico
HTTP_REFERER=http://localhost/login/login
---
2018/06/05 10:10:42 [error] [exception.CHttpException.404] CHttpException: 无法解析请求 "favicon.ico"。 in /Applications/XAMPP/xamppfiles/htdocs/framework/web/CWebApplication.php:286
Stack trace:
#0 /Applications/XAMPP/xamppfiles/htdocs/framework/web/CWebApplication.php(141): CWebApplication->runController('favicon.ico')
#1 /Applications/XAMPP/xamppfiles/htdocs/framework/base/CApplication.php(185): CWebApplication->processRequest()
#2 /Applications/XAMPP/xamppfiles/htdocs/platform/index.php(14): CApplication->run()
#3 {main}
REQUEST_URI=/favicon.ico
HTTP_REFERER=http://localhost/login/login
---
2018/06/05 10:10:43 [error] [exception.CHttpException.404] CHttpException: 无法解析请求 "favicon.ico"。 in /Applications/XAMPP/xamppfiles/htdocs/framework/web/CWebApplication.php:286
Stack trace:
#0 /Applications/XAMPP/xamppfiles/htdocs/framework/web/CWebApplication.php(141): CWebApplication->runController('favicon.ico')
#1 /Applications/XAMPP/xamppfiles/htdocs/framework/base/CApplication.php(185): CWebApplication->processRequest()
#2 /Applications/XAMPP/xamppfiles/htdocs/platform/index.php(14): CApplication->run()
#3 {main}
REQUEST_URI=/favicon.ico
HTTP_REFERER=http://localhost/powercontractorder/gettlist
---
2018/06/05 10:10:52 [error] [exception.ParseError] ParseError: syntax error, unexpected '->' (T_OBJECT_OPERATOR) in /Applications/XAMPP/xamppfiles/htdocs/platform/protected/controllers/RegisterController.php:22
Stack trace:
#0 /Applications/XAMPP/xamppfiles/htdocs/framework/web/CWebApplication.php(276): CWebApplication->createController('register/')
#1 /Applications/XAMPP/xamppfiles/htdocs/framework/web/CWebApplication.php(141): CWebApplication->runController('register/regist...')
#2 /Applications/XAMPP/xamppfiles/htdocs/framework/base/CApplication.php(185): CWebApplication->processRequest()
#3 /Applications/XAMPP/xamppfiles/htdocs/platform/index.php(14): CApplication->run()
#4 {main}
REQUEST_URI=/register/register
---
2018/06/05 10:10:52 [error] [exception.CHttpException.404] CHttpException: 无法解析请求 "favicon.ico"。 in /Applications/XAMPP/xamppfiles/htdocs/framework/web/CWebApplication.php:286
Stack trace:
#0 /Applications/XAMPP/xamppfiles/htdocs/framework/web/CWebApplication.php(141): CWebApplication->runController('favicon.ico')
#1 /Applications/XAMPP/xamppfiles/htdocs/framework/base/CApplication.php(185): CWebApplication->processRequest()
#2 /Applications/XAMPP/xamppfiles/htdocs/platform/index.php(14): CApplication->run()
#3 {main}
REQUEST_URI=/favicon.ico
HTTP_REFERER=http://localhost/login/login
---
2018/06/05 10:11:14 [error] [exception.ParseError] ParseError: syntax error, unexpected '->' (T_OBJECT_OPERATOR) in /Applications/XAMPP/xamppfiles/htdocs/platform/protected/controllers/RegisterController.php:22
Stack trace:
#0 /Applications/XAMPP/xamppfiles/htdocs/framework/web/CWebApplication.php(276): CWebApplication->createController('register/')
#1 /Applications/XAMPP/xamppfiles/htdocs/framework/web/CWebApplication.php(141): CWebApplication->runController('register/regist...')
#2 /Applications/XAMPP/xamppfiles/htdocs/framework/base/CApplication.php(185): CWebApplication->processRequest()
#3 /Applications/XAMPP/xamppfiles/htdocs/platform/index.php(14): CApplication->run()
#4 {main}
REQUEST_URI=/register/register
---
2018/06/05 10:11:16 [error] [exception.ParseError] ParseError: syntax error, unexpected '->' (T_OBJECT_OPERATOR) in /Applications/XAMPP/xamppfiles/htdocs/platform/protected/controllers/RegisterController.php:22
Stack trace:
#0 /Applications/XAMPP/xamppfiles/htdocs/framework/web/CWebApplication.php(276): CWebApplication->createController('registerfddfd/')
#1 /Applications/XAMPP/xamppfiles/htdocs/framework/web/CWebApplication.php(141): CWebApplication->runController('register/regist...')
#2 /Applications/XAMPP/xamppfiles/htdocs/framework/base/CApplication.php(185): CWebApplication->processRequest()
#3 /Applications/XAMPP/xamppfiles/htdocs/platform/index.php(14): CApplication->run()
#4 {main}
REQUEST_URI=/register/registerfddfd
---
2018/06/05 10:11:16 [error] [exception.CHttpException.404] CHttpException: 无法解析请求 "favicon.ico"。 in /Applications/XAMPP/xamppfiles/htdocs/framework/web/CWebApplication.php:286
Stack trace:
#0 /Applications/XAMPP/xamppfiles/htdocs/framework/web/CWebApplication.php(141): CWebApplication->runController('favicon.ico')
#1 /Applications/XAMPP/xamppfiles/htdocs/framework/base/CApplication.php(185): CWebApplication->processRequest()
#2 /Applications/XAMPP/xamppfiles/htdocs/platform/index.php(14): CApplication->run()
#3 {main}
REQUEST_URI=/favicon.ico
HTTP_REFERER=http://localhost/login/login
---
2018/06/05 10:11:39 [error] [exception.ParseError] ParseError: syntax error, unexpected '->' (T_OBJECT_OPERATOR) in /Applications/XAMPP/xamppfiles/htdocs/platform/protected/controllers/RegisterController.php:22
Stack trace:
#0 /Applications/XAMPP/xamppfiles/htdocs/framework/web/CWebApplication.php(276): CWebApplication->createController('register/')
#1 /Applications/XAMPP/xamppfiles/htdocs/framework/web/CWebApplication.php(141): CWebApplication->runController('register/regist...')
#2 /Applications/XAMPP/xamppfiles/htdocs/framework/base/CApplication.php(185): CWebApplication->processRequest()
#3 /Applications/XAMPP/xamppfiles/htdocs/platform/index.php(14): CApplication->run()
#4 {main}
REQUEST_URI=/register/register
---
2018/06/05 10:11:39 [error] [exception.CHttpException.404] CHttpException: 无法解析请求 "favicon.ico"。 in /Applications/XAMPP/xamppfiles/htdocs/framework/web/CWebApplication.php:286
Stack trace:
#0 /Applications/XAMPP/xamppfiles/htdocs/framework/web/CWebApplication.php(141): CWebApplication->runController('favicon.ico')
#1 /Applications/XAMPP/xamppfiles/htdocs/framework/base/CApplication.php(185): CWebApplication->processRequest()
#2 /Applications/XAMPP/xamppfiles/htdocs/platform/index.php(14): CApplication->run()
#3 {main}
REQUEST_URI=/favicon.ico
HTTP_REFERER=http://localhost/login/login
---
2018/06/05 10:13:44 [error] [exception.CHttpException.404] CHttpException: 无法解析请求 "favicon.ico"。 in /Applications/XAMPP/xamppfiles/htdocs/framework/web/CWebApplication.php:286
Stack trace:
#0 /Applications/XAMPP/xamppfiles/htdocs/framework/web/CWebApplication.php(141): CWebApplication->runController('favicon.ico')
#1 /Applications/XAMPP/xamppfiles/htdocs/framework/base/CApplication.php(185): CWebApplication->processRequest()
#2 /Applications/XAMPP/xamppfiles/htdocs/platform/index.php(14): CApplication->run()
#3 {main}
REQUEST_URI=/favicon.ico
HTTP_REFERER=http://localhost/powercontractorder/getusercontractlist
---
2018/06/05 10:13:57 [error] [exception.CHttpException.404] CHttpException: 无法解析请求 "favicon.ico"。 in /Applications/XAMPP/xamppfiles/htdocs/framework/web/CWebApplication.php:286
Stack trace:
#0 /Applications/XAMPP/xamppfiles/htdocs/framework/web/CWebApplication.php(141): CWebApplication->runController('favicon.ico')
#1 /Applications/XAMPP/xamppfiles/htdocs/framework/base/CApplication.php(185): CWebApplication->processRequest()
#2 /Applications/XAMPP/xamppfiles/htdocs/platform/index.php(14): CApplication->run()
#3 {main}
REQUEST_URI=/favicon.ico
HTTP_REFERER=http://localhost/powercontractorder/getlist
---
2018/06/05 10:14:03 [error] [exception.CHttpException.404] CHttpException: 无法解析请求 "favicon.ico"。 in /Applications/XAMPP/xamppfiles/htdocs/framework/web/CWebApplication.php:286
Stack trace:
#0 /Applications/XAMPP/xamppfiles/htdocs/framework/web/CWebApplication.php(141): CWebApplication->runController('favicon.ico')
#1 /Applications/XAMPP/xamppfiles/htdocs/framework/base/CApplication.php(185): CWebApplication->processRequest()
#2 /Applications/XAMPP/xamppfiles/htdocs/platform/index.php(14): CApplication->run()
#3 {main}
REQUEST_URI=/favicon.ico
HTTP_REFERER=http://localhost/powercontract/getlist
---
2018/06/05 10:18:59 [error] [exception.ParseError] ParseError: syntax error, unexpected '->' (T_OBJECT_OPERATOR) in /Applications/XAMPP/xamppfiles/htdocs/platform/protected/controllers/RegisterController.php:22
Stack trace:
#0 /Applications/XAMPP/xamppfiles/htdocs/framework/web/CWebApplication.php(276): CWebApplication->createController('register/')
#1 /Applications/XAMPP/xamppfiles/htdocs/framework/web/CWebApplication.php(141): CWebApplication->runController('register/regist...')
#2 /Applications/XAMPP/xamppfiles/htdocs/framework/base/CApplication.php(185): CWebApplication->processRequest()
#3 /Applications/XAMPP/xamppfiles/htdocs/platform/index.php(14): CApplication->run()
#4 {main}
REQUEST_URI=/register/register
---
2018/06/05 10:18:59 [error] [exception.CHttpException.404] CHttpException: 无法解析请求 "favicon.ico"。 in /Applications/XAMPP/xamppfiles/htdocs/framework/web/CWebApplication.php:287
Stack trace:
#0 /Applications/XAMPP/xamppfiles/htdocs/framework/web/CWebApplication.php(141): CWebApplication->runController('favicon.ico')
#1 /Applications/XAMPP/xamppfiles/htdocs/framework/base/CApplication.php(185): CWebApplication->processRequest()
#2 /Applications/XAMPP/xamppfiles/htdocs/platform/index.php(14): CApplication->run()
#3 {main}
REQUEST_URI=/favicon.ico
HTTP_REFERER=http://localhost/register/register
---
2018/06/05 10:19:17 [error] [exception.ParseError] ParseError: syntax error, unexpected '->' (T_OBJECT_OPERATOR) in /Applications/XAMPP/xamppfiles/htdocs/platform/protected/controllers/RegisterController.php:22
Stack trace:
#0 /Applications/XAMPP/xamppfiles/htdocs/framework/web/CWebApplication.php(276): CWebApplication->createController('register/')
#1 /Applications/XAMPP/xamppfiles/htdocs/framework/web/CWebApplication.php(141): CWebApplication->runController('register/regist...')
#2 /Applications/XAMPP/xamppfiles/htdocs/framework/base/CApplication.php(185): CWebApplication->processRequest()
#3 /Applications/XAMPP/xamppfiles/htdocs/platform/index.php(14): CApplication->run()
#4 {main}
REQUEST_URI=/register/register
---
2018/06/05 10:19:58 [error] [exception.ParseError] ParseError: syntax error, unexpected '->' (T_OBJECT_OPERATOR) in /Applications/XAMPP/xamppfiles/htdocs/platform/protected/controllers/RegisterController.php:22
Stack trace:
#0 /Applications/XAMPP/xamppfiles/htdocs/framework/web/CWebApplication.php(277): CWebApplication->createController('register/')
#1 /Applications/XAMPP/xamppfiles/htdocs/framework/web/CWebApplication.php(141): CWebApplication->runController('register/regist...')
#2 /Applications/XAMPP/xamppfiles/htdocs/framework/base/CApplication.php(185): CWebApplication->processRequest()
#3 /Applications/XAMPP/xamppfiles/htdocs/platform/index.php(14): CApplication->run()
#4 {main}
REQUEST_URI=/register/register
---
2018/06/05 10:39:11 [error] [exception.CException] CException: SiteController 无法找到请求的视图 "index". in /Applications/XAMPP/xamppfiles/htdocs/framework/web/CController.php:881
Stack trace:
#0 /Applications/XAMPP/xamppfiles/htdocs/framework/web/CController.php(785): CController->renderPartial('index', NULL, true)
#1 /Applications/XAMPP/xamppfiles/htdocs/platform/protected/controllers/SiteController.php(14): CController->render('index')
#2 /Applications/XAMPP/xamppfiles/htdocs/framework/web/actions/CInlineAction.php(49): SiteController->actionIndex()
#3 /Applications/XAMPP/xamppfiles/htdocs/framework/web/CController.php(308): CInlineAction->runWithParams(Array)
#4 /Applications/XAMPP/xamppfiles/htdocs/platform/protected/components/CommonController.php(416): CController->runAction(Object(CInlineAction))
#5 /Applications/XAMPP/xamppfiles/htdocs/framework/web/CController.php(286): CommonController->runAction(Object(CInlineAction))
#6 /Applications/XAMPP/xamppfiles/htdocs/framework/web/CController.php(265): CController->runActionWithFilters(Object(CInlineAction), Array)
#7 /Applications/XAMPP/xamppfiles/htdocs/framework/web/CWebApplication.php(282): CController->run('index')
#8 /Applications/XAMPP/xamppfiles/htdocs/framework/web/CWebApplication.php(141): CWebApplication->runController('site/index')
#9 /Applications/XAMPP/xamppfiles/htdocs/framework/base/CApplication.php(185): CWebApplication->processRequest()
#10 /Applications/XAMPP/xamppfiles/htdocs/platform/index.php(14): CApplication->run()
#11 {main}
REQUEST_URI=/site/index
---
2018/06/05 10:39:30 [error] [exception.CException] CException: SiteController 无法找到请求的视图 "index". in /Applications/XAMPP/xamppfiles/htdocs/framework/web/CController.php:881
Stack trace:
#0 /Applications/XAMPP/xamppfiles/htdocs/framework/web/CController.php(785): CController->renderPartial('index', NULL, true)
#1 /Applications/XAMPP/xamppfiles/htdocs/platform/protected/controllers/SiteController.php(14): CController->render('index')
#2 /Applications/XAMPP/xamppfiles/htdocs/framework/web/actions/CInlineAction.php(49): SiteController->actionIndex()
#3 /Applications/XAMPP/xamppfiles/htdocs/framework/web/CController.php(308): CInlineAction->runWithParams(Array)
#4 /Applications/XAMPP/xamppfiles/htdocs/platform/protected/components/CommonController.php(416): CController->runAction(Object(CInlineAction))
#5 /Applications/XAMPP/xamppfiles/htdocs/framework/web/CController.php(286): CommonController->runAction(Object(CInlineAction))
#6 /Applications/XAMPP/xamppfiles/htdocs/framework/web/CController.php(265): CController->runActionWithFilters(Object(CInlineAction), Array)
#7 /Applications/XAMPP/xamppfiles/htdocs/framework/web/CWebApplication.php(282): CController->run('index')
#8 /Applications/XAMPP/xamppfiles/htdocs/framework/web/CWebApplication.php(141): CWebApplication->runController('site/index')
#9 /Applications/XAMPP/xamppfiles/htdocs/framework/base/CApplication.php(185): CWebApplication->processRequest()
#10 /Applications/XAMPP/xamppfiles/htdocs/platform/index.php(14): CApplication->run()
#11 {main}
REQUEST_URI=/site/index
---
2018/06/05 10:40:03 [error] [exception.CException] CException: SiteController 无法找到请求的视图 "index". in /Applications/XAMPP/xamppfiles/htdocs/framework/web/CController.php:881
Stack trace:
#0 /Applications/XAMPP/xamppfiles/htdocs/framework/web/CController.php(785): CController->renderPartial('index', NULL, true)
#1 /Applications/XAMPP/xamppfiles/htdocs/platform/protected/controllers/SiteController.php(14): CController->render('index')
#2 /Applications/XAMPP/xamppfiles/htdocs/framework/web/actions/CInlineAction.php(49): SiteController->actionIndex()
#3 /Applications/XAMPP/xamppfiles/htdocs/framework/web/CController.php(308): CInlineAction->runWithParams(Array)
#4 /Applications/XAMPP/xamppfiles/htdocs/platform/protected/components/CommonController.php(416): CController->runAction(Object(CInlineAction))
#5 /Applications/XAMPP/xamppfiles/htdocs/framework/web/CController.php(286): CommonController->runAction(Object(CInlineAction))
#6 /Applications/XAMPP/xamppfiles/htdocs/framework/web/CController.php(265): CController->runActionWithFilters(Object(CInlineAction), Array)
#7 /Applications/XAMPP/xamppfiles/htdocs/framework/web/CWebApplication.php(282): CController->run('index')
#8 /Applications/XAMPP/xamppfiles/htdocs/framework/web/CWebApplication.php(141): CWebApplication->runController('site/index')
#9 /Applications/XAMPP/xamppfiles/htdocs/framework/base/CApplication.php(185): CWebApplication->processRequest()
#10 /Applications/XAMPP/xamppfiles/htdocs/platform/index.php(14): CApplication->run()
#11 {main}
REQUEST_URI=/site/index
---
2018/06/05 11:45:44 [error] [exception.CHttpException.404] CHttpException: 系统无法找到请求的 "getusercontractlist" 动作. in /Applications/XAMPP/xamppfiles/htdocs/framework/web/CController.php:486
Stack trace:
#0 /Applications/XAMPP/xamppfiles/htdocs/framework/web/CController.php(270): CController->missingAction('getusercontract...')
#1 /Applications/XAMPP/xamppfiles/htdocs/framework/web/CWebApplication.php(282): CController->run('getusercontract...')
#2 /Applications/XAMPP/xamppfiles/htdocs/framework/web/CWebApplication.php(141): CWebApplication->runController('powercontractor...')
#3 /Applications/XAMPP/xamppfiles/htdocs/framework/base/CApplication.php(185): CWebApplication->processRequest()
#4 /Applications/XAMPP/xamppfiles/htdocs/platform/index.php(14): CApplication->run()
#5 {main}
REQUEST_URI=/powercontractorder/getusercontractlist
---
2018/06/05 14:35:50 [error] [exception.CHttpException.404] CHttpException: 系统无法找到请求的 "powercontractorderlist" 动作. in /Applications/XAMPP/xamppfiles/htdocs/framework/web/CController.php:486
Stack trace:
#0 /Applications/XAMPP/xamppfiles/htdocs/framework/web/CController.php(270): CController->missingAction('powercontractor...')
#1 /Applications/XAMPP/xamppfiles/htdocs/framework/web/CWebApplication.php(282): CController->run('powercontractor...')
#2 /Applications/XAMPP/xamppfiles/htdocs/framework/web/CWebApplication.php(141): CWebApplication->runController('user/powercontr...')
#3 /Applications/XAMPP/xamppfiles/htdocs/framework/base/CApplication.php(185): CWebApplication->processRequest()
#4 /Applications/XAMPP/xamppfiles/htdocs/platform/index.php(14): CApplication->run()
#5 {main}
REQUEST_URI=/user/powercontractorderlist
HTTP_REFERER=http://localhost/
---
2018/06/05 16:23:32 [error] [exception.CException] CException: PowerContractOrderController and its behaviors do not have a method or closure named "find". in /Applications/XAMPP/xamppfiles/htdocs/framework/base/CComponent.php:266
Stack trace:
#0 /Applications/XAMPP/xamppfiles/htdocs/platform/protected/controllers/PowercontractorderController.php(188): CComponent->__call('find', Array)
#1 /Applications/XAMPP/xamppfiles/htdocs/framework/web/actions/CInlineAction.php(49): PowerContractOrderController->actionOrderCancel()
#2 /Applications/XAMPP/xamppfiles/htdocs/framework/web/CController.php(308): CInlineAction->runWithParams(Array)
#3 /Applications/XAMPP/xamppfiles/htdocs/platform/protected/components/CommonController.php(416): CController->runAction(Object(CInlineAction))
#4 /Applications/XAMPP/xamppfiles/htdocs/framework/web/CController.php(286): CommonController->runAction(Object(CInlineAction))
#5 /Applications/XAMPP/xamppfiles/htdocs/framework/web/CController.php(265): CController->runActionWithFilters(Object(CInlineAction), Array)
#6 /Applications/XAMPP/xamppfiles/htdocs/framework/web/CWebApplication.php(282): CController->run('ordercancel')
#7 /Applications/XAMPP/xamppfiles/htdocs/framework/web/CWebApplication.php(141): CWebApplication->runController('powercontractor...')
#8 /Applications/XAMPP/xamppfiles/htdocs/framework/base/CApplication.php(185): CWebApplication->processRequest()
#9 /Applications/XAMPP/xamppfiles/htdocs/platform/index.php(14): CApplication->run()
#10 {main}
REQUEST_URI=/powercontractorder/ordercancel?id=1
HTTP_REFERER=http://localhost/user/powercontractorderlist
---
2018/06/05 16:28:43 [error] [php] Use of undefined constant exot - assumed 'exot' (/Applications/XAMPP/xamppfiles/htdocs/platform/protected/controllers/PowercontractorderController.php:193)
Stack trace:
#0 /Applications/XAMPP/xamppfiles/htdocs/platform/protected/components/CommonController.php(416): PowerContractOrderController->runAction()
#1 /Applications/XAMPP/xamppfiles/htdocs/framework/web/CController.php(286): PowerContractOrderController->runAction()
#2 /Applications/XAMPP/xamppfiles/htdocs/framework/web/CController.php(265): PowerContractOrderController->runActionWithFilters()
#3 /Applications/XAMPP/xamppfiles/htdocs/framework/web/CWebApplication.php(282): PowerContractOrderController->run()
#4 /Applications/XAMPP/xamppfiles/htdocs/framework/web/CWebApplication.php(141): CWebApplication->runController()
#5 /Applications/XAMPP/xamppfiles/htdocs/framework/base/CApplication.php(185): CWebApplication->processRequest()
#6 /Applications/XAMPP/xamppfiles/htdocs/platform/index.php(14): CWebApplication->run()
REQUEST_URI=/powercontractorder/ordercancel?id=1
2018/06/05 16:29:18 [error] [php] Undefined variable: count (/Applications/XAMPP/xamppfiles/htdocs/platform/protected/controllers/PowercontractorderController.php:161)
Stack trace:
#0 /Applications/XAMPP/xamppfiles/htdocs/framework/web/CController.php(308): CInlineAction->runWithParams()
#1 /Applications/XAMPP/xamppfiles/htdocs/platform/protected/components/CommonController.php(416): PowerContractOrderController->runAction()
#2 /Applications/XAMPP/xamppfiles/htdocs/framework/web/CController.php(286): PowerContractOrderController->runAction()
#3 /Applications/XAMPP/xamppfiles/htdocs/framework/web/CController.php(265): PowerContractOrderController->runActionWithFilters()
#4 /Applications/XAMPP/xamppfiles/htdocs/framework/web/CWebApplication.php(282): PowerContractOrderController->run()
#5 /Applications/XAMPP/xamppfiles/htdocs/framework/web/CWebApplication.php(141): CWebApplication->runController()
#6 /Applications/XAMPP/xamppfiles/htdocs/framework/base/CApplication.php(185): CWebApplication->processRequest()
#7 /Applications/XAMPP/xamppfiles/htdocs/platform/index.php(14): CWebApplication->run()
REQUEST_URI=/powercontractorder/ordercancel?id=1
2018/06/05 16:34:06 [error] [php] Undefined variable: c_sql (/Applications/XAMPP/xamppfiles/htdocs/platform/protected/controllers/PowercontractorderController.php:156)
Stack trace:
#0 /Applications/XAMPP/xamppfiles/htdocs/framework/web/CController.php(308): CInlineAction->runWithParams()
#1 /Applications/XAMPP/xamppfiles/htdocs/platform/protected/components/CommonController.php(416): PowerContractOrderController->runAction()
#2 /Applications/XAMPP/xamppfiles/htdocs/framework/web/CController.php(286): PowerContractOrderController->runAction()
#3 /Applications/XAMPP/xamppfiles/htdocs/framework/web/CController.php(265): PowerContractOrderController->runActionWithFilters()
#4 /Applications/XAMPP/xamppfiles/htdocs/framework/web/CWebApplication.php(282): PowerContractOrderController->run()
#5 /Applications/XAMPP/xamppfiles/htdocs/framework/web/CWebApplication.php(141): CWebApplication->runController()
#6 /Applications/XAMPP/xamppfiles/htdocs/framework/base/CApplication.php(185): CWebApplication->processRequest()
#7 /Applications/XAMPP/xamppfiles/htdocs/platform/index.php(14): CWebApplication->run()
REQUEST_URI=/powercontractorder/ordercancel?id=1
2018/06/05 16:47:02 [error] [php] Cannot modify header information - headers already sent by (output started at /Applications/XAMPP/xamppfiles/htdocs/platform/protected/controllers/PowercontractorderController.php:187) (/Applications/XAMPP/xamppfiles/htdocs/platform/protected/components/CommonController.php:361)
Stack trace:
#0 /Applications/XAMPP/xamppfiles/htdocs/framework/web/actions/CInlineAction.php(49): PowerContractOrderController->actionOrderCancel()
#1 /Applications/XAMPP/xamppfiles/htdocs/framework/web/CController.php(308): CInlineAction->runWithParams()
#2 /Applications/XAMPP/xamppfiles/htdocs/platform/protected/components/CommonController.php(416): PowerContractOrderController->runAction()
#3 /Applications/XAMPP/xamppfiles/htdocs/framework/web/CController.php(286): PowerContractOrderController->runAction()
#4 /Applications/XAMPP/xamppfiles/htdocs/framework/web/CController.php(265): PowerContractOrderController->runActionWithFilters()
#5 /Applications/XAMPP/xamppfiles/htdocs/framework/web/CWebApplication.php(282): PowerContractOrderController->run()
#6 /Applications/XAMPP/xamppfiles/htdocs/framework/web/CWebApplication.php(141): CWebApplication->runController()
#7 /Applications/XAMPP/xamppfiles/htdocs/framework/base/CApplication.php(185): CWebApplication->processRequest()
#8 /Applications/XAMPP/xamppfiles/htdocs/platform/index.php(14): CWebApplication->run()
REQUEST_URI=/powercontractorder/ordercancel?id=1
2018/06/05 16:52:02 [error] [php] Cannot modify header information - headers already sent by (output started at /Applications/XAMPP/xamppfiles/htdocs/platform/protected/controllers/PowercontractorderController.php:186) (/Applications/XAMPP/xamppfiles/htdocs/platform/protected/components/CommonController.php:361)
Stack trace:
#0 /Applications/XAMPP/xamppfiles/htdocs/framework/web/actions/CInlineAction.php(49): PowerContractOrderController->actionOrderCancel()
#1 /Applications/XAMPP/xamppfiles/htdocs/framework/web/CController.php(308): CInlineAction->runWithParams()
#2 /Applications/XAMPP/xamppfiles/htdocs/platform/protected/components/CommonController.php(416): PowerContractOrderController->runAction()
#3 /Applications/XAMPP/xamppfiles/htdocs/framework/web/CController.php(286): PowerContractOrderController->runAction()
#4 /Applications/XAMPP/xamppfiles/htdocs/framework/web/CController.php(265): PowerContractOrderController->runActionWithFilters()
#5 /Applications/XAMPP/xamppfiles/htdocs/framework/web/CWebApplication.php(282): PowerContractOrderController->run()
#6 /Applications/XAMPP/xamppfiles/htdocs/framework/web/CWebApplication.php(141): CWebApplication->runController()
#7 /Applications/XAMPP/xamppfiles/htdocs/framework/base/CApplication.php(185): CWebApplication->processRequest()
#8 /Applications/XAMPP/xamppfiles/htdocs/platform/index.php(14): CWebApplication->run()
REQUEST_URI=/powercontractorder/ordercancel?id=1
2018/06/05 16:52:31 [error] [php] Undefined variable: count (/Applications/XAMPP/xamppfiles/htdocs/platform/protected/controllers/PowercontractorderController.php:171)
Stack trace:
#0 /Applications/XAMPP/xamppfiles/htdocs/framework/web/CController.php(308): CInlineAction->runWithParams()
#1 /Applications/XAMPP/xamppfiles/htdocs/platform/protected/components/CommonController.php(416): PowerContractOrderController->runAction()
#2 /Applications/XAMPP/xamppfiles/htdocs/framework/web/CController.php(286): PowerContractOrderController->runAction()
#3 /Applications/XAMPP/xamppfiles/htdocs/framework/web/CController.php(265): PowerContractOrderController->runActionWithFilters()
#4 /Applications/XAMPP/xamppfiles/htdocs/framework/web/CWebApplication.php(282): PowerContractOrderController->run()
#5 /Applications/XAMPP/xamppfiles/htdocs/framework/web/CWebApplication.php(141): CWebApplication->runController()
#6 /Applications/XAMPP/xamppfiles/htdocs/framework/base/CApplication.php(185): CWebApplication->processRequest()
#7 /Applications/XAMPP/xamppfiles/htdocs/platform/index.php(14): CWebApplication->run()
REQUEST_URI=/powercontractorder/ordercancel?id=1
2018/06/05 16:57:55 [error] [exception.ParseError] ParseError: syntax error, unexpected ';', expecting ')' in /Applications/XAMPP/xamppfiles/htdocs/platform/protected/controllers/PowercontractorderController.php:170
Stack trace:
#0 /Applications/XAMPP/xamppfiles/htdocs/framework/web/CWebApplication.php(276): CWebApplication->createController('ordercancel/')
#1 /Applications/XAMPP/xamppfiles/htdocs/framework/web/CWebApplication.php(141): CWebApplication->runController('powercontractor...')
#2 /Applications/XAMPP/xamppfiles/htdocs/framework/base/CApplication.php(185): CWebApplication->processRequest()
#3 /Applications/XAMPP/xamppfiles/htdocs/platform/index.php(14): CApplication->run()
#4 {main}
REQUEST_URI=/powercontractorder/ordercancel?id=1
HTTP_REFERER=http://localhost/user/powercontractorderlist
---
2018/06/05 16:58:24 [error] [php] Cannot modify header information - headers already sent by (output started at /Applications/XAMPP/xamppfiles/htdocs/platform/protected/controllers/PowercontractorderController.php:185) (/Applications/XAMPP/xamppfiles/htdocs/platform/protected/components/CommonController.php:361)
Stack trace:
#0 /Applications/XAMPP/xamppfiles/htdocs/framework/web/actions/CInlineAction.php(49): PowerContractOrderController->actionOrderCancel()
#1 /Applications/XAMPP/xamppfiles/htdocs/framework/web/CController.php(308): CInlineAction->runWithParams()
#2 /Applications/XAMPP/xamppfiles/htdocs/platform/protected/components/CommonController.php(416): PowerContractOrderController->runAction()
#3 /Applications/XAMPP/xamppfiles/htdocs/framework/web/CController.php(286): PowerContractOrderController->runAction()
#4 /Applications/XAMPP/xamppfiles/htdocs/framework/web/CController.php(265): PowerContractOrderController->runActionWithFilters()
#5 /Applications/XAMPP/xamppfiles/htdocs/framework/web/CWebApplication.php(282): PowerContractOrderController->run()
#6 /Applications/XAMPP/xamppfiles/htdocs/framework/web/CWebApplication.php(141): CWebApplication->runController()
#7 /Applications/XAMPP/xamppfiles/htdocs/framework/base/CApplication.php(185): CWebApplication->processRequest()
#8 /Applications/XAMPP/xamppfiles/htdocs/platform/index.php(14): CWebApplication->run()
REQUEST_URI=/powercontractorder/ordercancel?id=1
2018/06/05 17:16:26 [error] [exception.Error] Error: Cannot access protected property CException::$message in /Applications/XAMPP/xamppfiles/htdocs/platform/protected/controllers/PowercontractorderController.php:188
Stack trace:
#0 /Applications/XAMPP/xamppfiles/htdocs/platform/protected/controllers/PowercontractorderController.php(217): PowerContractOrderController->cancelOrder('1', '1')
#1 /Applications/XAMPP/xamppfiles/htdocs/framework/web/actions/CInlineAction.php(49): PowerContractOrderController->actionOrderCancel()
#2 /Applications/XAMPP/xamppfiles/htdocs/framework/web/CController.php(308): CInlineAction->runWithParams(Array)
#3 /Applications/XAMPP/xamppfiles/htdocs/platform/protected/components/CommonController.php(416): CController->runAction(Object(CInlineAction))
#4 /Applications/XAMPP/xamppfiles/htdocs/framework/web/CController.php(286): CommonController->runAction(Object(CInlineAction))
#5 /Applications/XAMPP/xamppfiles/htdocs/framework/web/CController.php(265): CController->runActionWithFilters(Object(CInlineAction), Array)
#6 /Applications/XAMPP/xamppfiles/htdocs/framework/web/CWebApplication.php(282): CController->run('ordercancel')
#7 /Applications/XAMPP/xamppfiles/htdocs/framework/web/CWebApplication.php(141): CWebApplication->runController('powercontractor...')
#8 /Applications/XAMPP/xamppfiles/htdocs/framework/base/CApplication.php(185): CWebApplication->processRequest()
#9 /Applications/XAMPP/xamppfiles/htdocs/platform/index.php(14): CApplication->run()
#10 {main}
REQUEST_URI=/powercontractorder/ordercancel?id=1
HTTP_REFERER=http://localhost/user/powercontractorderlist
---
2018/06/05 17:18:12 [error] [php] Undefined variable: re (/Applications/XAMPP/xamppfiles/htdocs/platform/protected/controllers/PowercontractorderController.php:189)
Stack trace:
#0 /Applications/XAMPP/xamppfiles/htdocs/framework/web/CController.php(308): CInlineAction->runWithParams()
#1 /Applications/XAMPP/xamppfiles/htdocs/platform/protected/components/CommonController.php(416): PowerContractOrderController->runAction()
#2 /Applications/XAMPP/xamppfiles/htdocs/framework/web/CController.php(286): PowerContractOrderController->runAction()
#3 /Applications/XAMPP/xamppfiles/htdocs/framework/web/CController.php(265): PowerContractOrderController->runActionWithFilters()
#4 /Applications/XAMPP/xamppfiles/htdocs/framework/web/CWebApplication.php(282): PowerContractOrderController->run()
#5 /Applications/XAMPP/xamppfiles/htdocs/framework/web/CWebApplication.php(141): CWebApplication->runController()
#6 /Applications/XAMPP/xamppfiles/htdocs/framework/base/CApplication.php(185): CWebApplication->processRequest()
#7 /Applications/XAMPP/xamppfiles/htdocs/platform/index.php(14): CWebApplication->run()
REQUEST_URI=/powercontractorder/ordercancel?id=1
2018/06/05 17:18:44 [error] [system_error] {"operate":"PowerContractOrder cancel ","id":"1","operator":"self","message":"属性 \"PowerContractModel.cid\" 未被定义."}
2018/06/05 17:19:39 [error] [system_error] {"operate":"PowerContractOrder cancel ","id":"1","uid":"1","operator":"self","message":"属性 \"PowerContractModel.cid\" 未被定义."}
2018/06/05 18:20:48 [error] [system.db.CDbCommand] CDbCommand::fetchAll() failed: SQLSTATE[42S02]: Base table or view not found: 1146 Table 'platform.platform_power_contract_order_log' doesn't exist. The SQL statement executed was: SHOW FULL COLUMNS FROM `platform_power_contract_order_log`.
2018/06/05 18:20:48 [error] [system_error] {"operate":"PowerContractOrder cancel ","id":"1","uid":"1","operator":"self","message":"数据库中无法找到 active record class \"PowerContractOrderLogModel\" 对应的 table \"platform_power_contract_order_log\"."}
2018/06/05 18:24:33 [error] [exception.Error] Error: Call to undefined function var_ump() in /Applications/XAMPP/xamppfiles/htdocs/platform/protected/controllers/PowercontractorderController.php:179
Stack trace:
#0 /Applications/XAMPP/xamppfiles/htdocs/platform/protected/controllers/PowercontractorderController.php(226): PowerContractOrderController->cancelOrder('1', '1')
#1 /Applications/XAMPP/xamppfiles/htdocs/framework/web/actions/CInlineAction.php(49): PowerContractOrderController->actionOrderCancel()
#2 /Applications/XAMPP/xamppfiles/htdocs/framework/web/CController.php(308): CInlineAction->runWithParams(Array)
#3 /Applications/XAMPP/xamppfiles/htdocs/platform/protected/components/CommonController.php(419): CController->runAction(Object(CInlineAction))
#4 /Applications/XAMPP/xamppfiles/htdocs/framework/web/CController.php(286): CommonController->runAction(Object(CInlineAction))
#5 /Applications/XAMPP/xamppfiles/htdocs/framework/web/CController.php(265): CController->runActionWithFilters(Object(CInlineAction), Array)
#6 /Applications/XAMPP/xamppfiles/htdocs/framework/web/CWebApplication.php(282): CController->run('ordercancel')
#7 /Applications/XAMPP/xamppfiles/htdocs/framework/web/CWebApplication.php(141): CWebApplication->runController('powercontractor...')
#8 /Applications/XAMPP/xamppfiles/htdocs/framework/base/CApplication.php(185): CWebApplication->processRequest()
#9 /Applications/XAMPP/xamppfiles/htdocs/platform/index.php(14): CApplication->run()
#10 {main}
REQUEST_URI=/powercontractorder/ordercancel?id=1
HTTP_REFERER=http://localhost/user/powercontractorderlist
---
2018/06/05 20:01:29 [error] [exception.CHttpException.404] CHttpException: 系统无法找到请求的 "uppass" 动作. in /Applications/XAMPP/xamppfiles/htdocs/framework/web/CController.php:486
Stack trace:
#0 /Applications/XAMPP/xamppfiles/htdocs/framework/web/CController.php(270): CController->missingAction('uppass')
#1 /Applications/XAMPP/xamppfiles/htdocs/framework/web/CWebApplication.php(282): CController->run('uppass')
#2 /Applications/XAMPP/xamppfiles/htdocs/framework/web/CWebApplication.php(141): CWebApplication->runController('user/uppass')
#3 /Applications/XAMPP/xamppfiles/htdocs/framework/base/CApplication.php(185): CWebApplication->processRequest()
#4 /Applications/XAMPP/xamppfiles/htdocs/platform/index.php(14): CApplication->run()
#5 {main}
REQUEST_URI=/user/uppass
HTTP_REFERER=http://localhost/
---
2018/06/05 22:22:39 [error] [php] Undefined index: components (/Applications/XAMPP/xamppfiles/htdocs/platform/protected/controllers/LoginController.php:5)
Stack trace:
#0 /Applications/XAMPP/xamppfiles/htdocs/platform/protected/components/CommonController.php(416): LoginController->runAction()
#1 /Applications/XAMPP/xamppfiles/htdocs/framework/web/CController.php(286): LoginController->runAction()
#2 /Applications/XAMPP/xamppfiles/htdocs/framework/web/CController.php(265): LoginController->runActionWithFilters()
#3 /Applications/XAMPP/xamppfiles/htdocs/framework/web/CWebApplication.php(282): LoginController->run()
#4 /Applications/XAMPP/xamppfiles/htdocs/framework/web/CWebApplication.php(141): CWebApplication->runController()
#5 /Applications/XAMPP/xamppfiles/htdocs/framework/base/CApplication.php(185): CWebApplication->processRequest()
#6 /Applications/XAMPP/xamppfiles/htdocs/platform/index.php(14): CWebApplication->run()
REQUEST_URI=/login/login
2018/06/05 22:22:39 [error] [exception.CHttpException.404] CHttpException: 无法解析请求 "favicon.ico"。 in /Applications/XAMPP/xamppfiles/htdocs/framework/web/CWebApplication.php:286
Stack trace:
#0 /Applications/XAMPP/xamppfiles/htdocs/framework/web/CWebApplication.php(141): CWebApplication->runController('favicon.ico')
#1 /Applications/XAMPP/xamppfiles/htdocs/framework/base/CApplication.php(185): CWebApplication->processRequest()
#2 /Applications/XAMPP/xamppfiles/htdocs/platform/index.php(14): CApplication->run()
#3 {main}
REQUEST_URI=/favicon.ico
HTTP_REFERER=http://localhost/login/login
---
2018/06/05 22:23:03 [error] [php] Undefined index: components (/Applications/XAMPP/xamppfiles/htdocs/platform/protected/controllers/LoginController.php:5)
Stack trace:
#0 /Applications/XAMPP/xamppfiles/htdocs/platform/protected/components/CommonController.php(416): LoginController->runAction()
#1 /Applications/XAMPP/xamppfiles/htdocs/framework/web/CController.php(286): LoginController->runAction()
#2 /Applications/XAMPP/xamppfiles/htdocs/framework/web/CController.php(265): LoginController->runActionWithFilters()
#3 /Applications/XAMPP/xamppfiles/htdocs/framework/web/CWebApplication.php(282): LoginController->run()
#4 /Applications/XAMPP/xamppfiles/htdocs/framework/web/CWebApplication.php(141): CWebApplication->runController()
#5 /Applications/XAMPP/xamppfiles/htdocs/framework/base/CApplication.php(185): CWebApplication->processRequest()
#6 /Applications/XAMPP/xamppfiles/htdocs/platform/index.php(14): CWebApplication->run()
REQUEST_URI=/login/login
2018/06/05 22:25:24 [error] [php] Trying to get property of non-object (/Applications/XAMPP/xamppfiles/htdocs/platform/protected/controllers/LoginController.php:5)
Stack trace:
#0 /Applications/XAMPP/xamppfiles/htdocs/platform/protected/components/CommonController.php(416): LoginController->runAction()
#1 /Applications/XAMPP/xamppfiles/htdocs/framework/web/CController.php(286): LoginController->runAction()
#2 /Applications/XAMPP/xamppfiles/htdocs/framework/web/CController.php(265): LoginController->runActionWithFilters()
#3 /Applications/XAMPP/xamppfiles/htdocs/framework/web/CWebApplication.php(282): LoginController->run()
#4 /Applications/XAMPP/xamppfiles/htdocs/framework/web/CWebApplication.php(141): CWebApplication->runController()
#5 /Applications/XAMPP/xamppfiles/htdocs/framework/base/CApplication.php(185): CWebApplication->processRequest()
#6 /Applications/XAMPP/xamppfiles/htdocs/platform/index.php(14): CWebApplication->run()
REQUEST_URI=/login/login
2018/06/05 22:25:55 [error] [php] Trying to get property of non-object (/Applications/XAMPP/xamppfiles/htdocs/platform/protected/controllers/LoginController.php:5)
Stack trace:
#0 /Applications/XAMPP/xamppfiles/htdocs/platform/protected/components/CommonController.php(416): LoginController->runAction()
#1 /Applications/XAMPP/xamppfiles/htdocs/framework/web/CController.php(286): LoginController->runAction()
#2 /Applications/XAMPP/xamppfiles/htdocs/framework/web/CController.php(265): LoginController->runActionWithFilters()
#3 /Applications/XAMPP/xamppfiles/htdocs/framework/web/CWebApplication.php(282): LoginController->run()
#4 /Applications/XAMPP/xamppfiles/htdocs/framework/web/CWebApplication.php(141): CWebApplication->runController()
#5 /Applications/XAMPP/xamppfiles/htdocs/framework/base/CApplication.php(185): CWebApplication->processRequest()
#6 /Applications/XAMPP/xamppfiles/htdocs/platform/index.php(14): CWebApplication->run()
REQUEST_URI=/login/login
2018/06/05 22:37:42 [error] [exception.Error] Error: Undefined class constant 'ADD' in /Applications/XAMPP/xamppfiles/htdocs/platform/protected/controllers/PowercontractorderController.php:136
Stack trace:
#0 /Applications/XAMPP/xamppfiles/htdocs/platform/protected/controllers/PowercontractorderController.php(98): PowerContractOrderController->createOrder('2', '2.2')
#1 /Applications/XAMPP/xamppfiles/htdocs/framework/web/actions/CInlineAction.php(49): PowerContractOrderController->actionOrder()
#2 /Applications/XAMPP/xamppfiles/htdocs/framework/web/CController.php(308): CInlineAction->runWithParams(Array)
#3 /Applications/XAMPP/xamppfiles/htdocs/platform/protected/components/CommonController.php(416): CController->runAction(Object(CInlineAction))
#4 /Applications/XAMPP/xamppfiles/htdocs/framework/web/CController.php(286): CommonController->runAction(Object(CInlineAction))
#5 /Applications/XAMPP/xamppfiles/htdocs/framework/web/CController.php(265): CController->runActionWithFilters(Object(CInlineAction), Array)
#6 /Applications/XAMPP/xamppfiles/htdocs/framework/web/CWebApplication.php(282): CController->run('order')
#7 /Applications/XAMPP/xamppfiles/htdocs/framework/web/CWebApplication.php(141): CWebApplication->runController('powercontractor...')
#8 /Applications/XAMPP/xamppfiles/htdocs/framework/base/CApplication.php(185): CWebApplication->processRequest()
#9 /Applications/XAMPP/xamppfiles/htdocs/platform/index.php(14): CApplication->run()
#10 {main}
REQUEST_URI=/powercontractorder/order
HTTP_REFERER=http://localhost/powercontractview/detail?id=2
---
