2018/06/04 10:39:52 [error] [exception.CHttpException.404] CHttpException: 无法解析请求 "favicon.ico"。 in /Applications/XAMPP/xamppfiles/htdocs/framework/web/CWebApplication.php:286
Stack trace:
#0 /Applications/XAMPP/xamppfiles/htdocs/framework/web/CWebApplication.php(141): CWebApplication->runController('favicon.ico')
#1 /Applications/XAMPP/xamppfiles/htdocs/framework/base/CApplication.php(185): CWebApplication->processRequest()
#2 /Applications/XAMPP/xamppfiles/htdocs/platform/index.php(14): CApplication->run()
#3 {main}
REQUEST_URI=/favicon.ico
HTTP_REFERER=http://localhost/powercontractview/list
---
2018/06/04 14:52:19 [error] [exception.CException] CException: 属性 "PowerContractViewController.info" 未被定义. in /Applications/XAMPP/xamppfiles/htdocs/framework/base/CComponent.php:173
Stack trace:
#0 /Applications/XAMPP/xamppfiles/htdocs/platform/protected/controllers/PowercontractviewController.php(15): CComponent->__set('info', Array)
#1 /Applications/XAMPP/xamppfiles/htdocs/framework/web/actions/CInlineAction.php(49): PowerContractViewController->actionDetail()
#2 /Applications/XAMPP/xamppfiles/htdocs/framework/web/CController.php(308): CInlineAction->runWithParams(Array)
#3 /Applications/XAMPP/xamppfiles/htdocs/platform/protected/components/CommonController.php(416): CController->runAction(Object(CInlineAction))
#4 /Applications/XAMPP/xamppfiles/htdocs/framework/web/CController.php(286): CommonController->runAction(Object(CInlineAction))
#5 /Applications/XAMPP/xamppfiles/htdocs/framework/web/CController.php(265): CController->runActionWithFilters(Object(CInlineAction), Array)
#6 /Applications/XAMPP/xamppfiles/htdocs/framework/web/CWebApplication.php(282): CController->run('detail')
#7 /Applications/XAMPP/xamppfiles/htdocs/framework/web/CWebApplication.php(141): CWebApplication->runController('powercontractvi...')
#8 /Applications/XAMPP/xamppfiles/htdocs/framework/base/CApplication.php(185): CWebApplication->processRequest()
#9 /Applications/XAMPP/xamppfiles/htdocs/platform/index.php(14): CApplication->run()
#10 {main}
REQUEST_URI=/powercontractview/detail?id=1
HTTP_REFERER=http://localhost/powercontractview/list
---
2018/06/04 14:53:07 [error] [exception.CException] CException: 属性 "PowerContractViewController.info" 未被定义. in /Applications/XAMPP/xamppfiles/htdocs/framework/base/CComponent.php:173
Stack trace:
#0 /Applications/XAMPP/xamppfiles/htdocs/platform/protected/controllers/PowercontractviewController.php(15): CComponent->__set('info', Array)
#1 /Applications/XAMPP/xamppfiles/htdocs/framework/web/actions/CInlineAction.php(49): PowerContractViewController->actionDetail()
#2 /Applications/XAMPP/xamppfiles/htdocs/framework/web/CController.php(308): CInlineAction->runWithParams(Array)
#3 /Applications/XAMPP/xamppfiles/htdocs/platform/protected/components/CommonController.php(416): CController->runAction(Object(CInlineAction))
#4 /Applications/XAMPP/xamppfiles/htdocs/framework/web/CController.php(286): CommonController->runAction(Object(CInlineAction))
#5 /Applications/XAMPP/xamppfiles/htdocs/framework/web/CController.php(265): CController->runActionWithFilters(Object(CInlineAction), Array)
#6 /Applications/XAMPP/xamppfiles/htdocs/framework/web/CWebApplication.php(282): CController->run('detail')
#7 /Applications/XAMPP/xamppfiles/htdocs/framework/web/CWebApplication.php(141): CWebApplication->runController('powercontractvi...')
#8 /Applications/XAMPP/xamppfiles/htdocs/framework/base/CApplication.php(185): CWebApplication->processRequest()
#9 /Applications/XAMPP/xamppfiles/htdocs/platform/index.php(14): CApplication->run()
#10 {main}
REQUEST_URI=/powercontractview/detail?id=1
HTTP_REFERER=http://localhost/powercontractview/list
---
2018/06/04 15:00:25 [error] [php] Use of undefined constant name - assumed 'name' (/Applications/XAMPP/xamppfiles/htdocs/platform/protected/views/powercontractview/detail.php:4)
Stack trace:
#0 /Applications/XAMPP/xamppfiles/htdocs/framework/web/CController.php(872): PowerContractViewController->renderFile()
#1 /Applications/XAMPP/xamppfiles/htdocs/framework/web/CController.php(785): PowerContractViewController->renderPartial()
#2 /Applications/XAMPP/xamppfiles/htdocs/platform/protected/controllers/PowercontractviewController.php(17): PowerContractViewController->render()
#3 /Applications/XAMPP/xamppfiles/htdocs/framework/web/actions/CInlineAction.php(49): PowerContractViewController->actionDetail()
#4 /Applications/XAMPP/xamppfiles/htdocs/framework/web/CController.php(308): CInlineAction->runWithParams()
#5 /Applications/XAMPP/xamppfiles/htdocs/platform/protected/components/CommonController.php(416): PowerContractViewController->runAction()
#6 /Applications/XAMPP/xamppfiles/htdocs/framework/web/CController.php(286): PowerContractViewController->runAction()
#7 /Applications/XAMPP/xamppfiles/htdocs/framework/web/CController.php(265): PowerContractViewController->runActionWithFilters()
#8 /Applications/XAMPP/xamppfiles/htdocs/framework/web/CWebApplication.php(282): PowerContractViewController->run()
#9 /Applications/XAMPP/xamppfiles/htdocs/framework/web/CWebApplication.php(141): CWebApplication->runController()
#10 /Applications/XAMPP/xamppfiles/htdocs/framework/base/CApplication.php(185): CWebApplication->processRequest()
#11 /Applications/XAMPP/xamppfiles/htdocs/platform/index.php(14): CWebApplication->run()
REQUEST_URI=/powercontractview/detail?id=1
2018/06/04 15:01:23 [error] [php] Undefined variable: in (/Applications/XAMPP/xamppfiles/htdocs/platform/protected/views/powercontractview/detail.php:4)
Stack trace:
#0 /Applications/XAMPP/xamppfiles/htdocs/framework/web/CController.php(872): PowerContractViewController->renderFile()
#1 /Applications/XAMPP/xamppfiles/htdocs/framework/web/CController.php(785): PowerContractViewController->renderPartial()
#2 /Applications/XAMPP/xamppfiles/htdocs/platform/protected/controllers/PowercontractviewController.php(16): PowerContractViewController->render()
#3 /Applications/XAMPP/xamppfiles/htdocs/framework/web/actions/CInlineAction.php(49): PowerContractViewController->actionDetail()
#4 /Applications/XAMPP/xamppfiles/htdocs/framework/web/CController.php(308): CInlineAction->runWithParams()
#5 /Applications/XAMPP/xamppfiles/htdocs/platform/protected/components/CommonController.php(416): PowerContractViewController->runAction()
#6 /Applications/XAMPP/xamppfiles/htdocs/framework/web/CController.php(286): PowerContractViewController->runAction()
#7 /Applications/XAMPP/xamppfiles/htdocs/framework/web/CController.php(265): PowerContractViewController->runActionWithFilters()
#8 /Applications/XAMPP/xamppfiles/htdocs/framework/web/CWebApplication.php(282): PowerContractViewController->run()
#9 /Applications/XAMPP/xamppfiles/htdocs/framework/web/CWebApplication.php(141): CWebApplication->runController()
#10 /Applications/XAMPP/xamppfiles/htdocs/framework/base/CApplication.php(185): CWebApplication->processRequest()
#11 /Applications/XAMPP/xamppfiles/htdocs/platform/index.php(14): CWebApplication->run()
REQUEST_URI=/powercontractview/detail?id=1
2018/06/04 15:01:42 [error] [php] Undefined variable: in (/Applications/XAMPP/xamppfiles/htdocs/platform/protected/views/powercontractview/detail.php:4)
Stack trace:
#0 /Applications/XAMPP/xamppfiles/htdocs/framework/web/CController.php(872): PowerContractViewController->renderFile()
#1 /Applications/XAMPP/xamppfiles/htdocs/framework/web/CController.php(785): PowerContractViewController->renderPartial()
#2 /Applications/XAMPP/xamppfiles/htdocs/platform/protected/controllers/PowercontractviewController.php(16): PowerContractViewController->render()
#3 /Applications/XAMPP/xamppfiles/htdocs/framework/web/actions/CInlineAction.php(49): PowerContractViewController->actionDetail()
#4 /Applications/XAMPP/xamppfiles/htdocs/framework/web/CController.php(308): CInlineAction->runWithParams()
#5 /Applications/XAMPP/xamppfiles/htdocs/platform/protected/components/CommonController.php(416): PowerContractViewController->runAction()
#6 /Applications/XAMPP/xamppfiles/htdocs/framework/web/CController.php(286): PowerContractViewController->runAction()
#7 /Applications/XAMPP/xamppfiles/htdocs/framework/web/CController.php(265): PowerContractViewController->runActionWithFilters()
#8 /Applications/XAMPP/xamppfiles/htdocs/framework/web/CWebApplication.php(282): PowerContractViewController->run()
#9 /Applications/XAMPP/xamppfiles/htdocs/framework/web/CWebApplication.php(141): CWebApplication->runController()
#10 /Applications/XAMPP/xamppfiles/htdocs/framework/base/CApplication.php(185): CWebApplication->processRequest()
#11 /Applications/XAMPP/xamppfiles/htdocs/platform/index.php(14): CWebApplication->run()
REQUEST_URI=/powercontractview/detail?id=1
2018/06/04 15:01:43 [error] [php] Undefined variable: in (/Applications/XAMPP/xamppfiles/htdocs/platform/protected/views/powercontractview/detail.php:4)
Stack trace:
#0 /Applications/XAMPP/xamppfiles/htdocs/framework/web/CController.php(872): PowerContractViewController->renderFile()
#1 /Applications/XAMPP/xamppfiles/htdocs/framework/web/CController.php(785): PowerContractViewController->renderPartial()
#2 /Applications/XAMPP/xamppfiles/htdocs/platform/protected/controllers/PowercontractviewController.php(16): PowerContractViewController->render()
#3 /Applications/XAMPP/xamppfiles/htdocs/framework/web/actions/CInlineAction.php(49): PowerContractViewController->actionDetail()
#4 /Applications/XAMPP/xamppfiles/htdocs/framework/web/CController.php(308): CInlineAction->runWithParams()
#5 /Applications/XAMPP/xamppfiles/htdocs/platform/protected/components/CommonController.php(416): PowerContractViewController->runAction()
#6 /Applications/XAMPP/xamppfiles/htdocs/framework/web/CController.php(286): PowerContractViewController->runAction()
#7 /Applications/XAMPP/xamppfiles/htdocs/framework/web/CController.php(265): PowerContractViewController->runActionWithFilters()
#8 /Applications/XAMPP/xamppfiles/htdocs/framework/web/CWebApplication.php(282): PowerContractViewController->run()
#9 /Applications/XAMPP/xamppfiles/htdocs/framework/web/CWebApplication.php(141): CWebApplication->runController()
#10 /Applications/XAMPP/xamppfiles/htdocs/framework/base/CApplication.php(185): CWebApplication->processRequest()
#11 /Applications/XAMPP/xamppfiles/htdocs/platform/index.php(14): CWebApplication->run()
REQUEST_URI=/powercontractview/detail?id=1
2018/06/04 15:48:41 [error] [php] Undefined index: coin_id (/Applications/XAMPP/xamppfiles/htdocs/platform/protected/controllers/PowercontractviewController.php:15)
Stack trace:
#0 /Applications/XAMPP/xamppfiles/htdocs/platform/protected/components/CommonController.php(416): PowerContractViewController->runAction()
#1 /Applications/XAMPP/xamppfiles/htdocs/framework/web/CController.php(286): PowerContractViewController->runAction()
#2 /Applications/XAMPP/xamppfiles/htdocs/framework/web/CController.php(265): PowerContractViewController->runActionWithFilters()
#3 /Applications/XAMPP/xamppfiles/htdocs/framework/web/CWebApplication.php(282): PowerContractViewController->run()
#4 /Applications/XAMPP/xamppfiles/htdocs/framework/web/CWebApplication.php(141): CWebApplication->runController()
#5 /Applications/XAMPP/xamppfiles/htdocs/framework/base/CApplication.php(185): CWebApplication->processRequest()
#6 /Applications/XAMPP/xamppfiles/htdocs/platform/index.php(14): CWebApplication->run()
REQUEST_URI=/powercontractview/detail?id=1
2018/06/04 15:49:37 [error] [php] include(Unitmodel.php): failed to open stream: No such file or directory (/Applications/XAMPP/xamppfiles/htdocs/framework/YiiBase.php:432)
Stack trace:
#0 /Applications/XAMPP/xamppfiles/htdocs/platform/protected/controllers/PowercontractviewController.php(16): spl_autoload_call()
#1 /Applications/XAMPP/xamppfiles/htdocs/framework/web/actions/CInlineAction.php(49): PowerContractViewController->actionDetail()
#2 /Applications/XAMPP/xamppfiles/htdocs/framework/web/CController.php(308): CInlineAction->runWithParams()
#3 /Applications/XAMPP/xamppfiles/htdocs/platform/protected/components/CommonController.php(416): PowerContractViewController->runAction()
#4 /Applications/XAMPP/xamppfiles/htdocs/framework/web/CController.php(286): PowerContractViewController->runAction()
#5 /Applications/XAMPP/xamppfiles/htdocs/framework/web/CController.php(265): PowerContractViewController->runActionWithFilters()
#6 /Applications/XAMPP/xamppfiles/htdocs/framework/web/CWebApplication.php(282): PowerContractViewController->run()
#7 /Applications/XAMPP/xamppfiles/htdocs/framework/web/CWebApplication.php(141): CWebApplication->runController()
#8 /Applications/XAMPP/xamppfiles/htdocs/framework/base/CApplication.php(185): CWebApplication->processRequest()
#9 /Applications/XAMPP/xamppfiles/htdocs/platform/index.php(14): CWebApplication->run()
REQUEST_URI=/powercontractview/detail?id=1
2018/06/04 15:49:39 [error] [php] include(Unitmodel.php): failed to open stream: No such file or directory (/Applications/XAMPP/xamppfiles/htdocs/framework/YiiBase.php:432)
Stack trace:
#0 /Applications/XAMPP/xamppfiles/htdocs/platform/protected/controllers/PowercontractviewController.php(16): spl_autoload_call()
#1 /Applications/XAMPP/xamppfiles/htdocs/framework/web/actions/CInlineAction.php(49): PowerContractViewController->actionDetail()
#2 /Applications/XAMPP/xamppfiles/htdocs/framework/web/CController.php(308): CInlineAction->runWithParams()
#3 /Applications/XAMPP/xamppfiles/htdocs/platform/protected/components/CommonController.php(416): PowerContractViewController->runAction()
#4 /Applications/XAMPP/xamppfiles/htdocs/framework/web/CController.php(286): PowerContractViewController->runAction()
#5 /Applications/XAMPP/xamppfiles/htdocs/framework/web/CController.php(265): PowerContractViewController->runActionWithFilters()
#6 /Applications/XAMPP/xamppfiles/htdocs/framework/web/CWebApplication.php(282): PowerContractViewController->run()
#7 /Applications/XAMPP/xamppfiles/htdocs/framework/web/CWebApplication.php(141): CWebApplication->runController()
#8 /Applications/XAMPP/xamppfiles/htdocs/framework/base/CApplication.php(185): CWebApplication->processRequest()
#9 /Applications/XAMPP/xamppfiles/htdocs/platform/index.php(14): CWebApplication->run()
REQUEST_URI=/powercontractview/detail?id=1
2018/06/04 15:52:32 [error] [php] include(UnitModel.php): failed to open stream: No such file or directory (/Applications/XAMPP/xamppfiles/htdocs/framework/YiiBase.php:432)
Stack trace:
#0 /Applications/XAMPP/xamppfiles/htdocs/platform/protected/controllers/PowercontractviewController.php(16): spl_autoload_call()
#1 /Applications/XAMPP/xamppfiles/htdocs/framework/web/actions/CInlineAction.php(49): PowerContractViewController->actionDetail()
#2 /Applications/XAMPP/xamppfiles/htdocs/framework/web/CController.php(308): CInlineAction->runWithParams()
#3 /Applications/XAMPP/xamppfiles/htdocs/platform/protected/components/CommonController.php(416): PowerContractViewController->runAction()
#4 /Applications/XAMPP/xamppfiles/htdocs/framework/web/CController.php(286): PowerContractViewController->runAction()
#5 /Applications/XAMPP/xamppfiles/htdocs/framework/web/CController.php(265): PowerContractViewController->runActionWithFilters()
#6 /Applications/XAMPP/xamppfiles/htdocs/framework/web/CWebApplication.php(282): PowerContractViewController->run()
#7 /Applications/XAMPP/xamppfiles/htdocs/framework/web/CWebApplication.php(141): CWebApplication->runController()
#8 /Applications/XAMPP/xamppfiles/htdocs/framework/base/CApplication.php(185): CWebApplication->processRequest()
#9 /Applications/XAMPP/xamppfiles/htdocs/platform/index.php(14): CWebApplication->run()
REQUEST_URI=/powercontractview/detail?id=1
2018/06/04 15:52:33 [error] [php] include(UnitModel.php): failed to open stream: No such file or directory (/Applications/XAMPP/xamppfiles/htdocs/framework/YiiBase.php:432)
Stack trace:
#0 /Applications/XAMPP/xamppfiles/htdocs/platform/protected/controllers/PowercontractviewController.php(16): spl_autoload_call()
#1 /Applications/XAMPP/xamppfiles/htdocs/framework/web/actions/CInlineAction.php(49): PowerContractViewController->actionDetail()
#2 /Applications/XAMPP/xamppfiles/htdocs/framework/web/CController.php(308): CInlineAction->runWithParams()
#3 /Applications/XAMPP/xamppfiles/htdocs/platform/protected/components/CommonController.php(416): PowerContractViewController->runAction()
#4 /Applications/XAMPP/xamppfiles/htdocs/framework/web/CController.php(286): PowerContractViewController->runAction()
#5 /Applications/XAMPP/xamppfiles/htdocs/framework/web/CController.php(265): PowerContractViewController->runActionWithFilters()
#6 /Applications/XAMPP/xamppfiles/htdocs/framework/web/CWebApplication.php(282): PowerContractViewController->run()
#7 /Applications/XAMPP/xamppfiles/htdocs/framework/web/CWebApplication.php(141): CWebApplication->runController()
#8 /Applications/XAMPP/xamppfiles/htdocs/framework/base/CApplication.php(185): CWebApplication->processRequest()
#9 /Applications/XAMPP/xamppfiles/htdocs/platform/index.php(14): CWebApplication->run()
REQUEST_URI=/powercontractview/detail?id=1
2018/06/04 15:56:06 [error] [system.db.CDbCommand] CDbCommand::fetchAll() failed: SQLSTATE[42S02]: Base table or view not found: 1146 Table 'platform.platform_unit' doesn't exist. The SQL statement executed was: SHOW FULL COLUMNS FROM `platform_unit`.
2018/06/04 15:56:06 [error] [exception.CDbException] CDbException: 数据库中无法找到 active record class "UnitModel" 对应的 table "platform_unit". in /Applications/XAMPP/xamppfiles/htdocs/framework/db/ar/CActiveRecord.php:2390
Stack trace:
#0 /Applications/XAMPP/xamppfiles/htdocs/framework/db/ar/CActiveRecord.php(413): CActiveRecordMetaData->__construct(Object(UnitModel))
#1 /Applications/XAMPP/xamppfiles/htdocs/framework/db/ar/CActiveRecord.php(663): CActiveRecord->getMetaData()
#2 /Applications/XAMPP/xamppfiles/htdocs/framework/db/ar/CActiveRecord.php(1358): CActiveRecord->getTableSchema()
#3 /Applications/XAMPP/xamppfiles/htdocs/framework/db/ar/CActiveRecord.php(1464): CActiveRecord->query(Object(CDbCriteria))
#4 /Applications/XAMPP/xamppfiles/htdocs/platform/protected/controllers/PowercontractviewController.php(16): CActiveRecord->find('id=:id', Array)
#5 /Applications/XAMPP/xamppfiles/htdocs/framework/web/actions/CInlineAction.php(49): PowerContractViewController->actionDetail()
#6 /Applications/XAMPP/xamppfiles/htdocs/framework/web/CController.php(308): CInlineAction->runWithParams(Array)
#7 /Applications/XAMPP/xamppfiles/htdocs/platform/protected/components/CommonController.php(416): CController->runAction(Object(CInlineAction))
#8 /Applications/XAMPP/xamppfiles/htdocs/framework/web/CController.php(286): CommonController->runAction(Object(CInlineAction))
#9 /Applications/XAMPP/xamppfiles/htdocs/framework/web/CController.php(265): CController->runActionWithFilters(Object(CInlineAction), Array)
#10 /Applications/XAMPP/xamppfiles/htdocs/framework/web/CWebApplication.php(282): CController->run('detail')
#11 /Applications/XAMPP/xamppfiles/htdocs/framework/web/CWebApplication.php(141): CWebApplication->runController('powercontractvi...')
#12 /Applications/XAMPP/xamppfiles/htdocs/framework/base/CApplication.php(185): CWebApplication->processRequest()
#13 /Applications/XAMPP/xamppfiles/htdocs/platform/index.php(14): CApplication->run()
#14 {main}
REQUEST_URI=/powercontractview/detail?id=1
HTTP_REFERER=http://localhost/powercontractview/list
---
2018/06/04 17:26:22 [error] [exception.ParseError] ParseError: syntax error, unexpected 'false' (T_STRING) in /Applications/XAMPP/xamppfiles/htdocs/platform/protected/models/PowerContractModel.php:34
Stack trace:
#0 [internal function]: YiiBase::autoload('PowerContractMo...')
#1 /Applications/XAMPP/xamppfiles/htdocs/platform/protected/controllers/PowercontractviewController.php(14): spl_autoload_call('PowerContractMo...')
#2 /Applications/XAMPP/xamppfiles/htdocs/framework/web/actions/CInlineAction.php(49): PowerContractViewController->actionDetail()
#3 /Applications/XAMPP/xamppfiles/htdocs/framework/web/CController.php(308): CInlineAction->runWithParams(Array)
#4 /Applications/XAMPP/xamppfiles/htdocs/platform/protected/components/CommonController.php(416): CController->runAction(Object(CInlineAction))
#5 /Applications/XAMPP/xamppfiles/htdocs/framework/web/CController.php(286): CommonController->runAction(Object(CInlineAction))
#6 /Applications/XAMPP/xamppfiles/htdocs/framework/web/CController.php(265): CController->runActionWithFilters(Object(CInlineAction), Array)
#7 /Applications/XAMPP/xamppfiles/htdocs/framework/web/CWebApplication.php(282): CController->run('detail')
#8 /Applications/XAMPP/xamppfiles/htdocs/framework/web/CWebApplication.php(141): CWebApplication->runController('powercontractvi...')
#9 /Applications/XAMPP/xamppfiles/htdocs/framework/base/CApplication.php(185): CWebApplication->processRequest()
#10 /Applications/XAMPP/xamppfiles/htdocs/platform/index.php(14): CApplication->run()
#11 {main}
REQUEST_URI=/powercontractview/detail?id=1
HTTP_REFERER=http://localhost/powercontractview/list
---
2018/06/04 17:26:23 [error] [exception.ParseError] ParseError: syntax error, unexpected 'false' (T_STRING) in /Applications/XAMPP/xamppfiles/htdocs/platform/protected/models/PowerContractModel.php:34
Stack trace:
#0 [internal function]: YiiBase::autoload('PowerContractMo...')
#1 /Applications/XAMPP/xamppfiles/htdocs/platform/protected/controllers/PowercontractviewController.php(14): spl_autoload_call('PowerContractMo...')
#2 /Applications/XAMPP/xamppfiles/htdocs/framework/web/actions/CInlineAction.php(49): PowerContractViewController->actionDetail()
#3 /Applications/XAMPP/xamppfiles/htdocs/framework/web/CController.php(308): CInlineAction->runWithParams(Array)
#4 /Applications/XAMPP/xamppfiles/htdocs/platform/protected/components/CommonController.php(416): CController->runAction(Object(CInlineAction))
#5 /Applications/XAMPP/xamppfiles/htdocs/framework/web/CController.php(286): CommonController->runAction(Object(CInlineAction))
#6 /Applications/XAMPP/xamppfiles/htdocs/framework/web/CController.php(265): CController->runActionWithFilters(Object(CInlineAction), Array)
#7 /Applications/XAMPP/xamppfiles/htdocs/framework/web/CWebApplication.php(282): CController->run('detail')
#8 /Applications/XAMPP/xamppfiles/htdocs/framework/web/CWebApplication.php(141): CWebApplication->runController('powercontractvi...')
#9 /Applications/XAMPP/xamppfiles/htdocs/framework/base/CApplication.php(185): CWebApplication->processRequest()
#10 /Applications/XAMPP/xamppfiles/htdocs/platform/index.php(14): CApplication->run()
#11 {main}
REQUEST_URI=/powercontractview/detail?id=1
HTTP_REFERER=http://localhost/powercontractview/list
---
2018/06/04 17:27:16 [error] [exception.ParseError] ParseError: syntax error, unexpected '0' (T_LNUMBER) in /Applications/XAMPP/xamppfiles/htdocs/platform/protected/views/powercontractview/detail.php:53
Stack trace:
#0 /Applications/XAMPP/xamppfiles/htdocs/framework/web/CBaseController.php(95): CBaseController->renderInternal('/Applications/X...', Array, true)
#1 /Applications/XAMPP/xamppfiles/htdocs/framework/web/CController.php(872): CBaseController->renderFile('/Applications/X...', Array, true)
#2 /Applications/XAMPP/xamppfiles/htdocs/framework/web/CController.php(785): CController->renderPartial('detail', Array, true)
#3 /Applications/XAMPP/xamppfiles/htdocs/platform/protected/controllers/PowercontractviewController.php(21): CController->render('detail', Array)
#4 /Applications/XAMPP/xamppfiles/htdocs/framework/web/actions/CInlineAction.php(49): PowerContractViewController->actionDetail()
#5 /Applications/XAMPP/xamppfiles/htdocs/framework/web/CController.php(308): CInlineAction->runWithParams(Array)
#6 /Applications/XAMPP/xamppfiles/htdocs/platform/protected/components/CommonController.php(416): CController->runAction(Object(CInlineAction))
#7 /Applications/XAMPP/xamppfiles/htdocs/framework/web/CController.php(286): CommonController->runAction(Object(CInlineAction))
#8 /Applications/XAMPP/xamppfiles/htdocs/framework/web/CController.php(265): CController->runActionWithFilters(Object(CInlineAction), Array)
#9 /Applications/XAMPP/xamppfiles/htdocs/framework/web/CWebApplication.php(282): CController->run('detail')
#10 /Applications/XAMPP/xamppfiles/htdocs/framework/web/CWebApplication.php(141): CWebApplication->runController('powercontractvi...')
#11 /Applications/XAMPP/xamppfiles/htdocs/framework/base/CApplication.php(185): CWebApplication->processRequest()
#12 /Applications/XAMPP/xamppfiles/htdocs/platform/index.php(14): CApplication->run()
#13 {main}
REQUEST_URI=/powercontractview/detail?id=1
HTTP_REFERER=http://localhost/powercontractview/list
---
2018/06/04 17:27:53 [error] [exception.ParseError] ParseError: syntax error, unexpected '{' in /Applications/XAMPP/xamppfiles/htdocs/platform/protected/controllers/PowercontractorderController.php:9
Stack trace:
#0 /Applications/XAMPP/xamppfiles/htdocs/framework/web/CWebApplication.php(276): CWebApplication->createController('order/')
#1 /Applications/XAMPP/xamppfiles/htdocs/framework/web/CWebApplication.php(141): CWebApplication->runController('powercontractor...')
#2 /Applications/XAMPP/xamppfiles/htdocs/framework/base/CApplication.php(185): CWebApplication->processRequest()
#3 /Applications/XAMPP/xamppfiles/htdocs/platform/index.php(14): CApplication->run()
#4 {main}
REQUEST_URI=/powercontractorder/order
HTTP_REFERER=http://localhost/powercontractview/detail?id=1
---
2018/06/04 17:37:28 [error] [php] Undefined variable: _SESSION (/Applications/XAMPP/xamppfiles/htdocs/platform/protected/components/AjaxController.php:23)
Stack trace:
#0 /Applications/XAMPP/xamppfiles/htdocs/framework/base/CApplication.php(185): CWebApplication->processRequest()
#1 /Applications/XAMPP/xamppfiles/htdocs/platform/index.php(14): CWebApplication->run()
REQUEST_URI=/powercontractorder/order
2018/06/04 17:38:11 [error] [php] Undefined variable: _SESSION (/Applications/XAMPP/xamppfiles/htdocs/platform/protected/components/AjaxController.php:23)
Stack trace:
#0 /Applications/XAMPP/xamppfiles/htdocs/framework/base/CApplication.php(185): CWebApplication->processRequest()
#1 /Applications/XAMPP/xamppfiles/htdocs/platform/index.php(14): CWebApplication->run()
REQUEST_URI=/powercontractorder/order
2018/06/04 17:46:21 [error] [php] Undefined variable: Yii (/Applications/XAMPP/xamppfiles/htdocs/platform/protected/components/AjaxController.php:24)
Stack trace:
#0 /Applications/XAMPP/xamppfiles/htdocs/framework/base/CApplication.php(185): CWebApplication->processRequest()
#1 /Applications/XAMPP/xamppfiles/htdocs/platform/index.php(14): CWebApplication->run()
REQUEST_URI=/powercontractorder/order
2018/06/04 17:47:22 [error] [php] Undefined variable: id (/Applications/XAMPP/xamppfiles/htdocs/platform/protected/controllers/PowercontractorderController.php:15)
Stack trace:
#0 /Applications/XAMPP/xamppfiles/htdocs/platform/protected/components/CommonController.php(416): PowerContractOrderController->runAction()
#1 /Applications/XAMPP/xamppfiles/htdocs/framework/web/CController.php(286): PowerContractOrderController->runAction()
#2 /Applications/XAMPP/xamppfiles/htdocs/framework/web/CController.php(265): PowerContractOrderController->runActionWithFilters()
#3 /Applications/XAMPP/xamppfiles/htdocs/framework/web/CWebApplication.php(282): PowerContractOrderController->run()
#4 /Applications/XAMPP/xamppfiles/htdocs/framework/web/CWebApplication.php(141): CWebApplication->runController()
#5 /Applications/XAMPP/xamppfiles/htdocs/framework/base/CApplication.php(185): CWebApplication->processRequest()
#6 /Applications/XAMPP/xamppfiles/htdocs/platform/index.php(14): CWebApplication->run()
REQUEST_URI=/powercontractorder/order
2018/06/04 17:47:51 [error] [php] include(Post.php): failed to open stream: No such file or directory (/Applications/XAMPP/xamppfiles/htdocs/framework/YiiBase.php:432)
Stack trace:
#0 /Applications/XAMPP/xamppfiles/htdocs/platform/protected/models/PowerContractModel.php(36): spl_autoload_call()
#1 /Applications/XAMPP/xamppfiles/htdocs/platform/protected/controllers/PowercontractorderController.php(15): PowerContractModel->getById()
#2 /Applications/XAMPP/xamppfiles/htdocs/framework/web/actions/CInlineAction.php(49): PowerContractOrderController->actionOrder()
#3 /Applications/XAMPP/xamppfiles/htdocs/framework/web/CController.php(308): CInlineAction->runWithParams()
#4 /Applications/XAMPP/xamppfiles/htdocs/platform/protected/components/CommonController.php(416): PowerContractOrderController->runAction()
#5 /Applications/XAMPP/xamppfiles/htdocs/framework/web/CController.php(286): PowerContractOrderController->runAction()
#6 /Applications/XAMPP/xamppfiles/htdocs/framework/web/CController.php(265): PowerContractOrderController->runActionWithFilters()
#7 /Applications/XAMPP/xamppfiles/htdocs/framework/web/CWebApplication.php(282): PowerContractOrderController->run()
#8 /Applications/XAMPP/xamppfiles/htdocs/framework/web/CWebApplication.php(141): CWebApplication->runController()
#9 /Applications/XAMPP/xamppfiles/htdocs/framework/base/CApplication.php(185): CWebApplication->processRequest()
#10 /Applications/XAMPP/xamppfiles/htdocs/platform/index.php(14): CWebApplication->run()
REQUEST_URI=/powercontractorder/order
2018/06/04 20:03:59 [error] [php] Undefined variable: c_info (/Applications/XAMPP/xamppfiles/htdocs/platform/protected/controllers/PowercontractorderController.php:22)
Stack trace:
#0 /Applications/XAMPP/xamppfiles/htdocs/platform/protected/components/CommonController.php(416): PowerContractOrderController->runAction()
#1 /Applications/XAMPP/xamppfiles/htdocs/framework/web/CController.php(286): PowerContractOrderController->runAction()
#2 /Applications/XAMPP/xamppfiles/htdocs/framework/web/CController.php(265): PowerContractOrderController->runActionWithFilters()
#3 /Applications/XAMPP/xamppfiles/htdocs/framework/web/CWebApplication.php(282): PowerContractOrderController->run()
#4 /Applications/XAMPP/xamppfiles/htdocs/framework/web/CWebApplication.php(141): CWebApplication->runController()
#5 /Applications/XAMPP/xamppfiles/htdocs/framework/base/CApplication.php(185): CWebApplication->processRequest()
#6 /Applications/XAMPP/xamppfiles/htdocs/platform/index.php(14): CWebApplication->run()
REQUEST_URI=/powercontractorder/order
2018/06/04 20:04:36 [error] [php] Undefined variable: id (/Applications/XAMPP/xamppfiles/htdocs/platform/protected/controllers/PowercontractorderController.php:26)
Stack trace:
#0 /Applications/XAMPP/xamppfiles/htdocs/platform/protected/components/CommonController.php(416): PowerContractOrderController->runAction()
#1 /Applications/XAMPP/xamppfiles/htdocs/framework/web/CController.php(286): PowerContractOrderController->runAction()
#2 /Applications/XAMPP/xamppfiles/htdocs/framework/web/CController.php(265): PowerContractOrderController->runActionWithFilters()
#3 /Applications/XAMPP/xamppfiles/htdocs/framework/web/CWebApplication.php(282): PowerContractOrderController->run()
#4 /Applications/XAMPP/xamppfiles/htdocs/framework/web/CWebApplication.php(141): CWebApplication->runController()
#5 /Applications/XAMPP/xamppfiles/htdocs/framework/base/CApplication.php(185): CWebApplication->processRequest()
#6 /Applications/XAMPP/xamppfiles/htdocs/platform/index.php(14): CWebApplication->run()
REQUEST_URI=/powercontractorder/order
2018/06/04 20:05:06 [error] [system.db.CDbCommand] CDbCommand::fetch() failed: SQLSTATE[42000]: Syntax error or access violation: 1064 You have an error in your SQL syntax; check the manual that corresponds to your MariaDB server version for the right syntax to use near 'FOR_UPDATE' at line 1. The SQL statement executed was: select * from platform_computing_power_contract where  id = :id limit 1 FOR_UPDATE .
2018/06/04 20:10:22 [error] [php] Undefined variable: _info (/Applications/XAMPP/xamppfiles/htdocs/platform/protected/controllers/PowercontractorderController.php:45)
Stack trace:
#0 /Applications/XAMPP/xamppfiles/htdocs/framework/web/CController.php(308): CInlineAction->runWithParams()
#1 /Applications/XAMPP/xamppfiles/htdocs/platform/protected/components/CommonController.php(416): PowerContractOrderController->runAction()
#2 /Applications/XAMPP/xamppfiles/htdocs/framework/web/CController.php(286): PowerContractOrderController->runAction()
#3 /Applications/XAMPP/xamppfiles/htdocs/framework/web/CController.php(265): PowerContractOrderController->runActionWithFilters()
#4 /Applications/XAMPP/xamppfiles/htdocs/framework/web/CWebApplication.php(282): PowerContractOrderController->run()
#5 /Applications/XAMPP/xamppfiles/htdocs/framework/web/CWebApplication.php(141): CWebApplication->runController()
#6 /Applications/XAMPP/xamppfiles/htdocs/framework/base/CApplication.php(185): CWebApplication->processRequest()
#7 /Applications/XAMPP/xamppfiles/htdocs/platform/index.php(14): CWebApplication->run()
REQUEST_URI=/powercontractorder/order
2018/06/04 20:17:49 [error] [exception.ParseError] ParseError: syntax error, unexpected 'return' (T_RETURN) in /Applications/XAMPP/xamppfiles/htdocs/platform/protected/controllers/PowercontractorderController.php:65
Stack trace:
#0 /Applications/XAMPP/xamppfiles/htdocs/framework/web/CWebApplication.php(276): CWebApplication->createController('order/')
#1 /Applications/XAMPP/xamppfiles/htdocs/framework/web/CWebApplication.php(141): CWebApplication->runController('powercontractor...')
#2 /Applications/XAMPP/xamppfiles/htdocs/framework/base/CApplication.php(185): CWebApplication->processRequest()
#3 /Applications/XAMPP/xamppfiles/htdocs/platform/index.php(14): CApplication->run()
#4 {main}
REQUEST_URI=/powercontractorder/order
HTTP_REFERER=http://localhost/powercontractview/detail?id=1
---
2018/06/04 20:20:56 [error] [php] Undefined variable: contract_info (/Applications/XAMPP/xamppfiles/htdocs/platform/protected/controllers/PowercontractorderController.php:46)
Stack trace:
#0 /Applications/XAMPP/xamppfiles/htdocs/framework/web/CController.php(308): CInlineAction->runWithParams()
#1 /Applications/XAMPP/xamppfiles/htdocs/platform/protected/components/CommonController.php(416): PowerContractOrderController->runAction()
#2 /Applications/XAMPP/xamppfiles/htdocs/framework/web/CController.php(286): PowerContractOrderController->runAction()
#3 /Applications/XAMPP/xamppfiles/htdocs/framework/web/CController.php(265): PowerContractOrderController->runActionWithFilters()
#4 /Applications/XAMPP/xamppfiles/htdocs/framework/web/CWebApplication.php(282): PowerContractOrderController->run()
#5 /Applications/XAMPP/xamppfiles/htdocs/framework/web/CWebApplication.php(141): CWebApplication->runController()
#6 /Applications/XAMPP/xamppfiles/htdocs/framework/base/CApplication.php(185): CWebApplication->processRequest()
#7 /Applications/XAMPP/xamppfiles/htdocs/platform/index.php(14): CWebApplication->run()
REQUEST_URI=/powercontractorder/order
2018/06/04 21:59:26 [error] [exception.CHttpException.404] CHttpException: 无法解析请求 "favicon.ico"。 in /Applications/XAMPP/xamppfiles/htdocs/framework/web/CWebApplication.php:286
Stack trace:
#0 /Applications/XAMPP/xamppfiles/htdocs/framework/web/CWebApplication.php(141): CWebApplication->runController('favicon.ico')
#1 /Applications/XAMPP/xamppfiles/htdocs/framework/base/CApplication.php(185): CWebApplication->processRequest()
#2 /Applications/XAMPP/xamppfiles/htdocs/platform/index.php(14): CApplication->run()
#3 {main}
REQUEST_URI=/favicon.ico
HTTP_REFERER=http://localhost/powercontractview/list
---
2018/06/04 22:03:07 [error] [exception.ParseError] ParseError: syntax error, unexpected '->' (T_OBJECT_OPERATOR), expecting identifier (T_STRING) or variable (T_VARIABLE) or '{' or '$' in /Applications/XAMPP/xamppfiles/htdocs/platform/protected/controllers/PowercontractorderController.php:61
Stack trace:
#0 /Applications/XAMPP/xamppfiles/htdocs/framework/web/CWebApplication.php(276): CWebApplication->createController('order/')
#1 /Applications/XAMPP/xamppfiles/htdocs/framework/web/CWebApplication.php(141): CWebApplication->runController('powercontractor...')
#2 /Applications/XAMPP/xamppfiles/htdocs/framework/base/CApplication.php(185): CWebApplication->processRequest()
#3 /Applications/XAMPP/xamppfiles/htdocs/platform/index.php(14): CApplication->run()
#4 {main}
REQUEST_URI=/powercontractorder/order
HTTP_REFERER=http://localhost/powercontractview/detail?id=1
---
2018/06/04 23:14:20 [error] [exception.CException] CException: PowerContractModel and its behaviors do not have a method or closure named "getPowerContractsByIds". in /Applications/XAMPP/xamppfiles/htdocs/framework/base/CComponent.php:266
Stack trace:
#0 /Applications/XAMPP/xamppfiles/htdocs/framework/db/ar/CActiveRecord.php(229): CComponent->__call('getPowerContrac...', Array)
#1 /Applications/XAMPP/xamppfiles/htdocs/platform/protected/controllers/PowercontractOrderController.php(37): CActiveRecord->__call('getPowerContrac...', Array)
#2 /Applications/XAMPP/xamppfiles/htdocs/framework/web/actions/CInlineAction.php(49): PowerContractOrderController->actiongetUserOrderList()
#3 /Applications/XAMPP/xamppfiles/htdocs/framework/web/CController.php(308): CInlineAction->runWithParams(Array)
#4 /Applications/XAMPP/xamppfiles/htdocs/platform/protected/components/CommonController.php(416): CController->runAction(Object(CInlineAction))
#5 /Applications/XAMPP/xamppfiles/htdocs/framework/web/CController.php(286): CommonController->runAction(Object(CInlineAction))
#6 /Applications/XAMPP/xamppfiles/htdocs/framework/web/CController.php(265): CController->runActionWithFilters(Object(CInlineAction), Array)
#7 /Applications/XAMPP/xamppfiles/htdocs/framework/web/CWebApplication.php(282): CController->run('getuserorderlis...')
#8 /Applications/XAMPP/xamppfiles/htdocs/framework/web/CWebApplication.php(141): CWebApplication->runController('powercontractOr...')
#9 /Applications/XAMPP/xamppfiles/htdocs/framework/base/CApplication.php(185): CWebApplication->processRequest()
#10 /Applications/XAMPP/xamppfiles/htdocs/platform/index.php(14): CApplication->run()
#11 {main}
REQUEST_URI=/powercontractOrder/getuserorderlist
---
2018/06/04 23:14:48 [error] [exception.CException] CException: PowerContractModel and its behaviors do not have a method or closure named "getContractsByIds". in /Applications/XAMPP/xamppfiles/htdocs/framework/base/CComponent.php:266
Stack trace:
#0 /Applications/XAMPP/xamppfiles/htdocs/framework/db/ar/CActiveRecord.php(229): CComponent->__call('getContractsByI...', Array)
#1 /Applications/XAMPP/xamppfiles/htdocs/platform/protected/controllers/PowercontractOrderController.php(37): CActiveRecord->__call('getContractsByI...', Array)
#2 /Applications/XAMPP/xamppfiles/htdocs/framework/web/actions/CInlineAction.php(49): PowerContractOrderController->actiongetUserOrderList()
#3 /Applications/XAMPP/xamppfiles/htdocs/framework/web/CController.php(308): CInlineAction->runWithParams(Array)
#4 /Applications/XAMPP/xamppfiles/htdocs/platform/protected/components/CommonController.php(416): CController->runAction(Object(CInlineAction))
#5 /Applications/XAMPP/xamppfiles/htdocs/framework/web/CController.php(286): CommonController->runAction(Object(CInlineAction))
#6 /Applications/XAMPP/xamppfiles/htdocs/framework/web/CController.php(265): CController->runActionWithFilters(Object(CInlineAction), Array)
#7 /Applications/XAMPP/xamppfiles/htdocs/framework/web/CWebApplication.php(282): CController->run('getuserorderlis...')
#8 /Applications/XAMPP/xamppfiles/htdocs/framework/web/CWebApplication.php(141): CWebApplication->runController('powercontractOr...')
#9 /Applications/XAMPP/xamppfiles/htdocs/framework/base/CApplication.php(185): CWebApplication->processRequest()
#10 /Applications/XAMPP/xamppfiles/htdocs/platform/index.php(14): CApplication->run()
#11 {main}
REQUEST_URI=/powercontractOrder/getuserorderlist
---
2018/06/04 23:15:46 [error] [exception.CException] CException: PowerContractModel and its behaviors do not have a method or closure named "getContractsByIds". in /Applications/XAMPP/xamppfiles/htdocs/framework/base/CComponent.php:266
Stack trace:
#0 /Applications/XAMPP/xamppfiles/htdocs/framework/db/ar/CActiveRecord.php(229): CComponent->__call('getContractsByI...', Array)
#1 /Applications/XAMPP/xamppfiles/htdocs/platform/protected/controllers/PowercontractOrderController.php(37): CActiveRecord->__call('getContractsByI...', Array)
#2 /Applications/XAMPP/xamppfiles/htdocs/framework/web/actions/CInlineAction.php(49): PowerContractOrderController->actiongetUserOrderList()
#3 /Applications/XAMPP/xamppfiles/htdocs/framework/web/CController.php(308): CInlineAction->runWithParams(Array)
#4 /Applications/XAMPP/xamppfiles/htdocs/platform/protected/components/CommonController.php(416): CController->runAction(Object(CInlineAction))
#5 /Applications/XAMPP/xamppfiles/htdocs/framework/web/CController.php(286): CommonController->runAction(Object(CInlineAction))
#6 /Applications/XAMPP/xamppfiles/htdocs/framework/web/CController.php(265): CController->runActionWithFilters(Object(CInlineAction), Array)
#7 /Applications/XAMPP/xamppfiles/htdocs/framework/web/CWebApplication.php(282): CController->run('getuserorderlis...')
#8 /Applications/XAMPP/xamppfiles/htdocs/framework/web/CWebApplication.php(141): CWebApplication->runController('powercontractOr...')
#9 /Applications/XAMPP/xamppfiles/htdocs/framework/base/CApplication.php(185): CWebApplication->processRequest()
#10 /Applications/XAMPP/xamppfiles/htdocs/platform/index.php(14): CApplication->run()
#11 {main}
REQUEST_URI=/powercontractOrder/getuserorderlist
---
