2018/07/05 05:54:20 [error] [exception.CDbException] SQLSTATE[HY000] [1049] Unknown database 'platform'
2018/07/05 05:54:20 [error] [exception.CDbException] CDbException: CDbConnection failed to open the DB connection. in C:\Users\Administrator\Desktop\planet_2018\planet\platform\framework\db\CDbConnection.php:405
Stack trace:
#0 C:\Users\Administrator\Desktop\planet_2018\planet\platform\framework\db\CDbConnection.php(347): CDbConnection->open()
#1 C:\Users\Administrator\Desktop\planet_2018\planet\platform\framework\db\CDbConnection.php(325): CDbConnection->setActive(true)
#2 C:\Users\Administrator\Desktop\planet_2018\planet\platform\framework\base\CModule.php(394): CDbConnection->init()
#3 C:\Users\Administrator\Desktop\planet_2018\planet\platform\framework\base\CApplication.php(459): CModule->getComponent('db')
#4 C:\Users\Administrator\Desktop\planet_2018\planet\platform\framework\db\ar\CActiveRecord.php(639): CApplication->getDb()
#5 C:\Users\Administrator\Desktop\planet_2018\planet\platform\framework\db\ar\CActiveRecord.php(672): CActiveRecord->getDbConnection()
#6 C:\Users\Administrator\Desktop\planet_2018\planet\platform\framework\db\ar\CActiveRecord.php(1463): CActiveRecord->getCommandBuilder()
#7 C:\Users\Administrator\Desktop\planet_2018\planet\platform\platform\protected\modules\admin\controllers\LoginController.php(28): CActiveRecord->find('admin_name=:adm...', Array)
#8 C:\Users\Administrator\Desktop\planet_2018\planet\platform\framework\web\actions\CInlineAction.php(49): LoginController->actionDoLogin()
#9 C:\Users\Administrator\Desktop\planet_2018\planet\platform\framework\web\CController.php(308): CInlineAction->runWithParams(Array)
#10 C:\Users\Administrator\Desktop\planet_2018\planet\platform\platform\protected\components\CommonController.php(421): CController->runAction(Object(CInlineAction))
#11 C:\Users\Administrator\Desktop\planet_2018\planet\platform\framework\web\CController.php(286): CommonController->runAction(Object(CInlineAction))
#12 C:\Users\Administrator\Desktop\planet_2018\planet\platform\framework\web\CController.php(265): CController->runActionWithFilters(Object(CInlineAction), Array)
#13 C:\Users\Administrator\Desktop\planet_2018\planet\platform\framework\web\CWebApplication.php(282): CController->run('dologin')
#14 C:\Users\Administrator\Desktop\planet_2018\planet\platform\framework\web\CWebApplication.php(141): CWebApplication->runController('admin/login/dol...')
#15 C:\Users\Administrator\Desktop\planet_2018\planet\platform\framework\base\CApplication.php(185): CWebApplication->processRequest()
#16 C:\Users\Administrator\Desktop\planet_2018\planet\platform\platform\index.php(14): CApplication->run()
#17 {main}
REQUEST_URI=/admin/login/dologin
HTTP_REFERER=http://localhost:8888/cms/login.html
---
2018/07/05 05:57:45 [error] [exception.CDbException] SQLSTATE[HY000] [1049] Unknown database 'platform'
2018/07/05 05:57:45 [error] [exception.CDbException] CDbException: CDbConnection failed to open the DB connection. in C:\Users\Administrator\Desktop\planet_2018\planet\platform\framework\db\CDbConnection.php:405
Stack trace:
#0 C:\Users\Administrator\Desktop\planet_2018\planet\platform\framework\db\CDbConnection.php(347): CDbConnection->open()
#1 C:\Users\Administrator\Desktop\planet_2018\planet\platform\framework\db\CDbConnection.php(325): CDbConnection->setActive(true)
#2 C:\Users\Administrator\Desktop\planet_2018\planet\platform\framework\base\CModule.php(394): CDbConnection->init()
#3 C:\Users\Administrator\Desktop\planet_2018\planet\platform\framework\base\CApplication.php(459): CModule->getComponent('db')
#4 C:\Users\Administrator\Desktop\planet_2018\planet\platform\framework\db\ar\CActiveRecord.php(639): CApplication->getDb()
#5 C:\Users\Administrator\Desktop\planet_2018\planet\platform\framework\db\ar\CActiveRecord.php(672): CActiveRecord->getDbConnection()
#6 C:\Users\Administrator\Desktop\planet_2018\planet\platform\framework\db\ar\CActiveRecord.php(1463): CActiveRecord->getCommandBuilder()
#7 C:\Users\Administrator\Desktop\planet_2018\planet\platform\platform\protected\modules\admin\controllers\LoginController.php(28): CActiveRecord->find('admin_name=:adm...', Array)
#8 C:\Users\Administrator\Desktop\planet_2018\planet\platform\framework\web\actions\CInlineAction.php(49): LoginController->actionDoLogin()
#9 C:\Users\Administrator\Desktop\planet_2018\planet\platform\framework\web\CController.php(308): CInlineAction->runWithParams(Array)
#10 C:\Users\Administrator\Desktop\planet_2018\planet\platform\platform\protected\components\CommonController.php(421): CController->runAction(Object(CInlineAction))
#11 C:\Users\Administrator\Desktop\planet_2018\planet\platform\framework\web\CController.php(286): CommonController->runAction(Object(CInlineAction))
#12 C:\Users\Administrator\Desktop\planet_2018\planet\platform\framework\web\CController.php(265): CController->runActionWithFilters(Object(CInlineAction), Array)
#13 C:\Users\Administrator\Desktop\planet_2018\planet\platform\framework\web\CWebApplication.php(282): CController->run('dologin')
#14 C:\Users\Administrator\Desktop\planet_2018\planet\platform\framework\web\CWebApplication.php(141): CWebApplication->runController('admin/login/dol...')
#15 C:\Users\Administrator\Desktop\planet_2018\planet\platform\framework\base\CApplication.php(185): CWebApplication->processRequest()
#16 C:\Users\Administrator\Desktop\planet_2018\planet\platform\platform\index.php(14): CApplication->run()
#17 {main}
REQUEST_URI=/admin/login/dologin
HTTP_REFERER=http://localhost:8888/cms/login.html
---
