2018/06/06 10:10:48 [error] [exception.CHttpException.404] CHttpException: 系统无法找到请求的 "loginew" 动作. in /Applications/XAMPP/xamppfiles/htdocs/framework/web/CController.php:486
Stack trace:
#0 /Applications/XAMPP/xamppfiles/htdocs/framework/web/CController.php(270): CController->missingAction('loginew')
#1 /Applications/XAMPP/xamppfiles/htdocs/framework/web/CWebApplication.php(282): CController->run('loginew')
#2 /Applications/XAMPP/xamppfiles/htdocs/framework/web/CWebApplication.php(141): CWebApplication->runController('login/loginew')
#3 /Applications/XAMPP/xamppfiles/htdocs/framework/base/CApplication.php(185): CWebApplication->processRequest()
#4 /Applications/XAMPP/xamppfiles/htdocs/platform/index.php(14): CApplication->run()
#5 {main}
REQUEST_URI=/login/loginew
---
2018/06/06 10:10:48 [error] [exception.CHttpException.404] CHttpException: 无法解析请求 "favicon.ico"。 in /Applications/XAMPP/xamppfiles/htdocs/framework/web/CWebApplication.php:286
Stack trace:
#0 /Applications/XAMPP/xamppfiles/htdocs/framework/web/CWebApplication.php(141): CWebApplication->runController('favicon.ico')
#1 /Applications/XAMPP/xamppfiles/htdocs/framework/base/CApplication.php(185): CWebApplication->processRequest()
#2 /Applications/XAMPP/xamppfiles/htdocs/platform/index.php(14): CApplication->run()
#3 {main}
REQUEST_URI=/favicon.ico
HTTP_REFERER=http://localhost/login/loginew
---
2018/06/06 10:13:10 [error] [exception.CHttpException.404] CHttpException: 系统无法找到请求的 "loginew" 动作. in /Applications/XAMPP/xamppfiles/htdocs/framework/web/CController.php:486
Stack trace:
#0 /Applications/XAMPP/xamppfiles/htdocs/framework/web/CController.php(270): CController->missingAction('loginew')
#1 /Applications/XAMPP/xamppfiles/htdocs/framework/web/CWebApplication.php(282): CController->run('loginew')
#2 /Applications/XAMPP/xamppfiles/htdocs/framework/web/CWebApplication.php(141): CWebApplication->runController('login/loginew')
#3 /Applications/XAMPP/xamppfiles/htdocs/framework/base/CApplication.php(185): CWebApplication->processRequest()
#4 /Applications/XAMPP/xamppfiles/htdocs/platform/index.php(14): CApplication->run()
#5 {main}
REQUEST_URI=/login/loginew
---
2018/06/06 17:22:57 [error] [exception.ParseError] ParseError: syntax error, unexpected '；' (T_STRING), expecting ',' or ')' in /Applications/XAMPP/xamppfiles/htdocs/platform/protected/controllers/SiteController.php:36
Stack trace:
#0 /Applications/XAMPP/xamppfiles/htdocs/framework/web/CWebApplication.php(276): CWebApplication->createController('hello/')
#1 /Applications/XAMPP/xamppfiles/htdocs/framework/web/CWebApplication.php(141): CWebApplication->runController('site/hello')
#2 /Applications/XAMPP/xamppfiles/htdocs/framework/base/CApplication.php(185): CWebApplication->processRequest()
#3 /Applications/XAMPP/xamppfiles/htdocs/platform/index.php(14): CApplication->run()
#4 {main}
REQUEST_URI=/site/hello
---
2018/06/06 17:23:16 [error] [exception.ParseError] ParseError: syntax error, unexpected '；' (T_STRING) in /Applications/XAMPP/xamppfiles/htdocs/platform/protected/controllers/SiteController.php:36
Stack trace:
#0 /Applications/XAMPP/xamppfiles/htdocs/framework/web/CWebApplication.php(276): CWebApplication->createController('hello/')
#1 /Applications/XAMPP/xamppfiles/htdocs/framework/web/CWebApplication.php(141): CWebApplication->runController('site/hello')
#2 /Applications/XAMPP/xamppfiles/htdocs/framework/base/CApplication.php(185): CWebApplication->processRequest()
#3 /Applications/XAMPP/xamppfiles/htdocs/platform/index.php(14): CApplication->run()
#4 {main}
REQUEST_URI=/site/hello
---
2018/06/06 17:24:08 [error] [exception.ParseError] ParseError: syntax error, unexpected '；' (T_STRING) in /Applications/XAMPP/xamppfiles/htdocs/platform/protected/controllers/SiteController.php:36
Stack trace:
#0 /Applications/XAMPP/xamppfiles/htdocs/framework/web/CWebApplication.php(276): CWebApplication->createController('hello/')
#1 /Applications/XAMPP/xamppfiles/htdocs/framework/web/CWebApplication.php(141): CWebApplication->runController('site/hello')
#2 /Applications/XAMPP/xamppfiles/htdocs/framework/base/CApplication.php(185): CWebApplication->processRequest()
#3 /Applications/XAMPP/xamppfiles/htdocs/platform/index.php(14): CApplication->run()
#4 {main}
REQUEST_URI=/site/hello
---
2018/06/06 17:24:09 [error] [exception.ParseError] ParseError: syntax error, unexpected '；' (T_STRING) in /Applications/XAMPP/xamppfiles/htdocs/platform/protected/controllers/SiteController.php:36
Stack trace:
#0 /Applications/XAMPP/xamppfiles/htdocs/framework/web/CWebApplication.php(276): CWebApplication->createController('hello/')
#1 /Applications/XAMPP/xamppfiles/htdocs/framework/web/CWebApplication.php(141): CWebApplication->runController('site/hello')
#2 /Applications/XAMPP/xamppfiles/htdocs/framework/base/CApplication.php(185): CWebApplication->processRequest()
#3 /Applications/XAMPP/xamppfiles/htdocs/platform/index.php(14): CApplication->run()
#4 {main}
REQUEST_URI=/site/hello
---
2018/06/06 17:24:25 [error] [exception.ParseError] ParseError: syntax error, unexpected '；' (T_STRING) in /Applications/XAMPP/xamppfiles/htdocs/platform/protected/controllers/SiteController.php:36
Stack trace:
#0 /Applications/XAMPP/xamppfiles/htdocs/framework/web/CWebApplication.php(276): CWebApplication->createController('hello/')
#1 /Applications/XAMPP/xamppfiles/htdocs/framework/web/CWebApplication.php(141): CWebApplication->runController('site/hello')
#2 /Applications/XAMPP/xamppfiles/htdocs/framework/base/CApplication.php(185): CWebApplication->processRequest()
#3 /Applications/XAMPP/xamppfiles/htdocs/platform/index.php(14): CApplication->run()
#4 {main}
REQUEST_URI=/site/hello?fdfd
---
2018/06/06 17:24:27 [error] [exception.ParseError] ParseError: syntax error, unexpected '；' (T_STRING) in /Applications/XAMPP/xamppfiles/htdocs/platform/protected/controllers/SiteController.php:36
Stack trace:
#0 /Applications/XAMPP/xamppfiles/htdocs/framework/web/CWebApplication.php(276): CWebApplication->createController('hello/')
#1 /Applications/XAMPP/xamppfiles/htdocs/framework/web/CWebApplication.php(141): CWebApplication->runController('site/hello')
#2 /Applications/XAMPP/xamppfiles/htdocs/framework/base/CApplication.php(185): CWebApplication->processRequest()
#3 /Applications/XAMPP/xamppfiles/htdocs/platform/index.php(14): CApplication->run()
#4 {main}
REQUEST_URI=/site/hello?fdfd
---
2018/06/06 17:25:10 [error] [exception.ParseError] ParseError: syntax error, unexpected '；' (T_STRING) in /Applications/XAMPP/xamppfiles/htdocs/platform/protected/controllers/SiteController.php:36
Stack trace:
#0 /Applications/XAMPP/xamppfiles/htdocs/framework/web/CWebApplication.php(276): CWebApplication->createController('hello/')
#1 /Applications/XAMPP/xamppfiles/htdocs/framework/web/CWebApplication.php(141): CWebApplication->runController('site/hello')
#2 /Applications/XAMPP/xamppfiles/htdocs/framework/base/CApplication.php(185): CWebApplication->processRequest()
#3 /Applications/XAMPP/xamppfiles/htdocs/platform/index.php(14): CApplication->run()
#4 {main}
REQUEST_URI=/site/hello?fdfd
---
2018/06/06 17:25:29 [error] [php] include(HeySkyApi.php): failed to open stream: No such file or directory (/Applications/XAMPP/xamppfiles/htdocs/framework/YiiBase.php:432)
Stack trace:
#0 /Applications/XAMPP/xamppfiles/htdocs/platform/protected/controllers/SiteController.php(35): spl_autoload_call()
#1 /Applications/XAMPP/xamppfiles/htdocs/framework/web/actions/CInlineAction.php(49): SiteController->actionHello()
#2 /Applications/XAMPP/xamppfiles/htdocs/framework/web/CController.php(308): CInlineAction->runWithParams()
#3 /Applications/XAMPP/xamppfiles/htdocs/platform/protected/components/CommonController.php(420): SiteController->runAction()
#4 /Applications/XAMPP/xamppfiles/htdocs/framework/web/CController.php(286): SiteController->runAction()
#5 /Applications/XAMPP/xamppfiles/htdocs/framework/web/CController.php(265): SiteController->runActionWithFilters()
#6 /Applications/XAMPP/xamppfiles/htdocs/framework/web/CWebApplication.php(282): SiteController->run()
#7 /Applications/XAMPP/xamppfiles/htdocs/framework/web/CWebApplication.php(141): CWebApplication->runController()
#8 /Applications/XAMPP/xamppfiles/htdocs/framework/base/CApplication.php(185): CWebApplication->processRequest()
#9 /Applications/XAMPP/xamppfiles/htdocs/platform/index.php(14): CWebApplication->run()
REQUEST_URI=/site/hello?fdfd
2018/06/06 17:27:06 [error] [php] include(HeySkyApi.php): failed to open stream: No such file or directory (/Applications/XAMPP/xamppfiles/htdocs/framework/YiiBase.php:432)
Stack trace:
#0 /Applications/XAMPP/xamppfiles/htdocs/platform/protected/controllers/SiteController.php(35): spl_autoload_call()
#1 /Applications/XAMPP/xamppfiles/htdocs/framework/web/actions/CInlineAction.php(49): SiteController->actionHello()
#2 /Applications/XAMPP/xamppfiles/htdocs/framework/web/CController.php(308): CInlineAction->runWithParams()
#3 /Applications/XAMPP/xamppfiles/htdocs/platform/protected/components/CommonController.php(420): SiteController->runAction()
#4 /Applications/XAMPP/xamppfiles/htdocs/framework/web/CController.php(286): SiteController->runAction()
#5 /Applications/XAMPP/xamppfiles/htdocs/framework/web/CController.php(265): SiteController->runActionWithFilters()
#6 /Applications/XAMPP/xamppfiles/htdocs/framework/web/CWebApplication.php(282): SiteController->run()
#7 /Applications/XAMPP/xamppfiles/htdocs/framework/web/CWebApplication.php(141): CWebApplication->runController()
#8 /Applications/XAMPP/xamppfiles/htdocs/framework/base/CApplication.php(185): CWebApplication->processRequest()
#9 /Applications/XAMPP/xamppfiles/htdocs/platform/index.php(14): CWebApplication->run()
REQUEST_URI=/site/hello?fdfd
2018/06/06 17:27:08 [error] [php] include(HeySkyApi.php): failed to open stream: No such file or directory (/Applications/XAMPP/xamppfiles/htdocs/framework/YiiBase.php:432)
Stack trace:
#0 /Applications/XAMPP/xamppfiles/htdocs/platform/protected/controllers/SiteController.php(35): spl_autoload_call()
#1 /Applications/XAMPP/xamppfiles/htdocs/framework/web/actions/CInlineAction.php(49): SiteController->actionHello()
#2 /Applications/XAMPP/xamppfiles/htdocs/framework/web/CController.php(308): CInlineAction->runWithParams()
#3 /Applications/XAMPP/xamppfiles/htdocs/platform/protected/components/CommonController.php(420): SiteController->runAction()
#4 /Applications/XAMPP/xamppfiles/htdocs/framework/web/CController.php(286): SiteController->runAction()
#5 /Applications/XAMPP/xamppfiles/htdocs/framework/web/CController.php(265): SiteController->runActionWithFilters()
#6 /Applications/XAMPP/xamppfiles/htdocs/framework/web/CWebApplication.php(282): SiteController->run()
#7 /Applications/XAMPP/xamppfiles/htdocs/framework/web/CWebApplication.php(141): CWebApplication->runController()
#8 /Applications/XAMPP/xamppfiles/htdocs/framework/base/CApplication.php(185): CWebApplication->processRequest()
#9 /Applications/XAMPP/xamppfiles/htdocs/platform/index.php(14): CWebApplication->run()
REQUEST_URI=/site/hello?fdfd
2018/06/06 17:27:09 [error] [php] include(HeySkyApi.php): failed to open stream: No such file or directory (/Applications/XAMPP/xamppfiles/htdocs/framework/YiiBase.php:432)
Stack trace:
#0 /Applications/XAMPP/xamppfiles/htdocs/platform/protected/controllers/SiteController.php(35): spl_autoload_call()
#1 /Applications/XAMPP/xamppfiles/htdocs/framework/web/actions/CInlineAction.php(49): SiteController->actionHello()
#2 /Applications/XAMPP/xamppfiles/htdocs/framework/web/CController.php(308): CInlineAction->runWithParams()
#3 /Applications/XAMPP/xamppfiles/htdocs/platform/protected/components/CommonController.php(420): SiteController->runAction()
#4 /Applications/XAMPP/xamppfiles/htdocs/framework/web/CController.php(286): SiteController->runAction()
#5 /Applications/XAMPP/xamppfiles/htdocs/framework/web/CController.php(265): SiteController->runActionWithFilters()
#6 /Applications/XAMPP/xamppfiles/htdocs/framework/web/CWebApplication.php(282): SiteController->run()
#7 /Applications/XAMPP/xamppfiles/htdocs/framework/web/CWebApplication.php(141): CWebApplication->runController()
#8 /Applications/XAMPP/xamppfiles/htdocs/framework/base/CApplication.php(185): CWebApplication->processRequest()
#9 /Applications/XAMPP/xamppfiles/htdocs/platform/index.php(14): CWebApplication->run()
REQUEST_URI=/site/hello?fdfd
2018/06/06 17:29:44 [error] [exception.ParseError] ParseError: syntax error, unexpected '$COMMAND' (T_VARIABLE) in /Applications/XAMPP/xamppfiles/htdocs/platform/protected/components/service/HeySkyApi.php:4
Stack trace:
#0 [internal function]: YiiBase::autoload('HeySkyApi')
#1 /Applications/XAMPP/xamppfiles/htdocs/platform/protected/controllers/SiteController.php(35): spl_autoload_call('HeySkyApi')
#2 /Applications/XAMPP/xamppfiles/htdocs/framework/web/actions/CInlineAction.php(49): SiteController->actionHello()
#3 /Applications/XAMPP/xamppfiles/htdocs/framework/web/CController.php(308): CInlineAction->runWithParams(Array)
#4 /Applications/XAMPP/xamppfiles/htdocs/platform/protected/components/CommonController.php(420): CController->runAction(Object(CInlineAction))
#5 /Applications/XAMPP/xamppfiles/htdocs/framework/web/CController.php(286): CommonController->runAction(Object(CInlineAction))
#6 /Applications/XAMPP/xamppfiles/htdocs/framework/web/CController.php(265): CController->runActionWithFilters(Object(CInlineAction), Array)
#7 /Applications/XAMPP/xamppfiles/htdocs/framework/web/CWebApplication.php(282): CController->run('hello')
#8 /Applications/XAMPP/xamppfiles/htdocs/framework/web/CWebApplication.php(141): CWebApplication->runController('site/hello')
#9 /Applications/XAMPP/xamppfiles/htdocs/framework/base/CApplication.php(185): CWebApplication->processRequest()
#10 /Applications/XAMPP/xamppfiles/htdocs/platform/index.php(14): CApplication->run()
#11 {main}
REQUEST_URI=/site/hello?fdfd
---
2018/06/06 17:31:24 [error] [exception.ParseError] ParseError: syntax error, unexpected ';', expecting ',' or ')' in /Applications/XAMPP/xamppfiles/htdocs/platform/protected/components/service/HeySkyApi.php:46
Stack trace:
#0 [internal function]: YiiBase::autoload('HeySkyApi')
#1 /Applications/XAMPP/xamppfiles/htdocs/platform/protected/controllers/SiteController.php(35): spl_autoload_call('HeySkyApi')
#2 /Applications/XAMPP/xamppfiles/htdocs/framework/web/actions/CInlineAction.php(49): SiteController->actionHello()
#3 /Applications/XAMPP/xamppfiles/htdocs/framework/web/CController.php(308): CInlineAction->runWithParams(Array)
#4 /Applications/XAMPP/xamppfiles/htdocs/platform/protected/components/CommonController.php(420): CController->runAction(Object(CInlineAction))
#5 /Applications/XAMPP/xamppfiles/htdocs/framework/web/CController.php(286): CommonController->runAction(Object(CInlineAction))
#6 /Applications/XAMPP/xamppfiles/htdocs/framework/web/CController.php(265): CController->runActionWithFilters(Object(CInlineAction), Array)
#7 /Applications/XAMPP/xamppfiles/htdocs/framework/web/CWebApplication.php(282): CController->run('hello')
#8 /Applications/XAMPP/xamppfiles/htdocs/framework/web/CWebApplication.php(141): CWebApplication->runController('site/hello')
#9 /Applications/XAMPP/xamppfiles/htdocs/framework/base/CApplication.php(185): CWebApplication->processRequest()
#10 /Applications/XAMPP/xamppfiles/htdocs/platform/index.php(14): CApplication->run()
#11 {main}
REQUEST_URI=/site/hello?fdfd
---
2018/06/06 17:32:23 [error] [exception.ParseError] ParseError: syntax error, unexpected '；' (T_STRING) in /Applications/XAMPP/xamppfiles/htdocs/platform/protected/controllers/SiteController.php:36
Stack trace:
#0 /Applications/XAMPP/xamppfiles/htdocs/framework/web/CWebApplication.php(276): CWebApplication->createController('hello/')
#1 /Applications/XAMPP/xamppfiles/htdocs/framework/web/CWebApplication.php(141): CWebApplication->runController('site/hello')
#2 /Applications/XAMPP/xamppfiles/htdocs/framework/base/CApplication.php(185): CWebApplication->processRequest()
#3 /Applications/XAMPP/xamppfiles/htdocs/platform/index.php(14): CApplication->run()
#4 {main}
REQUEST_URI=/site/hello?fdfd
---
2018/06/06 19:13:22 [error] [exception.ParseError] ParseError: syntax error, unexpected ',' in /Applications/XAMPP/xamppfiles/htdocs/platform/protected/components/service/HeySkyApi.php:68
Stack trace:
#0 [internal function]: YiiBase::autoload('HeySkyApi')
#1 /Applications/XAMPP/xamppfiles/htdocs/platform/protected/controllers/SiteController.php(35): spl_autoload_call('HeySkyApi')
#2 /Applications/XAMPP/xamppfiles/htdocs/framework/web/actions/CInlineAction.php(49): SiteController->actionHello()
#3 /Applications/XAMPP/xamppfiles/htdocs/framework/web/CController.php(308): CInlineAction->runWithParams(Array)
#4 /Applications/XAMPP/xamppfiles/htdocs/platform/protected/components/CommonController.php(420): CController->runAction(Object(CInlineAction))
#5 /Applications/XAMPP/xamppfiles/htdocs/framework/web/CController.php(286): CommonController->runAction(Object(CInlineAction))
#6 /Applications/XAMPP/xamppfiles/htdocs/framework/web/CController.php(265): CController->runActionWithFilters(Object(CInlineAction), Array)
#7 /Applications/XAMPP/xamppfiles/htdocs/framework/web/CWebApplication.php(282): CController->run('hello')
#8 /Applications/XAMPP/xamppfiles/htdocs/framework/web/CWebApplication.php(141): CWebApplication->runController('site/hello')
#9 /Applications/XAMPP/xamppfiles/htdocs/framework/base/CApplication.php(185): CWebApplication->processRequest()
#10 /Applications/XAMPP/xamppfiles/htdocs/platform/index.php(14): CApplication->run()
#11 {main}
REQUEST_URI=/site/hello?fdfd
---
2018/06/06 19:25:33 [error] [php] Undefined variable: log (/Applications/XAMPP/xamppfiles/htdocs/platform/protected/components/service/HeySkyApi.php:38)
Stack trace:
#0 /Applications/XAMPP/xamppfiles/htdocs/framework/web/CController.php(308): CInlineAction->runWithParams()
#1 /Applications/XAMPP/xamppfiles/htdocs/platform/protected/components/CommonController.php(420): SiteController->runAction()
#2 /Applications/XAMPP/xamppfiles/htdocs/framework/web/CController.php(286): SiteController->runAction()
#3 /Applications/XAMPP/xamppfiles/htdocs/framework/web/CController.php(265): SiteController->runActionWithFilters()
#4 /Applications/XAMPP/xamppfiles/htdocs/framework/web/CWebApplication.php(282): SiteController->run()
#5 /Applications/XAMPP/xamppfiles/htdocs/framework/web/CWebApplication.php(141): CWebApplication->runController()
#6 /Applications/XAMPP/xamppfiles/htdocs/framework/base/CApplication.php(185): CWebApplication->processRequest()
#7 /Applications/XAMPP/xamppfiles/htdocs/platform/index.php(14): CWebApplication->run()
REQUEST_URI=/site/hello?fdfd
2018/06/06 19:26:43 [error] [system_error] 创建curl失败
2018/06/06 19:27:04 [error] [php] Undefined variable: post_data (/Applications/XAMPP/xamppfiles/htdocs/platform/protected/components/service/HeySkyApi.php:50)
Stack trace:
#0 /Applications/XAMPP/xamppfiles/htdocs/framework/web/CController.php(308): CInlineAction->runWithParams()
#1 /Applications/XAMPP/xamppfiles/htdocs/platform/protected/components/CommonController.php(420): SiteController->runAction()
#2 /Applications/XAMPP/xamppfiles/htdocs/framework/web/CController.php(286): SiteController->runAction()
#3 /Applications/XAMPP/xamppfiles/htdocs/framework/web/CController.php(265): SiteController->runActionWithFilters()
#4 /Applications/XAMPP/xamppfiles/htdocs/framework/web/CWebApplication.php(282): SiteController->run()
#5 /Applications/XAMPP/xamppfiles/htdocs/framework/web/CWebApplication.php(141): CWebApplication->runController()
#6 /Applications/XAMPP/xamppfiles/htdocs/framework/base/CApplication.php(185): CWebApplication->processRequest()
#7 /Applications/XAMPP/xamppfiles/htdocs/platform/index.php(14): CWebApplication->run()
REQUEST_URI=/site/hello?fdfd
2018/06/06 19:27:24 [error] [system_error] heyshy send sms to 8618612345678 message %E4%BA%8C%E4%BB%96%E5%A6%88%E5%A6%88 fail command=MT_RESPONSE&cpid=f79m7g&mtstat=REJECTD&mterrcode=0112
2018/06/06 19:28:31 [error] [system_error] heyshy send sms to 8618600233433 message %E4%BA%8C%E4%BB%96%E5%A6%88%E5%A6%88 fail command=MT_RESPONSE&cpid=f79m7g&mtstat=REJECTD&mterrcode=0112
2018/06/06 19:28:55 [error] [system_error] heyshy send sms to +8618600233433 message %E4%BA%8C%E4%BB%96%E5%A6%88%E5%A6%88 fail command=MT_RESPONSE&cpid=f79m7g&mtstat=REJECTD&mterrcode=0112
2018/06/06 19:31:37 [error] [system_error] heyshy send sms to 8615201358840 message %E4%BA%8C%E4%BB%96%E5%A6%88%E5%A6%88 fail command=MT_RESPONSE&cpid=f79m7g&mtstat=REJECTD&mterrcode=0112
2018/06/06 20:28:22 [error] [exception.ParseError] ParseError: syntax error, unexpected '$sms' (T_VARIABLE) in /Applications/XAMPP/xamppfiles/htdocs/platform/protected/controllers/SmsController.php:16
Stack trace:
#0 /Applications/XAMPP/xamppfiles/htdocs/framework/web/CWebApplication.php(276): CWebApplication->createController('sendsmscode/')
#1 /Applications/XAMPP/xamppfiles/htdocs/framework/web/CWebApplication.php(141): CWebApplication->runController('sms/sendsmscode')
#2 /Applications/XAMPP/xamppfiles/htdocs/framework/base/CApplication.php(185): CWebApplication->processRequest()
#3 /Applications/XAMPP/xamppfiles/htdocs/platform/index.php(14): CApplication->run()
#4 {main}
REQUEST_URI=/sms/sendsmscode?_=1528288101229
HTTP_REFERER=http://localhost/register/register
---
2018/06/06 20:28:33 [error] [exception.ParseError] ParseError: syntax error, unexpected '$sms' (T_VARIABLE) in /Applications/XAMPP/xamppfiles/htdocs/platform/protected/controllers/SmsController.php:16
Stack trace:
#0 /Applications/XAMPP/xamppfiles/htdocs/framework/web/CWebApplication.php(276): CWebApplication->createController('sendsmscode/')
#1 /Applications/XAMPP/xamppfiles/htdocs/framework/web/CWebApplication.php(141): CWebApplication->runController('sms/sendsmscode')
#2 /Applications/XAMPP/xamppfiles/htdocs/framework/base/CApplication.php(185): CWebApplication->processRequest()
#3 /Applications/XAMPP/xamppfiles/htdocs/platform/index.php(14): CApplication->run()
#4 {main}
REQUEST_URI=/sms/sendsmscode?_=1528288111374
HTTP_REFERER=http://localhost/register/register
---
2018/06/06 20:39:05 [error] [php] Undefined index: phone (/Applications/XAMPP/xamppfiles/htdocs/platform/protected/controllers/SmsController.php:16)
Stack trace:
#0 /Applications/XAMPP/xamppfiles/htdocs/platform/protected/components/CommonController.php(420): SmsController->runAction()
#1 /Applications/XAMPP/xamppfiles/htdocs/framework/web/CController.php(286): SmsController->runAction()
#2 /Applications/XAMPP/xamppfiles/htdocs/framework/web/CController.php(265): SmsController->runActionWithFilters()
#3 /Applications/XAMPP/xamppfiles/htdocs/framework/web/CWebApplication.php(282): SmsController->run()
#4 /Applications/XAMPP/xamppfiles/htdocs/framework/web/CWebApplication.php(141): CWebApplication->runController()
#5 /Applications/XAMPP/xamppfiles/htdocs/framework/base/CApplication.php(185): CWebApplication->processRequest()
#6 /Applications/XAMPP/xamppfiles/htdocs/platform/index.php(14): CWebApplication->run()
REQUEST_URI=/sms/sendsmscode
2018/06/06 20:40:22 [error] [system_error] heyshy send sms to 86 15201358840 message %E6%82%A8%E7%9A%84%E9%AA%8C%E8%AF%81%E7%A0%81%E7%9F%AD%E4%BF%A1%E6%98%AF44r343%EF%BC%8C10%E5%88%86%E9%92%9F%E5%86%85%E6%9C%89%E6%95%88%E3%80%82 fail 
2018/06/06 22:23:31 [error] [exception.CHttpException.404] CHttpException: 无法解析请求 "favicon.ico"。 in /Applications/XAMPP/xamppfiles/htdocs/framework/web/CWebApplication.php:286
Stack trace:
#0 /Applications/XAMPP/xamppfiles/htdocs/framework/web/CWebApplication.php(141): CWebApplication->runController('favicon.ico')
#1 /Applications/XAMPP/xamppfiles/htdocs/framework/base/CApplication.php(185): CWebApplication->processRequest()
#2 /Applications/XAMPP/xamppfiles/htdocs/platform/index.php(14): CApplication->run()
#3 {main}
REQUEST_URI=/favicon.ico
HTTP_REFERER=http://localhost/register/register
---
2018/06/06 22:29:05 [error] [system_error] heyshy send sms to 86 15201358840 message %E6%82%A8%E7%9A%84%E9%AA%8C%E8%AF%81%E7%A0%81%E7%9F%AD%E4%BF%A1%E6%98%AF44r343%EF%BC%8C10%E5%88%86%E9%92%9F%E5%86%85%E6%9C%89%E6%95%88%E3%80%82 fail 
2018/06/06 22:32:46 [error] [system_error] heyshy send sms to 86 15201358840 message %E6%82%A8%E7%9A%84%E9%AA%8C%E8%AF%81%E7%A0%81%E7%9F%AD%E4%BF%A1%E6%98%AF44r343%EF%BC%8C10%E5%88%86%E9%92%9F%E5%86%85%E6%9C%89%E6%95%88%E3%80%82 fail 
2018/06/06 22:33:32 [error] [system_error] heyshy send sms to 86 15201358840 message %E6%82%A8%E7%9A%84%E9%AA%8C%E8%AF%81%E7%A0%81%E7%9F%AD%E4%BF%A1%E6%98%AF44r343%EF%BC%8C10%E5%88%86%E9%92%9F%E5%86%85%E6%9C%89%E6%95%88%E3%80%82 fail 
2018/06/06 22:34:36 [error] [system_error] heyshy send sms to 86 15201358840 message %E6%82%A8%E7%9A%84%E9%AA%8C%E8%AF%81%E7%A0%81%E7%9F%AD%E4%BF%A1%E6%98%AF44r343%EF%BC%8C10%E5%88%86%E9%92%9F%E5%86%85%E6%9C%89%E6%95%88%E3%80%82 fail 
2018/06/06 22:35:49 [error] [system_error] heyshy send sms to 86 15201358840 message %E6%82%A8%E7%9A%84%E9%AA%8C%E8%AF%81%E7%A0%81%E7%9F%AD%E4%BF%A1%E6%98%AF44r343%EF%BC%8C10%E5%88%86%E9%92%9F%E5%86%85%E6%9C%89%E6%95%88%E3%80%82 fail 
2018/06/06 22:38:39 [error] [exception.ParseError] ParseError: syntax error, unexpected '++' (T_INC) in /Applications/XAMPP/xamppfiles/htdocs/platform/protected/components/service/HeySkyApi.php:53
Stack trace:
#0 [internal function]: YiiBase::autoload('HeySkyApi')
#1 /Applications/XAMPP/xamppfiles/htdocs/platform/protected/controllers/SmsController.php(17): spl_autoload_call('HeySkyApi')
#2 /Applications/XAMPP/xamppfiles/htdocs/framework/web/actions/CInlineAction.php(49): SmsController->actionSendSmsCode()
#3 /Applications/XAMPP/xamppfiles/htdocs/framework/web/CController.php(308): CInlineAction->runWithParams(Array)
#4 /Applications/XAMPP/xamppfiles/htdocs/platform/protected/components/CommonController.php(420): CController->runAction(Object(CInlineAction))
#5 /Applications/XAMPP/xamppfiles/htdocs/framework/web/CController.php(286): CommonController->runAction(Object(CInlineAction))
#6 /Applications/XAMPP/xamppfiles/htdocs/framework/web/CController.php(265): CController->runActionWithFilters(Object(CInlineAction), Array)
#7 /Applications/XAMPP/xamppfiles/htdocs/framework/web/CWebApplication.php(282): CController->run('sendsmscode')
#8 /Applications/XAMPP/xamppfiles/htdocs/framework/web/CWebApplication.php(141): CWebApplication->runController('sms/sendsmscode')
#9 /Applications/XAMPP/xamppfiles/htdocs/framework/base/CApplication.php(185): CWebApplication->processRequest()
#10 /Applications/XAMPP/xamppfiles/htdocs/platform/index.php(14): CApplication->run()
#11 {main}
REQUEST_URI=/sms/sendsmscode
HTTP_REFERER=http://localhost/register/register
---
2018/06/06 22:38:53 [error] [system_error] heyshy send sms to 86 15201358840 message %E6%82%A8%E7%9A%84%E9%AA%8C%E8%AF%81%E7%A0%81%E7%9F%AD%E4%BF%A1%E6%98%AF44r343%EF%BC%8C10%E5%88%86%E9%92%9F%E5%86%85%E6%9C%89%E6%95%88%E3%80%82 fail 
2018/06/06 22:39:15 [error] [system_error] heyshy send sms to 86 15201358840 message %E6%82%A8%E7%9A%84%E9%AA%8C%E8%AF%81%E7%A0%81%E7%9F%AD%E4%BF%A1%E6%98%AF44r343%EF%BC%8C10%E5%88%86%E9%92%9F%E5%86%85%E6%9C%89%E6%95%88%E3%80%82 fail 
2018/06/06 22:39:33 [error] [system_error] heyshy send sms to 86 15201358840 message %E6%82%A8%E7%9A%84%E9%AA%8C%E8%AF%81%E7%A0%81%E7%9F%AD%E4%BF%A1%E6%98%AF44r343%EF%BC%8C10%E5%88%86%E9%92%9F%E5%86%85%E6%9C%89%E6%95%88%E3%80%82 fail 
2018/06/06 22:39:58 [error] [system_error] heyshy send sms to 86 15201358840 message %E6%82%A8%E7%9A%84%E9%AA%8C%E8%AF%81%E7%A0%81%E7%9F%AD%E4%BF%A1%E6%98%AF44r343%EF%BC%8C10%E5%88%86%E9%92%9F%E5%86%85%E6%9C%89%E6%95%88%E3%80%82 fail 
2018/06/06 22:40:59 [error] [exception.ParseError] ParseError: syntax error, unexpected 'try' (T_TRY) in /Applications/XAMPP/xamppfiles/htdocs/platform/protected/components/service/HeySkyApi.php:35
Stack trace:
#0 [internal function]: YiiBase::autoload('HeySkyApi')
#1 /Applications/XAMPP/xamppfiles/htdocs/platform/protected/controllers/SmsController.php(17): spl_autoload_call('HeySkyApi')
#2 /Applications/XAMPP/xamppfiles/htdocs/framework/web/actions/CInlineAction.php(49): SmsController->actionSendSmsCode()
#3 /Applications/XAMPP/xamppfiles/htdocs/framework/web/CController.php(308): CInlineAction->runWithParams(Array)
#4 /Applications/XAMPP/xamppfiles/htdocs/platform/protected/components/CommonController.php(420): CController->runAction(Object(CInlineAction))
#5 /Applications/XAMPP/xamppfiles/htdocs/framework/web/CController.php(286): CommonController->runAction(Object(CInlineAction))
#6 /Applications/XAMPP/xamppfiles/htdocs/framework/web/CController.php(265): CController->runActionWithFilters(Object(CInlineAction), Array)
#7 /Applications/XAMPP/xamppfiles/htdocs/framework/web/CWebApplication.php(282): CController->run('sendsmscode')
#8 /Applications/XAMPP/xamppfiles/htdocs/framework/web/CWebApplication.php(141): CWebApplication->runController('sms/sendsmscode')
#9 /Applications/XAMPP/xamppfiles/htdocs/framework/base/CApplication.php(185): CWebApplication->processRequest()
#10 /Applications/XAMPP/xamppfiles/htdocs/platform/index.php(14): CApplication->run()
#11 {main}
REQUEST_URI=/sms/sendsmscode
HTTP_REFERER=http://localhost/register/register
---
2018/06/06 22:41:46 [error] [system_error] heyshy send sms to 86 15201358840 message %E6%82%A8%E7%9A%84%E9%AA%8C%E8%AF%81%E7%A0%81%E7%9F%AD%E4%BF%A1%E6%98%AF44r343%EF%BC%8C10%E5%88%86%E9%92%9F%E5%86%85%E6%9C%89%E6%95%88%E3%80%82 fail 
2018/06/06 22:47:45 [error] [system_error] heyshy send sms to 8615201358840 message %E6%82%A8%E7%9A%84%E9%AA%8C%E8%AF%81%E7%A0%81%E7%9F%AD%E4%BF%A1%E6%98%AF44r343%EF%BC%8C10%E5%88%86%E9%92%9F%E5%86%85%E6%9C%89%E6%95%88%E3%80%82 fail command=MT_RESPONSE&cpid=f79m7g&mtstat=REJECTD&mterrcode=0112
2018/06/06 22:48:18 [error] [system_error] heyshy send sms to 8615201358840 message %E6%82%A8%E7%9A%84%E9%AA%8C%E8%AF%81%E7%A0%81%E7%9F%AD%E4%BF%A1%E6%98%AF44r343%EF%BC%8C10%E5%88%86%E9%92%9F%E5%86%85%E6%9C%89%E6%95%88%E3%80%82 fail command=MT_RESPONSE&cpid=f79m7g&mtstat=REJECTD&mterrcode=0112
2018/06/06 22:49:21 [error] [system_error] heyshy send sms to 8615201358840 message 您的验证码短信是44r343，10分钟内有效。 fail command=MT_RESPONSE&cpid=f79m7g&mtstat=REJECTD&mterrcode=0112
2018/06/06 23:01:49 [error] [system_error] heyshy send sms to 8615201358840 message 您的验证码短信是44r343，10分钟内有效。 fail command=MT_RESPONSE&cpid=Test101&cppwd=000&mtmsgid=21426847850888196661&mtstat=ACCEPTD&mterrcode=000
2018/06/06 23:02:27 [error] [system_error] heyshy send sms to 8615201358840 message 您的验证码短信是44r343，10分钟内有效。 fail command=MT_RESPONSE&cpid=Test101&cppwd=000&mtmsgid=21426847850888196661&mtstat=ACCEPTD&mterrcode=000
2018/06/06 23:27:35 [error] [exception.ParseError] ParseError: syntax error, unexpected ';', expecting ',' or ')' in /Applications/XAMPP/xamppfiles/htdocs/platform/protected/controllers/SmsController.php:33
Stack trace:
#0 /Applications/XAMPP/xamppfiles/htdocs/framework/web/CWebApplication.php(276): CWebApplication->createController('sendsmscode/')
#1 /Applications/XAMPP/xamppfiles/htdocs/framework/web/CWebApplication.php(141): CWebApplication->runController('sms/sendsmscode')
#2 /Applications/XAMPP/xamppfiles/htdocs/framework/base/CApplication.php(185): CWebApplication->processRequest()
#3 /Applications/XAMPP/xamppfiles/htdocs/platform/index.php(14): CApplication->run()
#4 {main}
REQUEST_URI=/sms/sendsmscode
HTTP_REFERER=http://localhost/register/register
---
2018/06/06 23:27:59 [error] [system_error] heyshy send sms to 8615201358840 message 您的验证码短信是44r343，10分钟内有效。 fail command=MT_RESPONSE&cpid=Test101&cppwd=000&mtmsgid=21426847850888196661&mtstat=ACCEPTD&mterrcode=000
2018/06/06 23:29:08 [error] [exception.Error] Error: Class 'SmsLogModel' not found in /Applications/XAMPP/xamppfiles/htdocs/platform/protected/controllers/SmsController.php:24
Stack trace:
#0 /Applications/XAMPP/xamppfiles/htdocs/framework/web/actions/CInlineAction.php(49): SmsController->actionSendSmsCode()
#1 /Applications/XAMPP/xamppfiles/htdocs/framework/web/CController.php(308): CInlineAction->runWithParams(Array)
#2 /Applications/XAMPP/xamppfiles/htdocs/platform/protected/components/CommonController.php(420): CController->runAction(Object(CInlineAction))
#3 /Applications/XAMPP/xamppfiles/htdocs/framework/web/CController.php(286): CommonController->runAction(Object(CInlineAction))
#4 /Applications/XAMPP/xamppfiles/htdocs/framework/web/CController.php(265): CController->runActionWithFilters(Object(CInlineAction), Array)
#5 /Applications/XAMPP/xamppfiles/htdocs/framework/web/CWebApplication.php(282): CController->run('sendsmscode')
#6 /Applications/XAMPP/xamppfiles/htdocs/framework/web/CWebApplication.php(141): CWebApplication->runController('sms/sendsmscode')
#7 /Applications/XAMPP/xamppfiles/htdocs/framework/base/CApplication.php(185): CWebApplication->processRequest()
#8 /Applications/XAMPP/xamppfiles/htdocs/platform/index.php(14): CApplication->run()
#9 {main}
REQUEST_URI=/sms/sendsmscode
HTTP_REFERER=http://localhost/register/register
---
2018/06/06 23:30:11 [error] [php] Undefined variable: action (/Applications/XAMPP/xamppfiles/htdocs/platform/protected/controllers/SmsController.php:25)
Stack trace:
#0 /Applications/XAMPP/xamppfiles/htdocs/platform/protected/components/CommonController.php(420): SmsController->runAction()
#1 /Applications/XAMPP/xamppfiles/htdocs/framework/web/CController.php(286): SmsController->runAction()
#2 /Applications/XAMPP/xamppfiles/htdocs/framework/web/CController.php(265): SmsController->runActionWithFilters()
#3 /Applications/XAMPP/xamppfiles/htdocs/framework/web/CWebApplication.php(282): SmsController->run()
#4 /Applications/XAMPP/xamppfiles/htdocs/framework/web/CWebApplication.php(141): CWebApplication->runController()
#5 /Applications/XAMPP/xamppfiles/htdocs/framework/base/CApplication.php(185): CWebApplication->processRequest()
#6 /Applications/XAMPP/xamppfiles/htdocs/platform/index.php(14): CWebApplication->run()
REQUEST_URI=/sms/sendsmscode
