2018/05/30 08:12:09 [error] [exception.CHttpException.404] CHttpException: 无法解析请求 "logddin/login"。 in /Applications/XAMPP/xamppfiles/htdocs/framework/web/CWebApplication.php:286
Stack trace:
#0 /Applications/XAMPP/xamppfiles/htdocs/framework/web/CWebApplication.php(141): CWebApplication->runController('logddin/login')
#1 /Applications/XAMPP/xamppfiles/htdocs/framework/base/CApplication.php(185): CWebApplication->processRequest()
#2 /Applications/XAMPP/xamppfiles/htdocs/platform/index.php(14): CApplication->run()
#3 {main}
REQUEST_URI=/logddin/login?lang=en_us
---
2018/05/30 08:50:10 [error] [exception.ParseError] ParseError: syntax error, unexpected '<', expecting end of file in /Applications/XAMPP/xamppfiles/htdocs/platform/protected/views/register/register.php:3
Stack trace:
#0 /Applications/XAMPP/xamppfiles/htdocs/framework/web/CBaseController.php(95): CBaseController->renderInternal('/Applications/X...', NULL, true)
#1 /Applications/XAMPP/xamppfiles/htdocs/framework/web/CController.php(872): CBaseController->renderFile('/Applications/X...', NULL, true)
#2 /Applications/XAMPP/xamppfiles/htdocs/framework/web/CController.php(785): CController->renderPartial('register', NULL, true)
#3 /Applications/XAMPP/xamppfiles/htdocs/platform/protected/controllers/RegisterController.php(6): CController->render('register')
#4 /Applications/XAMPP/xamppfiles/htdocs/framework/web/actions/CInlineAction.php(49): RegisterController->actionRegister()
#5 /Applications/XAMPP/xamppfiles/htdocs/framework/web/CController.php(308): CInlineAction->runWithParams(Array)
#6 /Applications/XAMPP/xamppfiles/htdocs/platform/protected/components/CommonController.php(374): CController->runAction(Object(CInlineAction))
#7 /Applications/XAMPP/xamppfiles/htdocs/framework/web/CController.php(286): CommonController->runAction(Object(CInlineAction))
#8 /Applications/XAMPP/xamppfiles/htdocs/framework/web/CController.php(265): CController->runActionWithFilters(Object(CInlineAction), Array)
#9 /Applications/XAMPP/xamppfiles/htdocs/framework/web/CWebApplication.php(282): CController->run('register')
#10 /Applications/XAMPP/xamppfiles/htdocs/framework/web/CWebApplication.php(141): CWebApplication->runController('register/regist...')
#11 /Applications/XAMPP/xamppfiles/htdocs/framework/base/CApplication.php(185): CWebApplication->processRequest()
#12 /Applications/XAMPP/xamppfiles/htdocs/platform/index.php(14): CApplication->run()
#13 {main}
REQUEST_URI=/register/register?lang=en_us
---
2018/05/30 08:50:29 [error] [exception.ParseError] ParseError: syntax error, unexpected '<', expecting end of file in /Applications/XAMPP/xamppfiles/htdocs/platform/protected/views/register/register.php:3
Stack trace:
#0 /Applications/XAMPP/xamppfiles/htdocs/framework/web/CBaseController.php(95): CBaseController->renderInternal('/Applications/X...', NULL, true)
#1 /Applications/XAMPP/xamppfiles/htdocs/framework/web/CController.php(872): CBaseController->renderFile('/Applications/X...', NULL, true)
#2 /Applications/XAMPP/xamppfiles/htdocs/framework/web/CController.php(785): CController->renderPartial('register', NULL, true)
#3 /Applications/XAMPP/xamppfiles/htdocs/platform/protected/controllers/RegisterController.php(6): CController->render('register')
#4 /Applications/XAMPP/xamppfiles/htdocs/framework/web/actions/CInlineAction.php(49): RegisterController->actionRegister()
#5 /Applications/XAMPP/xamppfiles/htdocs/framework/web/CController.php(308): CInlineAction->runWithParams(Array)
#6 /Applications/XAMPP/xamppfiles/htdocs/platform/protected/components/CommonController.php(374): CController->runAction(Object(CInlineAction))
#7 /Applications/XAMPP/xamppfiles/htdocs/framework/web/CController.php(286): CommonController->runAction(Object(CInlineAction))
#8 /Applications/XAMPP/xamppfiles/htdocs/framework/web/CController.php(265): CController->runActionWithFilters(Object(CInlineAction), Array)
#9 /Applications/XAMPP/xamppfiles/htdocs/framework/web/CWebApplication.php(282): CController->run('register')
#10 /Applications/XAMPP/xamppfiles/htdocs/framework/web/CWebApplication.php(141): CWebApplication->runController('register/regist...')
#11 /Applications/XAMPP/xamppfiles/htdocs/framework/base/CApplication.php(185): CWebApplication->processRequest()
#12 /Applications/XAMPP/xamppfiles/htdocs/platform/index.php(14): CApplication->run()
#13 {main}
REQUEST_URI=/register/register?lang=en_us
---
2018/05/30 09:58:05 [error] [php] imagefttext(): Could not read font (/Applications/XAMPP/xamppfiles/htdocs/platform/protected/controllers/RegisterController.php:75)
Stack trace:
#0 /Applications/XAMPP/xamppfiles/htdocs/framework/web/actions/CInlineAction.php(49): RegisterController->actionCode()
#1 /Applications/XAMPP/xamppfiles/htdocs/framework/web/CController.php(308): CInlineAction->runWithParams()
#2 /Applications/XAMPP/xamppfiles/htdocs/platform/protected/components/CommonController.php(374): RegisterController->runAction()
#3 /Applications/XAMPP/xamppfiles/htdocs/framework/web/CController.php(286): RegisterController->runAction()
#4 /Applications/XAMPP/xamppfiles/htdocs/framework/web/CController.php(265): RegisterController->runActionWithFilters()
#5 /Applications/XAMPP/xamppfiles/htdocs/framework/web/CWebApplication.php(282): RegisterController->run()
#6 /Applications/XAMPP/xamppfiles/htdocs/framework/web/CWebApplication.php(141): CWebApplication->runController()
#7 /Applications/XAMPP/xamppfiles/htdocs/framework/base/CApplication.php(185): CWebApplication->processRequest()
#8 /Applications/XAMPP/xamppfiles/htdocs/platform/index.php(14): CWebApplication->run()
REQUEST_URI=/register/code
2018/05/30 10:24:46 [error] [php] Undefined index: code (/Applications/XAMPP/xamppfiles/htdocs/platform/protected/controllers/RegisterController.php:11)
Stack trace:
#0 /Applications/XAMPP/xamppfiles/htdocs/platform/protected/components/CommonController.php(374): RegisterController->runAction()
#1 /Applications/XAMPP/xamppfiles/htdocs/framework/web/CController.php(286): RegisterController->runAction()
#2 /Applications/XAMPP/xamppfiles/htdocs/framework/web/CController.php(265): RegisterController->runActionWithFilters()
#3 /Applications/XAMPP/xamppfiles/htdocs/framework/web/CWebApplication.php(282): RegisterController->run()
#4 /Applications/XAMPP/xamppfiles/htdocs/framework/web/CWebApplication.php(141): CWebApplication->runController()
#5 /Applications/XAMPP/xamppfiles/htdocs/framework/base/CApplication.php(185): CWebApplication->processRequest()
#6 /Applications/XAMPP/xamppfiles/htdocs/platform/index.php(14): CWebApplication->run()
REQUEST_URI=/register/doregister
2018/05/30 10:43:34 [error] [exception.CHttpException.404] CHttpException: 系统无法找到请求的 "doregister" 动作. in /Applications/XAMPP/xamppfiles/htdocs/framework/web/CController.php:486
Stack trace:
#0 /Applications/XAMPP/xamppfiles/htdocs/framework/web/CController.php(270): CController->missingAction('doregister')
#1 /Applications/XAMPP/xamppfiles/htdocs/framework/web/CWebApplication.php(282): CController->run('doregister')
#2 /Applications/XAMPP/xamppfiles/htdocs/framework/web/CWebApplication.php(141): CWebApplication->runController('login/doregiste...')
#3 /Applications/XAMPP/xamppfiles/htdocs/framework/base/CApplication.php(185): CWebApplication->processRequest()
#4 /Applications/XAMPP/xamppfiles/htdocs/platform/index.php(14): CApplication->run()
#5 {main}
REQUEST_URI=/login/doregister
HTTP_REFERER=http://localhost/register/register?lang=zh_cn
---
2018/05/30 10:43:44 [error] [exception.CHttpException.404] CHttpException: 系统无法找到请求的 "doregister" 动作. in /Applications/XAMPP/xamppfiles/htdocs/framework/web/CController.php:486
Stack trace:
#0 /Applications/XAMPP/xamppfiles/htdocs/framework/web/CController.php(270): CController->missingAction('doregister')
#1 /Applications/XAMPP/xamppfiles/htdocs/framework/web/CWebApplication.php(282): CController->run('doregister')
#2 /Applications/XAMPP/xamppfiles/htdocs/framework/web/CWebApplication.php(141): CWebApplication->runController('login/doregiste...')
#3 /Applications/XAMPP/xamppfiles/htdocs/framework/base/CApplication.php(185): CWebApplication->processRequest()
#4 /Applications/XAMPP/xamppfiles/htdocs/platform/index.php(14): CApplication->run()
#5 {main}
REQUEST_URI=/login/doregister
HTTP_REFERER=http://localhost/register/register?lang=zh_cn
---
2018/05/30 11:37:04 [error] [exception.CHttpException.404] CHttpException: The system is unable to find the requested action "test". in /Applications/XAMPP/xamppfiles/htdocs/framework/web/CController.php:486
Stack trace:
#0 /Applications/XAMPP/xamppfiles/htdocs/framework/web/CController.php(270): CController->missingAction('test')
#1 /Applications/XAMPP/xamppfiles/htdocs/framework/web/CWebApplication.php(282): CController->run('test')
#2 /Applications/XAMPP/xamppfiles/htdocs/framework/web/CWebApplication.php(141): CWebApplication->runController('register/test')
#3 /Applications/XAMPP/xamppfiles/htdocs/framework/base/CApplication.php(185): CWebApplication->processRequest()
#4 /Applications/XAMPP/xamppfiles/htdocs/platform/index.php(14): CApplication->run()
#5 {main}
REQUEST_URI=/register/test
---
2018/05/30 11:37:23 [error] [php] preg_match(): Delimiter must not be alphanumeric or backslash (/Applications/XAMPP/xamppfiles/htdocs/platform/protected/components/CommonController.php:60)
Stack trace:
#0 /Applications/XAMPP/xamppfiles/htdocs/framework/web/actions/CInlineAction.php(49): RegisterController->actionTest()
#1 /Applications/XAMPP/xamppfiles/htdocs/framework/web/CController.php(308): CInlineAction->runWithParams()
#2 /Applications/XAMPP/xamppfiles/htdocs/platform/protected/components/CommonController.php(385): RegisterController->runAction()
#3 /Applications/XAMPP/xamppfiles/htdocs/framework/web/CController.php(286): RegisterController->runAction()
#4 /Applications/XAMPP/xamppfiles/htdocs/framework/web/CController.php(265): RegisterController->runActionWithFilters()
#5 /Applications/XAMPP/xamppfiles/htdocs/framework/web/CWebApplication.php(282): RegisterController->run()
#6 /Applications/XAMPP/xamppfiles/htdocs/framework/web/CWebApplication.php(141): CWebApplication->runController()
#7 /Applications/XAMPP/xamppfiles/htdocs/framework/base/CApplication.php(185): CWebApplication->processRequest()
#8 /Applications/XAMPP/xamppfiles/htdocs/platform/index.php(14): CWebApplication->run()
REQUEST_URI=/register/test
2018/05/30 11:37:25 [error] [php] preg_match(): Delimiter must not be alphanumeric or backslash (/Applications/XAMPP/xamppfiles/htdocs/platform/protected/components/CommonController.php:60)
Stack trace:
#0 /Applications/XAMPP/xamppfiles/htdocs/framework/web/actions/CInlineAction.php(49): RegisterController->actionTest()
#1 /Applications/XAMPP/xamppfiles/htdocs/framework/web/CController.php(308): CInlineAction->runWithParams()
#2 /Applications/XAMPP/xamppfiles/htdocs/platform/protected/components/CommonController.php(385): RegisterController->runAction()
#3 /Applications/XAMPP/xamppfiles/htdocs/framework/web/CController.php(286): RegisterController->runAction()
#4 /Applications/XAMPP/xamppfiles/htdocs/framework/web/CController.php(265): RegisterController->runActionWithFilters()
#5 /Applications/XAMPP/xamppfiles/htdocs/framework/web/CWebApplication.php(282): RegisterController->run()
#6 /Applications/XAMPP/xamppfiles/htdocs/framework/web/CWebApplication.php(141): CWebApplication->runController()
#7 /Applications/XAMPP/xamppfiles/htdocs/framework/base/CApplication.php(185): CWebApplication->processRequest()
#8 /Applications/XAMPP/xamppfiles/htdocs/platform/index.php(14): CWebApplication->run()
REQUEST_URI=/register/test
2018/05/30 11:37:27 [error] [php] preg_match(): Delimiter must not be alphanumeric or backslash (/Applications/XAMPP/xamppfiles/htdocs/platform/protected/components/CommonController.php:60)
Stack trace:
#0 /Applications/XAMPP/xamppfiles/htdocs/framework/web/actions/CInlineAction.php(49): RegisterController->actionTest()
#1 /Applications/XAMPP/xamppfiles/htdocs/framework/web/CController.php(308): CInlineAction->runWithParams()
#2 /Applications/XAMPP/xamppfiles/htdocs/platform/protected/components/CommonController.php(385): RegisterController->runAction()
#3 /Applications/XAMPP/xamppfiles/htdocs/framework/web/CController.php(286): RegisterController->runAction()
#4 /Applications/XAMPP/xamppfiles/htdocs/framework/web/CController.php(265): RegisterController->runActionWithFilters()
#5 /Applications/XAMPP/xamppfiles/htdocs/framework/web/CWebApplication.php(282): RegisterController->run()
#6 /Applications/XAMPP/xamppfiles/htdocs/framework/web/CWebApplication.php(141): CWebApplication->runController()
#7 /Applications/XAMPP/xamppfiles/htdocs/framework/base/CApplication.php(185): CWebApplication->processRequest()
#8 /Applications/XAMPP/xamppfiles/htdocs/platform/index.php(14): CWebApplication->run()
REQUEST_URI=/register/test
2018/05/30 11:37:40 [error] [php] preg_match(): Delimiter must not be alphanumeric or backslash (/Applications/XAMPP/xamppfiles/htdocs/platform/protected/components/CommonController.php:60)
Stack trace:
#0 /Applications/XAMPP/xamppfiles/htdocs/framework/web/actions/CInlineAction.php(49): RegisterController->actionTest()
#1 /Applications/XAMPP/xamppfiles/htdocs/framework/web/CController.php(308): CInlineAction->runWithParams()
#2 /Applications/XAMPP/xamppfiles/htdocs/platform/protected/components/CommonController.php(385): RegisterController->runAction()
#3 /Applications/XAMPP/xamppfiles/htdocs/framework/web/CController.php(286): RegisterController->runAction()
#4 /Applications/XAMPP/xamppfiles/htdocs/framework/web/CController.php(265): RegisterController->runActionWithFilters()
#5 /Applications/XAMPP/xamppfiles/htdocs/framework/web/CWebApplication.php(282): RegisterController->run()
#6 /Applications/XAMPP/xamppfiles/htdocs/framework/web/CWebApplication.php(141): CWebApplication->runController()
#7 /Applications/XAMPP/xamppfiles/htdocs/framework/base/CApplication.php(185): CWebApplication->processRequest()
#8 /Applications/XAMPP/xamppfiles/htdocs/platform/index.php(14): CWebApplication->run()
REQUEST_URI=/register/test
2018/05/30 11:37:42 [error] [php] preg_match(): Delimiter must not be alphanumeric or backslash (/Applications/XAMPP/xamppfiles/htdocs/platform/protected/components/CommonController.php:60)
Stack trace:
#0 /Applications/XAMPP/xamppfiles/htdocs/framework/web/actions/CInlineAction.php(49): RegisterController->actionTest()
#1 /Applications/XAMPP/xamppfiles/htdocs/framework/web/CController.php(308): CInlineAction->runWithParams()
#2 /Applications/XAMPP/xamppfiles/htdocs/platform/protected/components/CommonController.php(385): RegisterController->runAction()
#3 /Applications/XAMPP/xamppfiles/htdocs/framework/web/CController.php(286): RegisterController->runAction()
#4 /Applications/XAMPP/xamppfiles/htdocs/framework/web/CController.php(265): RegisterController->runActionWithFilters()
#5 /Applications/XAMPP/xamppfiles/htdocs/framework/web/CWebApplication.php(282): RegisterController->run()
#6 /Applications/XAMPP/xamppfiles/htdocs/framework/web/CWebApplication.php(141): CWebApplication->runController()
#7 /Applications/XAMPP/xamppfiles/htdocs/framework/base/CApplication.php(185): CWebApplication->processRequest()
#8 /Applications/XAMPP/xamppfiles/htdocs/platform/index.php(14): CWebApplication->run()
REQUEST_URI=/register/test
2018/05/30 14:28:28 [error] [exception.CException] CException: 属性 "UserModel.trade_password" 未被定义. in /Applications/XAMPP/xamppfiles/htdocs/framework/base/CComponent.php:130
Stack trace:
#0 /Applications/XAMPP/xamppfiles/htdocs/framework/db/ar/CActiveRecord.php(145): CComponent->__get('trade_password')
#1 /Applications/XAMPP/xamppfiles/htdocs/framework/base/CModel.php(596): CActiveRecord->__get('trade_password')
#2 /Applications/XAMPP/xamppfiles/htdocs/platform/protected/controllers/UserController.php(25): CModel->offsetGet('trade_password')
#3 /Applications/XAMPP/xamppfiles/htdocs/framework/web/actions/CInlineAction.php(49): UserController->actionDoTradePass()
#4 /Applications/XAMPP/xamppfiles/htdocs/framework/web/CController.php(308): CInlineAction->runWithParams(Array)
#5 /Applications/XAMPP/xamppfiles/htdocs/platform/protected/components/CommonController.php(389): CController->runAction(Object(CInlineAction))
#6 /Applications/XAMPP/xamppfiles/htdocs/framework/web/CController.php(286): CommonController->runAction(Object(CInlineAction))
#7 /Applications/XAMPP/xamppfiles/htdocs/framework/web/CController.php(265): CController->runActionWithFilters(Object(CInlineAction), Array)
#8 /Applications/XAMPP/xamppfiles/htdocs/framework/web/CWebApplication.php(282): CController->run('dotradepass')
#9 /Applications/XAMPP/xamppfiles/htdocs/framework/web/CWebApplication.php(141): CWebApplication->runController('user/dotradepas...')
#10 /Applications/XAMPP/xamppfiles/htdocs/framework/base/CApplication.php(185): CWebApplication->processRequest()
#11 /Applications/XAMPP/xamppfiles/htdocs/platform/index.php(14): CApplication->run()
#12 {main}
REQUEST_URI=/user/dotradepass
HTTP_REFERER=http://localhost/user/uptpass?lang=zh_cn
---
